#
# There is insufficient memory for the Java Runtime Environment to continue.
# Native memory allocation (malloc) failed to allocate 1312496 bytes for Chunk::new
# Possible reasons:
#   The system is out of physical RAM or swap space
#   In 32 bit mode, the process size limit was hit
# Possible solutions:
#   Reduce memory load on the system
#   Increase physical memory or swap space
#   Check if swap backing store is full
#   Use 64 bit Java on a 64 bit OS
#   Decrease Java heap size (-Xmx/-Xms)
#   Decrease number of Java threads
#   Decrease Java thread stack sizes (-Xss)
#   Set larger code cache with -XX:ReservedCodeCacheSize=
# This output file may be truncated or incomplete.
#
#  Out of Memory Error (allocation.cpp:390), pid=11232, tid=0x0000000000001248
#
# JRE version: OpenJDK Runtime Environment (8.0_112-b06) (build 1.8.0_112-release-b06)
# Java VM: OpenJDK 64-Bit Server VM (25.112-b06 mixed mode windows-amd64 compressed oops)
# Failed to write core dump. Minidumps are not enabled by default on client versions of Windows
#

---------------  T H R E A D  ---------------

Current thread (0x0000000007090800):  JavaThread "C2 CompilerThread0" daemon [_thread_in_native, id=4680, stack(0x00000000089d0000,0x0000000008ad0000)]

Stack: [0x00000000089d0000,0x0000000008ad0000]
[error occurred during error reporting (printing stack bounds), id 0xc0000005]

Native frames: (J=compiled Java code, j=interpreted, Vv=VM code, C=native code)


Current CompileTask:
C2:   4350 1667       4       java.net.URLClassLoader$1::run (5 bytes)


---------------  P R O C E S S  ---------------

Java Threads: ( => current thread )
  0x000000000abf1800 JavaThread "File lock request listener" [_thread_in_native, id=4020, stack(0x000000000c550000,0x000000000c650000)]
  0x0000000009aff800 JavaThread "Stdin handler" [_thread_blocked, id=3012, stack(0x000000000c250000,0x000000000c350000)]
  0x00000000099d4000 JavaThread "Asynchronous log dispatcher for DefaultDaemonConnection: socket connection from /127.0.0.1:5631 to /127.0.0.1:5633" [_thread_blocked, id=3820, stack(0x000000000c150000,0x000000000c250000)]
  0x00000000099d1800 JavaThread "Daemon worker" [_thread_blocked, id=6376, stack(0x000000000c050000,0x000000000c150000)]
  0x0000000009b17000 JavaThread "Cancel handler" [_thread_blocked, id=9536, stack(0x000000000bf50000,0x000000000c050000)]
  0x0000000009ac2800 JavaThread "pool-1-thread-1" [_thread_blocked, id=3224, stack(0x000000000be50000,0x000000000bf50000)]
  0x0000000009f14000 JavaThread "Handler for socket connection from /127.0.0.1:5631 to /127.0.0.1:5633" [_thread_in_native, id=11464, stack(0x000000000bd50000,0x000000000be50000)]
  0x0000000009a9d800 JavaThread "Daemon" [_thread_blocked, id=3460, stack(0x000000000bc50000,0x000000000bd50000)]
  0x0000000009d32800 JavaThread "Incoming local TCP Connector on port 5631" [_thread_in_native, id=3088, stack(0x000000000a6a0000,0x000000000a7a0000)]
  0x0000000008449000 JavaThread "Service Thread" daemon [_thread_blocked, id=3428, stack(0x0000000008cd0000,0x0000000008dd0000)]
  0x00000000070dc800 JavaThread "C1 CompilerThread2" daemon [_thread_blocked, id=8184, stack(0x0000000008bd0000,0x0000000008cd0000)]
  0x00000000070d9000 JavaThread "C2 CompilerThread1" daemon [_thread_blocked, id=12040, stack(0x0000000008ad0000,0x0000000008bd0000)]
=>0x0000000007090800 JavaThread "C2 CompilerThread0" daemon [_thread_in_native, id=4680, stack(0x00000000089d0000,0x0000000008ad0000)]
  0x00000000070d7800 JavaThread "Attach Listener" daemon [_thread_blocked, id=6040, stack(0x00000000088d0000,0x00000000089d0000)]
  0x00000000083d8800 JavaThread "Signal Dispatcher" daemon [_thread_blocked, id=11284, stack(0x00000000087d0000,0x00000000088d0000)]
  0x0000000007068800 JavaThread "Finalizer" daemon [_thread_blocked, id=4420, stack(0x00000000082d0000,0x00000000083d0000)]
  0x0000000002700000 JavaThread "Reference Handler" daemon [_thread_blocked, id=7716, stack(0x00000000081d0000,0x00000000082d0000)]
  0x0000000002610800 JavaThread "main" [_thread_blocked, id=4184, stack(0x0000000002510000,0x0000000002610000)]

Other Threads:
  0x0000000007045800 VMThread [stack: 0x00000000080d0000,0x00000000081d0000] [id=1740]
  0x0000000008449800 WatcherThread [stack: 0x0000000008dd0000,0x0000000008ed0000] [id=11908]

VM state:at safepoint (normal execution)

VM Mutex/Monitor currently owned by a thread:  ([mutex/lock_event])
[0x00000000009fc600] Threads_lock - owner thread: 0x0000000007045800
[0x00000000009fbd00] Heap_lock - owner thread: 0x00000000099d1800

Heap:
 PSYoungGen      total 38400K, used 5112K [0x00000000e0000000, 0x00000000e4b00000, 0x0000000100000000)
  eden space 33280K, 0% used [0x00000000e0000000,0x00000000e0000000,0x00000000e2080000)
  from space 5120K, 99% used [0x00000000e2580000,0x00000000e2a7e030,0x00000000e2a80000)
  to   space 5120K, 0% used [0x00000000e2080000,0x00000000e2080000,0x00000000e2580000)
 ParOldGen       total 87552K, used 7746K [0x00000000a0000000, 0x00000000a5580000, 0x00000000e0000000)
  object space 87552K, 8% used [0x00000000a0000000,0x00000000a0790bf0,0x00000000a5580000)
 Metaspace       used 20701K, capacity 21142K, committed 21296K, reserved 1067008K
  class space    used 2795K, capacity 2916K, committed 2944K, reserved 1048576K

Card table byte_map: [0x0000000002ad0000,0x0000000002de0000] byte_map_base: 0x00000000025d0000

Marking Bits: (ParMarkBitMap*) 0x000000005d3918f0
 Begin Bits: [0x00000000033e0000, 0x0000000004be0000)
 End Bits:   [0x0000000004be0000, 0x00000000063e0000)

Polling page: 0x0000000000950000

CodeCache: size=245760Kb used=6049Kb max_used=6049Kb free=239710Kb
 bounds [0x000000000f010000, 0x000000000f600000, 0x000000001e010000]
 total_blobs=2192 nmethods=1784 adapters=321
 compilation: enabled

Compilation events (10 events):
Event: 4.325 Thread 0x00000000070dc800 1798       3       groovy.lang.MetaClassImpl::getPropName (72 bytes)
Event: 4.325 Thread 0x00000000070dc800 nmethod 1798 0x000000000f5f9f10 code [0x000000000f5fa100, 0x000000000f5fa9c8]
Event: 4.325 Thread 0x00000000070dc800 1799       3       groovy.lang.MetaClassImpl::createMetaBeanProperty (35 bytes)
Event: 4.326 Thread 0x00000000070dc800 nmethod 1799 0x000000000f5f9650 code [0x000000000f5f97e0, 0x000000000f5f9d28]
Event: 4.326 Thread 0x00000000070dc800 1797       1       groovy.lang.MetaBeanProperty::getSetter (5 bytes)
Event: 4.326 Thread 0x00000000070dc800 nmethod 1797 0x000000000f5edf50 code [0x000000000f5ee0a0, 0x000000000f5ee1b0]
Event: 4.326 Thread 0x00000000070dc800 1794       3       org.gradle.initialization.MixInLegacyTypesClassLoader::shouldTransform (42 bytes)
Event: 4.326 Thread 0x00000000070dc800 nmethod 1794 0x000000000f5ed210 code [0x000000000f5ed3a0, 0x000000000f5ed7f8]
Event: 4.326 Thread 0x00000000070dc800 1795       1       sun.reflect.generics.repository.AbstractRepository::getFactory (5 bytes)
Event: 4.326 Thread 0x00000000070dc800 nmethod 1795 0x000000000f5f08d0 code [0x000000000f5f0a20, 0x000000000f5f0b30]

GC Heap History (9 events):
Event: 1.301 GC heap before
{Heap before GC invocations=1 (full 0):
 PSYoungGen      total 38400K, used 33011K [0x00000000e0000000, 0x00000000e2a80000, 0x0000000100000000)
  eden space 33280K, 99% used [0x00000000e0000000,0x00000000e203cd28,0x00000000e2080000)
  from space 5120K, 0% used [0x00000000e2580000,0x00000000e2580000,0x00000000e2a80000)
  to   space 5120K, 0% used [0x00000000e2080000,0x00000000e2080000,0x00000000e2580000)
 ParOldGen       total 87552K, used 0K [0x00000000a0000000, 0x00000000a5580000, 0x00000000e0000000)
  object space 87552K, 0% used [0x00000000a0000000,0x00000000a0000000,0x00000000a5580000)
 Metaspace       used 6852K, capacity 7024K, committed 7040K, reserved 1056768K
  class space    used 836K, capacity 892K, committed 896K, reserved 1048576K
Event: 1.312 GC heap after
Heap after GC invocations=1 (full 0):
 PSYoungGen      total 38400K, used 4769K [0x00000000e0000000, 0x00000000e2a80000, 0x0000000100000000)
  eden space 33280K, 0% used [0x00000000e0000000,0x00000000e0000000,0x00000000e2080000)
  from space 5120K, 93% used [0x00000000e2080000,0x00000000e2528790,0x00000000e2580000)
  to   space 5120K, 0% used [0x00000000e2580000,0x00000000e2580000,0x00000000e2a80000)
 ParOldGen       total 87552K, used 8K [0x00000000a0000000, 0x00000000a5580000, 0x00000000e0000000)
  object space 87552K, 0% used [0x00000000a0000000,0x00000000a0002000,0x00000000a5580000)
 Metaspace       used 6852K, capacity 7024K, committed 7040K, reserved 1056768K
  class space    used 836K, capacity 892K, committed 896K, reserved 1048576K
}
Event: 2.651 GC heap before
{Heap before GC invocations=2 (full 0):
 PSYoungGen      total 38400K, used 38049K [0x00000000e0000000, 0x00000000e2a80000, 0x0000000100000000)
  eden space 33280K, 100% used [0x00000000e0000000,0x00000000e2080000,0x00000000e2080000)
  from space 5120K, 93% used [0x00000000e2080000,0x00000000e2528790,0x00000000e2580000)
  to   space 5120K, 0% used [0x00000000e2580000,0x00000000e2580000,0x00000000e2a80000)
 ParOldGen       total 87552K, used 8K [0x00000000a0000000, 0x00000000a5580000, 0x00000000e0000000)
  object space 87552K, 0% used [0x00000000a0000000,0x00000000a0002000,0x00000000a5580000)
 Metaspace       used 13089K, capacity 13486K, committed 13696K, reserved 1060864K
  class space    used 1720K, capacity 1842K, committed 1920K, reserved 1048576K
Event: 2.661 GC heap after
Heap after GC invocations=2 (full 0):
 PSYoungGen      total 38400K, used 5103K [0x00000000e0000000, 0x00000000e2a80000, 0x0000000100000000)
  eden space 33280K, 0% used [0x00000000e0000000,0x00000000e0000000,0x00000000e2080000)
  from space 5120K, 99% used [0x00000000e2580000,0x00000000e2a7bd98,0x00000000e2a80000)
  to   space 5120K, 0% used [0x00000000e2080000,0x00000000e2080000,0x00000000e2580000)
 ParOldGen       total 87552K, used 1066K [0x00000000a0000000, 0x00000000a5580000, 0x00000000e0000000)
  object space 87552K, 1% used [0x00000000a0000000,0x00000000a010a970,0x00000000a5580000)
 Metaspace       used 13089K, capacity 13486K, committed 13696K, reserved 1060864K
  class space    used 1720K, capacity 1842K, committed 1920K, reserved 1048576K
}
Event: 3.414 GC heap before
{Heap before GC invocations=3 (full 0):
 PSYoungGen      total 38400K, used 38383K [0x00000000e0000000, 0x00000000e2a80000, 0x0000000100000000)
  eden space 33280K, 100% used [0x00000000e0000000,0x00000000e2080000,0x00000000e2080000)
  from space 5120K, 99% used [0x00000000e2580000,0x00000000e2a7bd98,0x00000000e2a80000)
  to   space 5120K, 0% used [0x00000000e2080000,0x00000000e2080000,0x00000000e2580000)
 ParOldGen       total 87552K, used 1066K [0x00000000a0000000, 0x00000000a5580000, 0x00000000e0000000)
  object space 87552K, 1% used [0x00000000a0000000,0x00000000a010a970,0x00000000a5580000)
 Metaspace       used 16475K, capacity 16906K, committed 17024K, reserved 1064960K
  class space    used 2281K, capacity 2400K, committed 2432K, reserved 1048576K
Event: 3.425 GC heap after
Heap after GC invocations=3 (full 0):
 PSYoungGen      total 38400K, used 5096K [0x00000000e0000000, 0x00000000e2a80000, 0x0000000100000000)
  eden space 33280K, 0% used [0x00000000e0000000,0x00000000e0000000,0x00000000e2080000)
  from space 5120K, 99% used [0x00000000e2080000,0x00000000e257a040,0x00000000e2580000)
  to   space 5120K, 0% used [0x00000000e2580000,0x00000000e2580000,0x00000000e2a80000)
 ParOldGen       total 87552K, used 4073K [0x00000000a0000000, 0x00000000a5580000, 0x00000000e0000000)
  object space 87552K, 4% used [0x00000000a0000000,0x00000000a03fa580,0x00000000a5580000)
 Metaspace       used 16475K, capacity 16906K, committed 17024K, reserved 1064960K
  class space    used 2281K, capacity 2400K, committed 2432K, reserved 1048576K
}
Event: 4.327 GC heap before
{Heap before GC invocations=4 (full 0):
 PSYoungGen      total 38400K, used 25738K [0x00000000e0000000, 0x00000000e2a80000, 0x0000000100000000)
  eden space 33280K, 62% used [0x00000000e0000000,0x00000000e1428918,0x00000000e2080000)
  from space 5120K, 99% used [0x00000000e2080000,0x00000000e257a040,0x00000000e2580000)
  to   space 5120K, 0% used [0x00000000e2580000,0x00000000e2580000,0x00000000e2a80000)
 ParOldGen       total 87552K, used 4073K [0x00000000a0000000, 0x00000000a5580000, 0x00000000e0000000)
  object space 87552K, 4% used [0x00000000a0000000,0x00000000a03fa580,0x00000000a5580000)
 Metaspace       used 20701K, capacity 21142K, committed 21296K, reserved 1067008K
  class space    used 2795K, capacity 2916K, committed 2944K, reserved 1048576K
Event: 4.341 GC heap after
Heap after GC invocations=4 (full 0):
 PSYoungGen      total 38400K, used 5112K [0x00000000e0000000, 0x00000000e4b00000, 0x0000000100000000)
  eden space 33280K, 0% used [0x00000000e0000000,0x00000000e0000000,0x00000000e2080000)
  from space 5120K, 99% used [0x00000000e2580000,0x00000000e2a7e030,0x00000000e2a80000)
  to   space 5120K, 0% used [0x00000000e2080000,0x00000000e2080000,0x00000000e2580000)
 ParOldGen       total 87552K, used 7746K [0x00000000a0000000, 0x00000000a5580000, 0x00000000e0000000)
  object space 87552K, 8% used [0x00000000a0000000,0x00000000a0790bf0,0x00000000a5580000)
 Metaspace       used 20701K, capacity 21142K, committed 21296K, reserved 1067008K
  class space    used 2795K, capacity 2916K, committed 2944K, reserved 1048576K
}
Event: 4.341 GC heap before
{Heap before GC invocations=5 (full 1):
 PSYoungGen      total 38400K, used 5112K [0x00000000e0000000, 0x00000000e4b00000, 0x0000000100000000)
  eden space 33280K, 0% used [0x00000000e0000000,0x00000000e0000000,0x00000000e2080000)
  from space 5120K, 99% used [0x00000000e2580000,0x00000000e2a7e030,0x00000000e2a80000)
  to   space 5120K, 0% used [0x00000000e2080000,0x00000000e2080000,0x00000000e2580000)
 ParOldGen       total 87552K, used 7746K [0x00000000a0000000, 0x00000000a5580000, 0x00000000e0000000)
  object space 87552K, 8% used [0x00000000a0000000,0x00000000a0790bf0,0x00000000a5580000)
 Metaspace       used 20701K, capacity 21142K, committed 21296K, reserved 1067008K
  class space    used 2795K, capacity 2916K, committed 2944K, reserved 1048576K

Deoptimization events (10 events):
Event: 3.641 Thread 0x00000000099d1800 Uncommon trap: reason=class_check action=maybe_recompile pc=0x000000000f1db268 method=java.lang.String.equals(Ljava/lang/Object;)Z @ 8
Event: 3.641 Thread 0x00000000099d1800 Uncommon trap: reason=class_check action=maybe_recompile pc=0x000000000f1db268 method=java.lang.String.equals(Ljava/lang/Object;)Z @ 8
Event: 3.641 Thread 0x00000000099d1800 Uncommon trap: reason=class_check action=maybe_recompile pc=0x000000000f1db268 method=java.lang.String.equals(Ljava/lang/Object;)Z @ 8
Event: 3.641 Thread 0x00000000099d1800 Uncommon trap: reason=class_check action=maybe_recompile pc=0x000000000f1db268 method=java.lang.String.equals(Ljava/lang/Object;)Z @ 8
Event: 3.716 Thread 0x00000000099d1800 Uncommon trap: reason=class_check action=maybe_recompile pc=0x000000000f502da4 method=sun.security.provider.DigestBase.implCompressMultiBlock([BII)I @ 8
Event: 3.747 Thread 0x00000000099d1800 Uncommon trap: reason=class_check action=maybe_recompile pc=0x000000000f1fb954 method=sun.misc.URLClassPath.getLoader(I)Lsun/misc/URLClassPath$Loader; @ 94
Event: 3.747 Thread 0x00000000099d1800 Uncommon trap: reason=class_check action=maybe_recompile pc=0x000000000f30e6ac method=sun.misc.URLClassPath.getResource(Ljava/lang/String;Z)Lsun/misc/Resource; @ 62
Event: 4.243 Thread 0x00000000099d1800 Uncommon trap: reason=class_check action=maybe_recompile pc=0x000000000f1fbae4 method=sun.misc.URLClassPath.getLoader(I)Lsun/misc/URLClassPath$Loader; @ 193
Event: 4.260 Thread 0x00000000099d1800 Uncommon trap: reason=class_check action=maybe_recompile pc=0x000000000f1fbae4 method=sun.misc.URLClassPath.getLoader(I)Lsun/misc/URLClassPath$Loader; @ 193
Event: 4.307 Thread 0x00000000099d1800 Uncommon trap: reason=class_check action=maybe_recompile pc=0x000000000f1fbae4 method=sun.misc.URLClassPath.getLoader(I)Lsun/misc/URLClassPath$Loader; @ 193

Internal exceptions (10 events):
Event: 4.249 Thread 0x00000000099d1800 Exception <a 'java/lang/ClassNotFoundException': org/gradle/groovy/scripts/BasicScriptCustomizer> (0x00000000e11888f8) thrown at [C:\src\android\AOSP-openjdk\external\jetbrains\jdk\hotspot\src\share\vm\classfile\systemDictionary.cpp, line 210]
Event: 4.251 Thread 0x00000000099d1800 Exception <a 'java/lang/ClassNotFoundException': org/gradle/groovy/scripts/DefaultScriptCustomizer> (0x00000000e11a4fb8) thrown at [C:\src\android\AOSP-openjdk\external\jetbrains\jdk\hotspot\src\share\vm\classfile\systemDictionary.cpp, line 210]
Event: 4.259 Thread 0x00000000099d1800 Exception <a 'java/lang/ClassNotFoundException': org/gradle/initialization/InitScriptCustomizer> (0x00000000e11ec540) thrown at [C:\src\android\AOSP-openjdk\external\jetbrains\jdk\hotspot\src\share\vm\classfile\systemDictionary.cpp, line 210]
Event: 4.260 Thread 0x00000000099d1800 Exception <a 'java/lang/ClassNotFoundException': asLocalRepo128768_2w74770zcamb0v7bb6mqr2hshCustomizer> (0x00000000e1200548) thrown at [C:\src\android\AOSP-openjdk\external\jetbrains\jdk\hotspot\src\share\vm\classfile\systemDictionary.cpp, line 210]
Event: 4.290 Thread 0x00000000099d1800 Exception <a 'java/lang/ClassNotFoundException': org/gradle/api/internal/plugins/DefaultExtraPropertiesExtensionBeanInfo> (0x00000000e12af1f0) thrown at [C:\src\android\AOSP-openjdk\external\jetbrains\jdk\hotspot\src\share\vm\classfile\systemDictionary.cpp$uüèo)@
Event: 4.290 Thread 0x00000000099d1800 Exception <a 'java/lang/ClassNotFoundException': org/gradle/api/internal/plugins/DefaultExtraPropertiesExtensionCustomizer> (0x00000000e12c3650) thrown at [C:\src\android\AOSP-openjdk\external\jetbrains\jdk\hotspot\src\share\vm\classfile\systemDictionary.cCï≤[?@
Event: 4.312 Thread 0x00000000099d1800 Exception <a 'java/lang/ClassNotFoundException': groovy/lang/Closure$1BeanInfo> (0x00000000e135e0e8) thrown at [C:\src\android\AOSP-openjdk\external\jetbrains\jdk\hotspot\src\share\vm\classfile\systemDictionary.cpp, line 210]
Event: 4.313 Thread 0x00000000099d1800 Exception <a 'java/lang/ClassNotFoundException': groovy/lang/ClosureBeanInfo> (0x00000000e1373580) thrown at [C:\src\android\AOSP-openjdk\external\jetbrains\jdk\hotspot\src\share\vm\classfile\systemDictionary.cpp, line 210]
Event: 4.314 Thread 0x00000000099d1800 Exception <a 'java/lang/ClassNotFoundException': groovy/lang/ClosureCustomizer> (0x00000000e1389310) thrown at [C:\src\android\AOSP-openjdk\external\jetbrains\jdk\hotspot\src\share\vm\classfile\systemDictionary.cpp, line 210]
Event: 4.320 Thread 0x00000000099d1800 Exception <a 'java/lang/ClassNotFoundException': groovy/lang/Closure$1Customizer> (0x00000000e13c7f80) thrown at [C:\src\android\AOSP-openjdk\external\jetbrains\jdk\hotspot\src\share\vm\classfile\systemDictionary.cpp, line 210]

Events (10 events):
Event: 4.320 loading class groovy/lang/Closure$1Customizer done
Event: 4.322 loading class org/codehaus/groovy/runtime/callsite/BooleanClosureWrapper
Event: 4.322 loading class org/codehaus/groovy/runtime/callsite/BooleanClosureWrapper done
Event: 4.324 loading class groovy/runtime/metaclass/asLocalRepo128768_2w74770zcamb0v7bb6mqr2hsh$_run_closure1MetaClass
Event: 4.324 loading class groovy/runtime/metaclass/asLocalRepo128768_2w74770zcamb0v7bb6mqr2hsh$_run_closure1MetaClass done
Event: 4.324 loading class org/codehaus/groovy/runtime/metaclass/ClosureMetaClass
Event: 4.324 loading class org/codehaus/groovy/runtime/metaclass/ClosureMetaClass done
Event: 4.326 loading class org/codehaus/groovy/runtime/metaclass/ClosureMetaClass$1
Event: 4.326 loading class org/codehaus/groovy/runtime/metaclass/ClosureMetaClass$1 done
Event: 4.327 Executing VM operation: CollectForMetadataAllocation


Dynamic libraries:
0x00007ff6b9300000 - 0x00007ff6b9331000 	C:\Program Files\Android\Android Studio\jre\bin\java.exe
0x00007fff35530000 - 0x00007fff35702000 	C:\Windows\SYSTEM32\ntdll.dll
0x00007fff33800000 - 0x00007fff338ac000 	C:\Windows\System32\KERNEL32.DLL
0x00007fff31d80000 - 0x00007fff31f9d000 	C:\Windows\System32\KERNELBASE.dll
0x00007fff336e0000 - 0x00007fff33782000 	C:\Windows\System32\ADVAPI32.dll
0x00007fff32e00000 - 0x00007fff32e9e000 	C:\Windows\System32\msvcrt.dll
0x00007fff35060000 - 0x00007fff350b9000 	C:\Windows\System32\sechost.dll
0x00007fff33a20000 - 0x00007fff33b41000 	C:\Windows\System32\RPCRT4.dll
0x00007fff338b0000 - 0x00007fff33a15000 	C:\Windows\System32\USER32.dll
0x00007fff32930000 - 0x00007fff3294e000 	C:\Windows\System32\win32u.dll
0x00007fff35310000 - 0x00007fff35344000 	C:\Windows\System32\GDI32.dll
0x00007fff31c00000 - 0x00007fff31d80000 	C:\Windows\System32\gdi32full.dll
0x00007fff2aa50000 - 0x00007fff2acca000 	C:\Windows\WinSxS\amd64_microsoft.windows.common-controls_6595b64144ccf1df_6.0.14393.953_none_42151e83c686086b\COMCTL32.dll
0x00007fff32ac0000 - 0x00007fff32d88000 	C:\Windows\System32\combase.dll
0x00007fff329c0000 - 0x00007fff32ab5000 	C:\Windows\System32\ucrtbase.dll
0x00007fff32950000 - 0x00007fff329ba000 	C:\Windows\System32\bcryptPrimitives.dll
0x00007fff32ea0000 - 0x00007fff32ece000 	C:\Windows\System32\IMM32.DLL
0x00007fff31830000 - 0x00007fff31861000 	C:\Windows\system32\nvinitx.dll
0x00007fff31820000 - 0x00007fff3182a000 	C:\Windows\SYSTEM32\VERSION.dll
0x000000000f000000 - 0x000000000f006000 	C:\Program Files\NVIDIA Corporation\CoProcManager\_etoured.dll
0x00007fff2f0f0000 - 0x00007fff2f122000 	C:\Program Files\NVIDIA Corporation\CoProcManager\nvd3d9wrapx.dll
0x00007fff33170000 - 0x00007fff33599000 	C:\Windows\System32\SETUPAPI.dll
0x00007fff32160000 - 0x00007fff321a2000 	C:\Windows\System32\cfgmgr32.dll
0x00007fff2f0c0000 - 0x00007fff2f0e2000 	C:\Program Files\NVIDIA Corporation\CoProcManager\nvdxgiwrapx.dll
0x000000005ca10000 - 0x000000005cae2000 	C:\Program Files\Android\Android Studio\jre\jre\bin\msvcr100.dll
0x000000005cbd0000 - 0x000000005d40c000 	C:\Program Files\Android\Android Studio\jre\jre\bin\server\jvm.dll
0x00007fff33790000 - 0x00007fff33798000 	C:\Windows\System32\PSAPI.DLL
0x00007fff24b90000 - 0x00007fff24b99000 	C:\Windows\SYSTEM32\WSOCK32.dll
0x00007fff2fa20000 - 0x00007fff2fa43000 	C:\Windows\SYSTEM32\WINMM.dll
0x00007fff330f0000 - 0x00007fff3315a000 	C:\Windows\System32\WS2_32.dll
0x0000000000500000 - 0x000000000052b000 	C:\Windows\SYSTEM32\WINMMBASE.dll
0x00007fff2e490000 - 0x00007fff2e49f000 	C:\Program Files\Android\Android Studio\jre\jre\bin\verify.dll
0x00007fff26990000 - 0x00007fff269b9000 	C:\Program Files\Android\Android Studio\jre\jre\bin\java.dll
0x00007fff26970000 - 0x00007fff26986000 	C:\Program Files\Android\Android Studio\jre\jre\bin\zip.dll
0x00007fff33b50000 - 0x00007fff35058000 	C:\Windows\System32\SHELL32.dll
0x00007fff321b0000 - 0x00007fff3288a000 	C:\Windows\System32\windows.storage.dll
0x00007fff319a0000 - 0x00007fff319ec000 	C:\Windows\System32\powrprof.dll
0x00007fff33090000 - 0x00007fff330e2000 	C:\Windows\System32\shlwapi.dll
0x00007fff31a00000 - 0x00007fff31a0f000 	C:\Windows\System32\kernel.appcore.dll
0x00007fff320b0000 - 0x00007fff32159000 	C:\Windows\System32\shcore.dll
0x00007fff31a10000 - 0x00007fff31a24000 	C:\Windows\System32\profapi.dll
0x00007fff24ef0000 - 0x00007fff24f0a000 	C:\Program Files\Android\Android Studio\jre\jre\bin\net.dll
0x00007fff30eb0000 - 0x00007fff30f0c000 	C:\Windows\system32\mswsock.dll
0x00007fff22ff0000 - 0x00007fff23001000 	C:\Program Files\Android\Android Studio\jre\jre\bin\nio.dll
0x00007fff2e4b0000 - 0x00007fff2e4ce000 	C:\Users\geyee\.gradle\native\23\windows-amd64\native-platform.dll
0x00007fff31490000 - 0x00007fff314a7000 	C:\Windows\SYSTEM32\CRYPTSP.dll
0x00007fff30ab0000 - 0x00007fff30ae3000 	C:\Windows\system32\rsaenh.dll
0x00007fff31870000 - 0x00007fff3189b000 	C:\Windows\SYSTEM32\bcrypt.dll
0x00007fff30d30000 - 0x00007fff30d4f000 	C:\Windows\SYSTEM32\USERENV.dll
0x00007fff31050000 - 0x00007fff3105b000 	C:\Windows\SYSTEM32\CRYPTBASE.dll
0x00007fff30c30000 - 0x00007fff30c68000 	C:\Windows\SYSTEM32\IPHLPAPI.DLL
0x00007fff35300000 - 0x00007fff35308000 	C:\Windows\System32\NSI.dll
0x00007fff2ba10000 - 0x00007fff2ba26000 	C:\Windows\SYSTEM32\dhcpcsvc6.DLL
0x00007fff2bac0000 - 0x00007fff2bada000 	C:\Windows\SYSTEM32\dhcpcsvc.DLL
0x00007fff27ac0000 - 0x00007fff27acd000 	C:\Program Files\Android\Android Studio\jre\jre\bin\management.dll

VM Arguments:
jvm_args: -Xmx1536m -Dfile.encoding=GBK -Duser.country=CN -Duser.language=zh -Duser.variant 
java_command: org.gradle.launcher.daemon.bootstrap.GradleDaemon 3.3
java_class_path (initial): C:\Users\geyee\.gradle\wrapper\dists\gradle-3.3-all\55gk2rcmfc6p2dg9u9ohc3hw9\gradle-3.3\lib\gradle-launcher-3.3.jar
Launcher Type: SUN_STANDARD

Environment Variables:
JAVA_HOME=C:\Program Files\Java\jdk1.8.0_144
PATH=C:\Windows\system32;C:\Windows;C:\Windows\System32\Wbem;C:\Windows\System32\WindowsPowerShell\v1.0\;C:\Program Files\OpenVPN\bin;C:\Program Files\Git\cmd;C:\Users\geyee\AppData\Roaming\nvm;C:\Program Files\nodejs;C:\Users\geyee\AppData\Local\Microsoft\WindowsApps;C:\Users\geyee\AppData\Roaming\nvm;C:\Program Files\nodejs
USERNAME=geyee
OS=Windows_NT
PROCESSOR_IDENTIFIER=Intel64 Family 6 Model 42 Stepping 7, GenuineIntel



---------------  S Y S T E M  ---------------

OS: Windows 10.0 , 64 bit Build 14393 (10.0.14393.1198)

CPU:total 4 (2 cores per cpu, 2 threads per core) family 6 model 42 stepping 7, cmov, cx8, fxsr, mmx, sse, sse2, sse3, ssse3, sse4.1, sse4.2, popcnt, avx, aes, clmul, ht, tsc, tscinvbit

Memory: 4k page, physical 8269048k(1269248k free), swap 11093452k(5960k free)

vm_info: OpenJDK 64-Bit Server VM (25.112-b06) for windows-amd64 JRE (1.8.0_112-release-b06), built on Dec  8 2016 00:54:26 by "builder" with MS VC++ 10.0 (VS2010)

time: Sun Aug 13 17:25:41 2017
elapsed time: 4 seconds (0d 0h 0m 4s)

