#
# There is insufficient memory for the Java Runtime Environment to continue.
# Native memory allocation (malloc) failed to allocate 262160 bytes for Chunk::new
# Possible reasons:
#   The system is out of physical RAM or swap space
#   In 32 bit mode, the process size limit was hit
# Possible solutions:
#   Reduce memory load on the system
#   Increase physical memory or swap space
#   Check if swap backing store is full
#   Use 64 bit Java on a 64 bit OS
#   Decrease Java heap size (-Xmx/-Xms)
#   Decrease number of Java threads
#   Decrease Java thread stack sizes (-Xss)
#   Set larger code cache with -XX:ReservedCodeCacheSize=
# This output file may be truncated or incomplete.
#
#  Out of Memory Error (allocation.cpp:390), pid=4208, tid=0x0000000000000fe4
#
# JRE version: OpenJDK Runtime Environment (8.0_112-b06) (build 1.8.0_112-release-b06)
# Java VM: OpenJDK 64-Bit Server VM (25.112-b06 mixed mode windows-amd64 compressed oops)
# Failed to write core dump. Minidumps are not enabled by default on client versions of Windows
#

---------------  T H R E A D  ---------------

Current thread (0x00000000073f9800):  JavaThread "C2 CompilerThread0" daemon [_thread_in_native, id=4068, stack(0x0000000008cf0000,0x0000000008df0000)]

Stack: [0x0000000008cf0000,0x0000000008df0000]
[error occurred during error reporting (printing stack bounds), id 0xc0000005]

Native frames: (J=compiled Java code, j=interpreted, Vv=VM code, C=native code)


Current CompileTask:
C2:   5575 1383       4       java.net.URLClassLoader$1::run (5 bytes)


---------------  P R O C E S S  ---------------

Java Threads: ( => current thread )
  0x000000000a08e800 JavaThread "Stdin handler" [_thread_blocked, id=3012, stack(0x000000000b560000,0x000000000b660000)]
  0x000000000a089800 JavaThread "Asynchronous log dispatcher for DefaultDaemonConnection: socket connection from /127.0.0.1:5748 to /127.0.0.1:5749" [_thread_blocked, id=9560, stack(0x000000000b460000,0x000000000b560000)]
  0x000000000a08f800 JavaThread "Daemon worker" [_thread_in_native, id=3016, stack(0x000000000b360000,0x000000000b460000)]
  0x000000000a084800 JavaThread "Cancel handler" [_thread_blocked, id=4436, stack(0x000000000b260000,0x000000000b360000)]
  0x000000000a0cc000 JavaThread "pool-1-thread-1" [_thread_blocked, id=12256, stack(0x000000000b160000,0x000000000b260000)]
  0x000000000a0ac000 JavaThread "Handler for socket connection from /127.0.0.1:5748 to /127.0.0.1:5749" [_thread_in_native, id=3080, stack(0x000000000b060000,0x000000000b160000)]
  0x000000000a0ae000 JavaThread "Daemon" [_thread_blocked, id=1172, stack(0x000000000af60000,0x000000000b060000)]
  0x0000000009fd6000 JavaThread "Incoming local TCP Connector on port 5748" [_thread_in_native, id=9024, stack(0x000000000abc0000,0x000000000acc0000)]
  0x0000000008773800 JavaThread "Service Thread" daemon [_thread_blocked, id=7484, stack(0x0000000008ff0000,0x00000000090f0000)]
  0x00000000086fe800 JavaThread "C1 CompilerThread2" daemon [_thread_blocked, id=11428, stack(0x0000000008ef0000,0x0000000008ff0000)]
  0x00000000073fc800 JavaThread "C2 CompilerThread1" daemon [_thread_blocked, id=3328, stack(0x0000000008df0000,0x0000000008ef0000)]
=>0x00000000073f9800 JavaThread "C2 CompilerThread0" daemon [_thread_in_native, id=4068, stack(0x0000000008cf0000,0x0000000008df0000)]
  0x00000000086f8800 JavaThread "Attach Listener" daemon [_thread_blocked, id=1396, stack(0x0000000008bf0000,0x0000000008cf0000)]
  0x0000000007397800 JavaThread "Signal Dispatcher" daemon [_thread_blocked, id=12212, stack(0x0000000008af0000,0x0000000008bf0000)]
  0x0000000007388800 JavaThread "Finalizer" daemon [_thread_blocked, id=3476, stack(0x00000000085f0000,0x00000000086f0000)]
  0x0000000002a21000 JavaThread "Reference Handler" daemon [_thread_blocked, id=11636, stack(0x00000000084f0000,0x00000000085f0000)]
  0x0000000002930800 JavaThread "main" [_thread_blocked, id=868, stack(0x0000000002830000,0x0000000002930000)]

Other Threads:
  0x0000000007365800 VMThread [stack: 0x00000000083f0000,0x00000000084f0000] [id=3524]
  0x000000000873f800 WatcherThread [stack: 0x00000000090f0000,0x00000000091f0000] [id=9988]

VM state:not at safepoint (normal execution)

VM Mutex/Monitor currently owned by a thread: None

Heap:
 PSYoungGen      total 38400K, used 28363K [0x00000000e0000000, 0x00000000e2a80000, 0x0000000100000000)
  eden space 33280K, 69% used [0x00000000e0000000,0x00000000e16b6cd8,0x00000000e2080000)
  from space 5120K, 99% used [0x00000000e2580000,0x00000000e2a7c270,0x00000000e2a80000)
  to   space 5120K, 0% used [0x00000000e2080000,0x00000000e2080000,0x00000000e2580000)
 ParOldGen       total 87552K, used 1106K [0x00000000a0000000, 0x00000000a5580000, 0x00000000e0000000)
  object space 87552K, 1% used [0x00000000a0000000,0x00000000a01148b0,0x00000000a5580000)
 Metaspace       used 15357K, capacity 15726K, committed 15872K, reserved 1062912K
  class space    used 2093K, capacity 2226K, committed 2304K, reserved 1048576K

Card table byte_map: [0x0000000002df0000,0x0000000003100000] byte_map_base: 0x00000000028f0000

Marking Bits: (ParMarkBitMap*) 0x000000005d3918f0
 Begin Bits: [0x0000000003700000, 0x0000000004f00000)
 End Bits:   [0x0000000004f00000, 0x0000000006700000)

Polling page: 0x0000000000ca0000

CodeCache: size=245760Kb used=4877Kb max_used=4888Kb free=240882Kb
 bounds [0x000000000f010000, 0x000000000f4e0000, 0x000000001e010000]
 total_blobs=1775 nmethods=1385 adapters=303
 compilation: enabled

Compilation events (10 events):
Event: 5.530 Thread 0x00000000073fc800 1381       4       java.util.HashMap::put (13 bytes)
Event: 5.531 Thread 0x00000000086fe800 1382       3       sun.misc.ProxyGenerator::code_aload (11 bytes)
Event: 5.531 Thread 0x00000000086fe800 nmethod 1382 0x000000000f4cde10 code [0x000000000f4cdf80, 0x000000000f4ce128]
Event: 5.538 Thread 0x00000000073fc800 nmethod 1381 0x000000000f4d7090 code [0x000000000f4d7220, 0x000000000f4d7738]
Event: 5.541 Thread 0x00000000073f9800 1383       4       java.net.URLClassLoader$1::run (5 bytes)
Event: 5.550 Thread 0x00000000086fe800 1384       1       java.security.Permission::getName (5 bytes)
Event: 5.550 Thread 0x00000000086fe800 nmethod 1384 0x000000000f4cdb50 code [0x000000000f4cdca0, 0x000000000f4cddb0]
Event: 5.554 Thread 0x00000000086fe800 1385       1       java.security.PermissionCollection::isReadOnly (5 bytes)
Event: 5.554 Thread 0x00000000086fe800 nmethod 1385 0x000000000f4d6dd0 code [0x000000000f4d6f20, 0x000000000f4d7030]
Event: 5.570 Thread 0x00000000073fc800 1386       4       java.lang.ref.Finalizer::register (10 bytes)

GC Heap History (4 events):
Event: 2.168 GC heap before
{Heap before GC invocations=1 (full 0):
 PSYoungGen      total 38400K, used 33029K [0x00000000e0000000, 0x00000000e2a80000, 0x0000000100000000)
  eden space 33280K, 99% used [0x00000000e0000000,0x00000000e20414f0,0x00000000e2080000)
  from space 5120K, 0% used [0x00000000e2580000,0x00000000e2580000,0x00000000e2a80000)
  to   space 5120K, 0% used [0x00000000e2080000,0x00000000e2080000,0x00000000e2580000)
 ParOldGen       total 87552K, used 0K [0x00000000a0000000, 0x00000000a5580000, 0x00000000e0000000)
  object space 87552K, 0% used [0x00000000a0000000,0x00000000a0000000,0x00000000a5580000)
 Metaspace       used 6856K, capacity 7024K, committed 7040K, reserved 1056768K
  class space    used 837K, capacity 892K, committed 896K, reserved 1048576K
Event: 2.186 GC heap after
Heap after GC invocations=1 (full 0):
 PSYoungGen      total 38400K, used 4655K [0x00000000e0000000, 0x00000000e2a80000, 0x0000000100000000)
  eden space 33280K, 0% used [0x00000000e0000000,0x00000000e0000000,0x00000000e2080000)
  from space 5120K, 90% used [0x00000000e2080000,0x00000000e250bf50,0x00000000e2580000)
  to   space 5120K, 0% used [0x00000000e2580000,0x00000000e2580000,0x00000000e2a80000)
 ParOldGen       total 87552K, used 8K [0x00000000a0000000, 0x00000000a5580000, 0x00000000e0000000)
  object space 87552K, 0% used [0x00000000a0000000,0x00000000a0002000,0x00000000a5580000)
 Metaspace       used 6856K, capacity 7024K, committed 7040K, reserved 1056768K
  class space    used 837K, capacity 892K, committed 896K, reserved 1048576K
}
Event: 5.133 GC heap before
{Heap before GC invocations=2 (full 0):
 PSYoungGen      total 38400K, used 37935K [0x00000000e0000000, 0x00000000e2a80000, 0x0000000100000000)
  eden space 33280K, 100% used [0x00000000e0000000,0x00000000e2080000,0x00000000e2080000)
  from space 5120K, 90% used [0x00000000e2080000,0x00000000e250bf50,0x00000000e2580000)
  to   space 5120K, 0% used [0x00000000e2580000,0x00000000e2580000,0x00000000e2a80000)
 ParOldGen       total 87552K, used 8K [0x00000000a0000000, 0x00000000a5580000, 0x00000000e0000000)
  object space 87552K, 0% used [0x00000000a0000000,0x00000000a0002000,0x00000000a5580000)
 Metaspace       used 13066K, capacity 13422K, committed 13696K, reserved 1060864K
  class space    used 1718K, capacity 1842K, committed 1920K, reserved 1048576K
Event: 5.142 GC heap after
Heap after GC invocations=2 (full 0):
 PSYoungGen      total 38400K, used 5104K [0x00000000e0000000, 0x00000000e2a80000, 0x0000000100000000)
  eden space 33280K, 0% used [0x00000000e0000000,0x00000000e0000000,0x00000000e2080000)
  from space 5120K, 99% used [0x00000000e2580000,0x00000000e2a7c270,0x00000000e2a80000)
  to   space 5120K, 0% used [0x00000000e2080000,0x00000000e2080000,0x00000000e2580000)
 ParOldGen       total 87552K, used 1106K [0x00000000a0000000, 0x00000000a5580000, 0x00000000e0000000)
  object space 87552K, 1% used [0x00000000a0000000,0x00000000a01148b0,0x00000000a5580000)
 Metaspace       used 13066K, capacity 13422K, committed 13696K, reserved 1060864K
  class space    used 1718K, capacity 1842K, committed 1920K, reserved 1048576K
}

Deoptimization events (10 events):
Event: 3.812 Thread 0x0000000002930800 Uncommon trap: reason=unstable_if action=reinterpret pc=0x000000000f2b4514 method=java.lang.String.substring(I)Ljava/lang/String; @ 35
Event: 4.006 Thread 0x0000000002930800 Uncommon trap: reason=unstable_if action=reinterpret pc=0x000000000f26eccc method=java.util.HashMap.getNode(ILjava/lang/Object;)Ljava/util/HashMap$Node; @ 129
Event: 4.006 Thread 0x0000000002930800 Uncommon trap: reason=unstable_if action=reinterpret pc=0x000000000f27133c method=java.util.HashMap.getNode(ILjava/lang/Object;)Ljava/util/HashMap$Node; @ 129
Event: 4.923 Thread 0x0000000002930800 Uncommon trap: reason=unstable_if action=reinterpret pc=0x000000000f2b8370 method=java.util.LinkedHashMap.afterNodeInsertion(Z)V @ 1
Event: 5.079 Thread 0x000000000a08f800 Uncommon trap: reason=bimorphic action=maybe_recompile pc=0x000000000f4307c8 method=java.util.HashMap.putVal(ILjava/lang/Object;Ljava/lang/Object;ZZ)Ljava/lang/Object; @ 253
Event: 5.080 Thread 0x000000000a08f800 Uncommon trap: reason=bimorphic action=maybe_recompile pc=0x000000000f4307c8 method=java.util.HashMap.putVal(ILjava/lang/Object;Ljava/lang/Object;ZZ)Ljava/lang/Object; @ 253
Event: 5.080 Thread 0x000000000a08f800 Uncommon trap: reason=bimorphic action=maybe_recompile pc=0x000000000f4307c8 method=java.util.HashMap.putVal(ILjava/lang/Object;Ljava/lang/Object;ZZ)Ljava/lang/Object; @ 253
Event: 5.080 Thread 0x000000000a08f800 Uncommon trap: reason=bimorphic action=maybe_recompile pc=0x000000000f4307c8 method=java.util.HashMap.putVal(ILjava/lang/Object;Ljava/lang/Object;ZZ)Ljava/lang/Object; @ 253
Event: 5.338 Thread 0x000000000a08f800 Uncommon trap: reason=class_check action=maybe_recompile pc=0x000000000f28f69c method=java.util.regex.Matcher.match(II)Z @ 86
Event: 5.340 Thread 0x000000000a08f800 Uncommon trap: reason=class_check action=maybe_recompile pc=0x000000000f28f69c method=java.util.regex.Matcher.match(II)Z @ 86

Internal exceptions (10 events):
Event: 5.022 Thread 0x000000000a0ac000 Exception <a 'java/lang/NoSuchMethodError': <clinit>> (0x00000000e1b396d8) thrown at [C:\src\android\AOSP-openjdk\external\jetbrains\jdk\hotspot\src\share\vm\prims\jni.cpp, line 1613]
Event: 5.024 Thread 0x000000000a0ac000 Exception <a 'java/lang/NoSuchMethodError': <clinit>> (0x00000000e1b4ace8) thrown at [C:\src\android\AOSP-openjdk\external\jetbrains\jdk\hotspot\src\share\vm\prims\jni.cpp, line 1613]
Event: 5.042 Thread 0x000000000a0ac000 Exception <a 'java/lang/NoSuchMethodError': <clinit>> (0x00000000e1bc63c8) thrown at [C:\src\android\AOSP-openjdk\external\jetbrains\jdk\hotspot\src\share\vm\prims\jni.cpp, line 1613]
Event: 5.046 Thread 0x000000000a0ac000 Exception <a 'java/lang/NoSuchMethodError': <clinit>> (0x00000000e1bd6aa8) thrown at [C:\src\android\AOSP-openjdk\external\jetbrains\jdk\hotspot\src\share\vm\prims\jni.cpp, line 1613]
Event: 5.050 Thread 0x000000000a0ac000 Exception <a 'java/lang/NoSuchMethodError': <clinit>> (0x00000000e1bf8890) thrown at [C:\src\android\AOSP-openjdk\external\jetbrains\jdk\hotspot\src\share\vm\prims\jni.cpp, line 1613]
Event: 5.070 Thread 0x000000000a08f800 Exception <a 'java/lang/NoSuchMethodError': <clinit>> (0x00000000e1d1a1b0) thrown at [C:\src\android\AOSP-openjdk\external\jetbrains\jdk\hotspot\src\share\vm\prims\jni.cpp, line 1613]
Event: 5.071 Thread 0x000000000a08f800 Exception <a 'java/lang/NoSuchMethodError': <clinit>> (0x00000000e1d22438) thrown at [C:\src\android\AOSP-openjdk\external\jetbrains\jdk\hotspot\src\share\vm\prims\jni.cpp, line 1613]
Event: 5.118 Thread 0x000000000a08f800 Exception <a 'java/lang/ArrayIndexOutOfBoundsException'> (0x00000000e1f6c838) thrown at [C:\src\android\AOSP-openjdk\external\jetbrains\jdk\hotspot\src\share\vm\runtime\sharedRuntime.cpp, line 605]
Event: 5.132 Thread 0x000000000a08f800 Exception <a 'java/lang/ArrayIndexOutOfBoundsException'> (0x00000000e203e570) thrown at [C:\src\android\AOSP-openjdk\external\jetbrains\jdk\hotspot\src\share\vm\runtime\sharedRuntime.cpp, line 605]
Event: 5.132 Thread 0x000000000a08f800 Exception <a 'java/lang/ArrayIndexOutOfBoundsException'> (0x00000000e203f9a0) thrown at [C:\src\android\AOSP-openjdk\external\jetbrains\jdk\hotspot\src\share\vm\runtime\sharedRuntime.cpp, line 605]

Events (10 events):
Event: 5.568 loading class org/objectweb/asm/AnnotationWriter
Event: 5.568 loading class org/objectweb/asm/AnnotationWriter done
Event: 5.568 loading class org/objectweb/asm/MethodVisitor
Event: 5.568 loading class org/objectweb/asm/MethodVisitor done
Event: 5.569 loading class org/objectweb/asm/MethodWriter
Event: 5.569 loading class org/objectweb/asm/MethodWriter done
Event: 5.569 loading class org/objectweb/asm/FieldVisitor
Event: 5.569 loading class org/objectweb/asm/FieldVisitor done
Event: 5.569 loading class org/objectweb/asm/FieldWriter
Event: 5.569 loading class org/objectweb/asm/FieldWriter done


Dynamic libraries:
0x00007ff6b9300000 - 0x00007ff6b9331000 	C:\Program Files\Android\Android Studio\jre\bin\java.exe
0x00007fff35530000 - 0x00007fff35702000 	C:\Windows\SYSTEM32\ntdll.dll
0x00007fff33800000 - 0x00007fff338ac000 	C:\Windows\System32\KERNEL32.DLL
0x00007fff31d80000 - 0x00007fff31f9d000 	C:\Windows\System32\KERNELBASE.dll
0x00007fff336e0000 - 0x00007fff33782000 	C:\Windows\System32\ADVAPI32.dll
0x00007fff32e00000 - 0x00007fff32e9e000 	C:\Windows\System32\msvcrt.dll
0x00007fff35060000 - 0x00007fff350b9000 	C:\Windows\System32\sechost.dll
0x00007fff33a20000 - 0x00007fff33b41000 	C:\Windows\System32\RPCRT4.dll
0x00007fff338b0000 - 0x00007fff33a15000 	C:\Windows\System32\USER32.dll
0x00007fff32930000 - 0x00007fff3294e000 	C:\Windows\System32\win32u.dll
0x00007fff35310000 - 0x00007fff35344000 	C:\Windows\System32\GDI32.dll
0x00007fff31c00000 - 0x00007fff31d80000 	C:\Windows\System32\gdi32full.dll
0x00007fff2aa50000 - 0x00007fff2acca000 	C:\Windows\WinSxS\amd64_microsoft.windows.common-controls_6595b64144ccf1df_6.0.14393.953_none_42151e83c686086b\COMCTL32.dll
0x00007fff32ac0000 - 0x00007fff32d88000 	C:\Windows\System32\combase.dll
0x00007fff329c0000 - 0x00007fff32ab5000 	C:\Windows\System32\ucrtbase.dll
0x00007fff32950000 - 0x00007fff329ba000 	C:\Windows\System32\bcryptPrimitives.dll
0x00007fff32ea0000 - 0x00007fff32ece000 	C:\Windows\System32\IMM32.DLL
0x00007fff31830000 - 0x00007fff31861000 	C:\Windows\system32\nvinitx.dll
0x00007fff31820000 - 0x00007fff3182a000 	C:\Windows\SYSTEM32\VERSION.dll
0x000000000f000000 - 0x000000000f006000 	C:\Program Files\NVIDIA Corporation\CoProcManager\_etoured.dll
0x00007fff2f0f0000 - 0x00007fff2f122000 	C:\Program Files\NVIDIA Corporation\CoProcManager\nvd3d9wrapx.dll
0x00007fff33170000 - 0x00007fff33599000 	C:\Windows\System32\SETUPAPI.dll
0x00007fff32160000 - 0x00007fff321a2000 	C:\Windows\System32\cfgmgr32.dll
0x00007fff2f0c0000 - 0x00007fff2f0e2000 	C:\Program Files\NVIDIA Corporation\CoProcManager\nvdxgiwrapx.dll
0x000000005ca10000 - 0x000000005cae2000 	C:\Program Files\Android\Android Studio\jre\jre\bin\msvcr100.dll
0x000000005cbd0000 - 0x000000005d40c000 	C:\Program Files\Android\Android Studio\jre\jre\bin\server\jvm.dll
0x00007fff33790000 - 0x00007fff33798000 	C:\Windows\System32\PSAPI.DLL
0x00007fff2fa20000 - 0x00007fff2fa43000 	C:\Windows\SYSTEM32\WINMM.dll
0x00007fff24b90000 - 0x00007fff24b99000 	C:\Windows\SYSTEM32\WSOCK32.dll
0x00007fff2f8e0000 - 0x00007fff2f90b000 	C:\Windows\SYSTEM32\WINMMBASE.dll
0x00007fff330f0000 - 0x00007fff3315a000 	C:\Windows\System32\WS2_32.dll
0x00007fff2ade0000 - 0x00007fff2adef000 	C:\Program Files\Android\Android Studio\jre\jre\bin\verify.dll
0x00007fff27b10000 - 0x00007fff27b39000 	C:\Program Files\Android\Android Studio\jre\jre\bin\java.dll
0x00007fff27a30000 - 0x00007fff27a46000 	C:\Program Files\Android\Android Studio\jre\jre\bin\zip.dll
0x00007fff33b50000 - 0x00007fff35058000 	C:\Windows\System32\SHELL32.dll
0x00007fff321b0000 - 0x00007fff3288a000 	C:\Windows\System32\windows.storage.dll
0x00007fff319a0000 - 0x00007fff319ec000 	C:\Windows\System32\powrprof.dll
0x00007fff33090000 - 0x00007fff330e2000 	C:\Windows\System32\shlwapi.dll
0x00007fff31a00000 - 0x00007fff31a0f000 	C:\Windows\System32\kernel.appcore.dll
0x00007fff320b0000 - 0x00007fff32159000 	C:\Windows\System32\shcore.dll
0x00007fff31a10000 - 0x00007fff31a24000 	C:\Windows\System32\profapi.dll
0x00007fff26a30000 - 0x00007fff26a4a000 	C:\Program Files\Android\Android Studio\jre\jre\bin\net.dll
0x00007fff30eb0000 - 0x00007fff30f0c000 	C:\Windows\system32\mswsock.dll
0x00007fff26a10000 - 0x00007fff26a21000 	C:\Program Files\Android\Android Studio\jre\jre\bin\nio.dll
0x00007fff24910000 - 0x00007fff2492e000 	C:\Users\geyee\.gradle\native\23\windows-amd64\native-platform.dll
0x00007fff31490000 - 0x00007fff314a7000 	C:\Windows\SYSTEM32\CRYPTSP.dll
0x00007fff30ab0000 - 0x00007fff30ae3000 	C:\Windows\system32\rsaenh.dll
0x00007fff31870000 - 0x00007fff3189b000 	C:\Windows\SYSTEM32\bcrypt.dll
0x00007fff30d30000 - 0x00007fff30d4f000 	C:\Windows\SYSTEM32\USERENV.dll
0x00007fff31050000 - 0x00007fff3105b000 	C:\Windows\SYSTEM32\CRYPTBASE.dll
0x00007fff30c30000 - 0x00007fff30c68000 	C:\Windows\SYSTEM32\IPHLPAPI.DLL
0x00007fff35300000 - 0x00007fff35308000 	C:\Windows\System32\NSI.dll
0x00007fff2ba10000 - 0x00007fff2ba26000 	C:\Windows\SYSTEM32\dhcpcsvc6.DLL
0x00007fff2bac0000 - 0x00007fff2bada000 	C:\Windows\SYSTEM32\dhcpcsvc.DLL
0x00007fff27cb0000 - 0x00007fff27cbd000 	C:\Program Files\Android\Android Studio\jre\jre\bin\management.dll

VM Arguments:
jvm_args: -Xmx1536m -Dfile.encoding=GBK -Duser.country=CN -Duser.language=zh -Duser.variant 
java_command: org.gradle.launcher.daemon.bootstrap.GradleDaemon 3.3
java_class_path (initial): C:\Users\geyee\.gradle\wrapper\dists\gradle-3.3-all\55gk2rcmfc6p2dg9u9ohc3hw9\gradle-3.3\lib\gradle-launcher-3.3.jar
Launcher Type: SUN_STANDARD

Environment Variables:
JAVA_HOME=C:\Program Files\Java\jdk1.8.0_144
PATH=C:\Windows\system32;C:\Windows;C:\Windows\System32\Wbem;C:\Windows\System32\WindowsPowerShell\v1.0\;C:\Program Files\OpenVPN\bin;C:\Program Files\Git\cmd;C:\Users\geyee\AppData\Roaming\nvm;C:\Program Files\nodejs;C:\Users\geyee\AppData\Local\Microsoft\WindowsApps;C:\Users\geyee\AppData\Roaming\nvm;C:\Program Files\nodejs
USERNAME=geyee
OS=Windows_NT
PROCESSOR_IDENTIFIER=Intel64 Family 6 Model 42 Stepping 7, GenuineIntel



---------------  S Y S T E M  ---------------

OS: Windows 10.0 , 64 bit Build 14393 (10.0.14393.1198)

CPU:total 4 (2 cores per cpu, 2 threads per core) family 6 model 42 stepping 7, cmov, cx8, fxsr, mmx, sse, sse2, sse3, ssse3, sse4.1, sse4.2, popcnt, avx, aes, clmul, ht, tsc, tscinvbit

Memory: 4k page, physical 8269048k(2073988k free), swap 11093452k(3220k free)

vm_info: OpenJDK 64-Bit Server VM (25.112-b06) for windows-amd64 JRE (1.8.0_112-release-b06), built on Dec  8 2016 00:54:26 by "builder" with MS VC++ 10.0 (VS2010)

time: Sun Aug 13 17:30:45 2017
elapsed time: 5 seconds (0d 0h 0m 5s)

