#
# There is insufficient memory for the Java Runtime Environment to continue.
# Native memory allocation (malloc) failed to allocate 830336 bytes for Chunk::new
# Possible reasons:
#   The system is out of physical RAM or swap space
#   In 32 bit mode, the process size limit was hit
# Possible solutions:
#   Reduce memory load on the system
#   Increase physical memory or swap space
#   Check if swap backing store is full
#   Use 64 bit Java on a 64 bit OS
#   Decrease Java heap size (-Xmx/-Xms)
#   Decrease number of Java threads
#   Decrease Java thread stack sizes (-Xss)
#   Set larger code cache with -XX:ReservedCodeCacheSize=
# This output file may be truncated or incomplete.
#
#  Out of Memory Error (allocation.cpp:390), pid=8436, tid=0x0000000000000e28
#
# JRE version: OpenJDK Runtime Environment (8.0_112-b06) (build 1.8.0_112-release-b06)
# Java VM: OpenJDK 64-Bit Server VM (25.112-b06 mixed mode windows-amd64 compressed oops)
# Failed to write core dump. Minidumps are not enabled by default on client versions of Windows
#

---------------  T H R E A D  ---------------

Current thread (0x0000000007561800):  JavaThread "C2 CompilerThread0" daemon [_thread_in_native, id=3624, stack(0x0000000008eb0000,0x0000000008fb0000)]

Stack: [0x0000000008eb0000,0x0000000008fb0000]
[error occurred during error reporting (printing stack bounds), id 0xc0000005]

Native frames: (J=compiled Java code, j=interpreted, Vv=VM code, C=native code)


Current CompileTask:
C2: 200216 10364       4       sun.reflect.generics.parser.SignatureParser::parseFieldTypeSignature (73 bytes)


---------------  P R O C E S S  ---------------

Java Threads: ( => current thread )
  0x000000000ea93800 JavaThread "Stdin handler" [_thread_blocked, id=3532, stack(0x0000000023750000,0x0000000023850000)]
  0x000000000ea92000 JavaThread "Asynchronous log dispatcher for DefaultDaemonConnection: socket connection from /127.0.0.1:12924 to /127.0.0.1:13109" [_thread_blocked, id=10064, stack(0x0000000023650000,0x0000000023750000)]
  0x000000000ea93000 JavaThread "Daemon worker Thread 2" [_thread_in_vm, id=5660, stack(0x0000000023550000,0x0000000023650000)]
  0x000000000ea90800 JavaThread "Cancel handler" [_thread_blocked, id=772, stack(0x0000000023450000,0x0000000023550000)]
  0x000000000ea91800 JavaThread "Handler for socket connection from /127.0.0.1:12924 to /127.0.0.1:13109" [_thread_in_native, id=12092, stack(0x0000000023350000,0x0000000023450000)]
  0x000000000ea8f000 JavaThread "Daemon Thread 2" [_thread_blocked, id=11268, stack(0x0000000023250000,0x0000000023350000)]
  0x000000000ab7e800 JavaThread "File lock request listener" [_thread_in_native, id=6560, stack(0x000000000c9f0000,0x000000000caf0000)]
  0x000000000a1ad000 JavaThread "pool-1-thread-1" [_thread_blocked, id=9424, stack(0x000000000b320000,0x000000000b420000)]
  0x000000000a4c1800 JavaThread "Incoming local TCP Connector on port 12924" [_thread_in_native, id=11336, stack(0x000000000ad80000,0x000000000ae80000)]
  0x0000000008929000 JavaThread "Service Thread" daemon [_thread_blocked, id=3240, stack(0x00000000091b0000,0x00000000092b0000)]
  0x00000000088bf000 JavaThread "C1 CompilerThread2" daemon [_thread_in_native, id=11124, stack(0x00000000090b0000,0x00000000091b0000)]
  0x00000000075ab800 JavaThread "C2 CompilerThread1" daemon [_thread_in_native, id=7944, stack(0x0000000008fb0000,0x00000000090b0000)]
=>0x0000000007561800 JavaThread "C2 CompilerThread0" daemon [_thread_in_native, id=3624, stack(0x0000000008eb0000,0x0000000008fb0000)]
  0x0000000007560800 JavaThread "Attach Listener" daemon [_thread_blocked, id=12176, stack(0x0000000008db0000,0x0000000008eb0000)]
  0x00000000088b8800 JavaThread "Signal Dispatcher" daemon [_thread_blocked, id=160, stack(0x0000000008cb0000,0x0000000008db0000)]
  0x0000000007538800 JavaThread "Finalizer" daemon [_thread_blocked, id=880, stack(0x00000000087b0000,0x00000000088b0000)]
  0x0000000007517000 JavaThread "Reference Handler" daemon [_thread_blocked, id=11288, stack(0x00000000086b0000,0x00000000087b0000)]
  0x00000000029e0800 JavaThread "main" [_thread_blocked, id=7408, stack(0x0000000002540000,0x0000000002640000)]

Other Threads:
  0x0000000007514800 VMThread [stack: 0x00000000085b0000,0x00000000086b0000] [id=12388]
  0x000000000892a000 WatcherThread [stack: 0x00000000092b0000,0x00000000093b0000] [id=5468]

VM state:not at safepoint (normal execution)

VM Mutex/Monitor currently owned by a thread:  ([mutex/lock_event])
[0x0000000002bdda90] Compile_lock - owner thread: 0x0000000000000000

Heap:
 PSYoungGen      total 174592K, used 120360K [0x00000000e0000000, 0x00000000eeb00000, 0x0000000100000000)
  eden space 157696K, 68% used [0x00000000e0000000,0x00000000e68c0520,0x00000000e9a00000)
  from space 16896K, 77% used [0x00000000eb300000,0x00000000ebfc9da8,0x00000000ec380000)
  to   space 25600K, 0% used [0x00000000e9a00000,0x00000000e9a00000,0x00000000eb300000)
 ParOldGen       total 100352K, used 45191K [0x00000000a0000000, 0x00000000a6200000, 0x00000000e0000000)
  object space 100352K, 45% used [0x00000000a0000000,0x00000000a2c21df0,0x00000000a6200000)
 Metaspace       used 63108K, capacity 65978K, committed 66176K, reserved 1105920K
  class space    used 8399K, capacity 8972K, committed 9088K, reserved 1048576K

Card table byte_map: [0x0000000002fa0000,0x00000000032b0000] byte_map_base: 0x0000000002aa0000

Marking Bits: (ParMarkBitMap*) 0x00000000624618f0
 Begin Bits: [0x00000000038b0000, 0x00000000050b0000)
 End Bits:   [0x00000000050b0000, 0x00000000068b0000)

Polling page: 0x0000000000db0000

CodeCache: size=245760Kb used=29088Kb max_used=29088Kb free=216671Kb
 bounds [0x000000000f010000, 0x0000000010ca0000, 0x000000001e010000]
 total_blobs=9477 nmethods=8714 adapters=675
 compilation: enabled

Compilation events (10 events):
Event: 200.130 Thread 0x00000000088bf000 10420       3       org.codehaus.groovy.runtime.ScriptBytecodeAdapter::compareEqual (99 bytes)
Event: 200.131 Thread 0x00000000088bf000 nmethod 10420 0x0000000010c84710 code [0x0000000010c848e0, 0x0000000010c85098]
Event: 200.132 Thread 0x00000000075ab800 nmethod 10392 0x0000000010c83d90 code [0x0000000010c83f00, 0x0000000010c84318]
Event: 200.132 Thread 0x00000000075ab800 10421   !   4       org.gradle.internal.metaobject.BeanDynamicObject$MetaClassAdapter::getProperty (199 bytes)
Event: 200.133 Thread 0x00000000088bf000 10422       3       org.codehaus.groovy.runtime.typehandling.DefaultTypeTransformation::compareToWithEqualityCheck (321 bytes)
Event: 200.136 Thread 0x00000000088bf000 nmethod 10422 0x0000000010c928d0 code [0x0000000010c92e00, 0x0000000010c972a8]
Event: 200.137 Thread 0x00000000088bf000 10423       3       com.android.build.gradle.internal.pipeline.TransformTask_Decorated::getProperty (11 bytes)
Event: 200.137 Thread 0x00000000088bf000 nmethod 10423 0x0000000010c92310 code [0x0000000010c92480, 0x0000000010c927b8]
Event: 200.137 Thread 0x00000000088bf000 10424       3       com.android.build.gradle.internal.pipeline.TransformTask_Decorated::getMetaClass (29 bytes)
Event: 200.138 Thread 0x00000000088bf000 nmethod 10424 0x0000000010c90c10 code [0x0000000010c90e20, 0x0000000010c91ae8]

GC Heap History (10 events):
Event: 14.476 GC heap before
{Heap before GC invocations=11 (full 2):
 PSYoungGen      total 146432K, used 145939K [0x00000000e0000000, 0x00000000e9d80000, 0x0000000100000000)
  eden space 135680K, 100% used [0x00000000e0000000,0x00000000e8480000,0x00000000e8480000)
  from space 10752K, 95% used [0x00000000e9300000,0x00000000e9d04dd8,0x00000000e9d80000)
  to   space 12800K, 0% used [0x00000000e8480000,0x00000000e8480000,0x00000000e9100000)
 ParOldGen       total 100352K, used 17448K [0x00000000a0000000, 0x00000000a6200000, 0x00000000e0000000)
  object space 100352K, 17% used [0x00000000a0000000,0x00000000a110a200,0x00000000a6200000)
 Metaspace       used 48545K, capacity 50156K, committed 50304K, reserved 1093632K
  class space    used 6597K, capacity 6959K, committed 7040K, reserved 1048576K
Event: 14.507 GC heap after
Heap after GC invocations=11 (full 2):
 PSYoungGen      total 148480K, used 12771K [0x00000000e0000000, 0x00000000ec380000, 0x0000000100000000)
  eden space 135680K, 0% used [0x00000000e0000000,0x00000000e0000000,0x00000000e8480000)
  from space 12800K, 99% used [0x00000000e8480000,0x00000000e90f8ca0,0x00000000e9100000)
  to   space 16896K, 0% used [0x00000000eb300000,0x00000000eb300000,0x00000000ec380000)
 ParOldGen       total 100352K, used 25116K [0x00000000a0000000, 0x00000000a6200000, 0x00000000e0000000)
  object space 100352K, 25% used [0x00000000a0000000,0x00000000a18873a8,0x00000000a6200000)
 Metaspace       used 48545K, capacity 50156K, committed 50304K, reserved 1093632K
  class space    used 6597K, capacity 6959K, committed 7040K, reserved 1048576K
}
Event: 18.949 GC heap before
{Heap before GC invocations=12 (full 2):
 PSYoungGen      total 148480K, used 148451K [0x00000000e0000000, 0x00000000ec380000, 0x0000000100000000)
  eden space 135680K, 100% used [0x00000000e0000000,0x00000000e8480000,0x00000000e8480000)
  from space 12800K, 99% used [0x00000000e8480000,0x00000000e90f8ca0,0x00000000e9100000)
  to   space 16896K, 0% used [0x00000000eb300000,0x00000000eb300000,0x00000000ec380000)
 ParOldGen       total 100352K, used 25116K [0x00000000a0000000, 0x00000000a6200000, 0x00000000e0000000)
  object space 100352K, 25% used [0x00000000a0000000,0x00000000a18873a8,0x00000000a6200000)
 Metaspace       used 53501K, capacity 55682K, committed 55936K, reserved 1097728K
  class space    used 7296K, capacity 7794K, committed 7808K, reserved 1048576K
Event: 19.025 GC heap after
Heap after GC invocations=12 (full 2):
 PSYoungGen      total 176640K, used 16864K [0x00000000e0000000, 0x00000000ed200000, 0x0000000100000000)
  eden space 159744K, 0% used [0x00000000e0000000,0x00000000e0000000,0x00000000e9c00000)
  from space 16896K, 99% used [0x00000000eb300000,0x00000000ec378218,0x00000000ec380000)
  to   space 23552K, 0% used [0x00000000e9c00000,0x00000000e9c00000,0x00000000eb300000)
 ParOldGen       total 100352K, used 36777K [0x00000000a0000000, 0x00000000a6200000, 0x00000000e0000000)
  object space 100352K, 36% used [0x00000000a0000000,0x00000000a23ea5f8,0x00000000a6200000)
 Metaspace       used 53501K, capacity 55682K, committed 55936K, reserved 1097728K
  class space    used 7296K, capacity 7794K, committed 7808K, reserved 1048576K
}
Event: 24.683 GC heap before
{Heap before GC invocations=13 (full 2):
 PSYoungGen      total 176640K, used 113584K [0x00000000e0000000, 0x00000000ed200000, 0x0000000100000000)
  eden space 159744K, 60% used [0x00000000e0000000,0x00000000e5e740e8,0x00000000e9c00000)
  from space 16896K, 99% used [0x00000000eb300000,0x00000000ec378218,0x00000000ec380000)
  to   space 23552K, 0% used [0x00000000e9c00000,0x00000000e9c00000,0x00000000eb300000)
 ParOldGen       total 100352K, used 36777K [0x00000000a0000000, 0x00000000a6200000, 0x00000000e0000000)
  object space 100352K, 36% used [0x00000000a0000000,0x00000000a23ea5f8,0x00000000a6200000)
 Metaspace       used 56608K, capacity 58940K, committed 59028K, reserved 1099776K
  class space    used 7627K, capacity 8127K, committed 8192K, reserved 1048576K
Event: 24.725 GC heap after
Heap after GC invocations=13 (full 2):
 PSYoungGen      total 183296K, used 23272K [0x00000000e0000000, 0x00000000ed200000, 0x0000000100000000)
  eden space 159744K, 0% used [0x00000000e0000000,0x00000000e0000000,0x00000000e9c00000)
  from space 23552K, 98% used [0x00000000e9c00000,0x00000000eb2ba1a0,0x00000000eb300000)
  to   space 16896K, 0% used [0x00000000eb300000,0x00000000eb300000,0x00000000ec380000)
 ParOldGen       total 100352K, used 36785K [0x00000000a0000000, 0x00000000a6200000, 0x00000000e0000000)
  object space 100352K, 36% used [0x00000000a0000000,0x00000000a23ec5f8,0x00000000a6200000)
 Metaspace       used 56608K, capacity 58940K, committed 59028K, reserved 1099776K
  class space    used 7627K, capacity 8127K, committed 8192K, reserved 1048576K
}
Event: 24.725 GC heap before
{Heap before GC invocations=14 (full 3):
 PSYoungGen      total 183296K, used 23272K [0x00000000e0000000, 0x00000000ed200000, 0x0000000100000000)
  eden space 159744K, 0% used [0x00000000e0000000,0x00000000e0000000,0x00000000e9c00000)
  from space 23552K, 98% used [0x00000000e9c00000,0x00000000eb2ba1a0,0x00000000eb300000)
  to   space 16896K, 0% used [0x00000000eb300000,0x00000000eb300000,0x00000000ec380000)
 ParOldGen       total 100352K, used 36785K [0x00000000a0000000, 0x00000000a6200000, 0x00000000e0000000)
  object space 100352K, 36% used [0x00000000a0000000,0x00000000a23ec5f8,0x00000000a6200000)
 Metaspace       used 56608K, capacity 58940K, committed 59028K, reserved 1099776K
  class space    used 7627K, capacity 8127K, committed 8192K, reserved 1048576K
Event: 25.055 GC heap after
Heap after GC invocations=14 (full 3):
 PSYoungGen      total 183296K, used 0K [0x00000000e0000000, 0x00000000ed200000, 0x0000000100000000)
  eden space 159744K, 0% used [0x00000000e0000000,0x00000000e0000000,0x00000000e9c00000)
  from space 23552K, 0% used [0x00000000e9c00000,0x00000000e9c00000,0x00000000eb300000)
  to   space 16896K, 0% used [0x00000000eb300000,0x00000000eb300000,0x00000000ec380000)
 ParOldGen       total 100352K, used 45183K [0x00000000a0000000, 0x00000000a6200000, 0x00000000e0000000)
  object space 100352K, 45% used [0x00000000a0000000,0x00000000a2c1fdf0,0x00000000a6200000)
 Metaspace       used 56608K, capacity 58940K, committed 59028K, reserved 1099776K
  class space    used 7627K, capacity 8127K, committed 8192K, reserved 1048576K
}
Event: 197.854 GC heap before
{Heap before GC invocations=15 (full 3):
 PSYoungGen      total 183296K, used 159744K [0x00000000e0000000, 0x00000000ed200000, 0x0000000100000000)
  eden space 159744K, 100% used [0x00000000e0000000,0x00000000e9c00000,0x00000000e9c00000)
  from space 23552K, 0% used [0x00000000e9c00000,0x00000000e9c00000,0x00000000eb300000)
  to   space 16896K, 0% used [0x00000000eb300000,0x00000000eb300000,0x00000000ec380000)
 ParOldGen       total 100352K, used 45183K [0x00000000a0000000, 0x00000000a6200000, 0x00000000e0000000)
  object space 100352K, 45% used [0x00000000a0000000,0x00000000a2c1fdf0,0x00000000a6200000)
 Metaspace       used 61386K, capacity 63890K, committed 64128K, reserved 1103872K
  class space    used 8161K, capacity 8708K, committed 8832K, reserved 1048576K
Event: 197.870 GC heap after
Heap after GC invocations=15 (full 3):
 PSYoungGen      total 174592K, used 13095K [0x00000000e0000000, 0x00000000eeb00000, 0x0000000100000000)
  eden space 157696K, 0% used [0x00000000e0000000,0x00000000e0000000,0x00000000e9a00000)
  from space 16896K, 77% used [0x00000000eb300000,0x00000000ebfc9da8,0x00000000ec380000)
  to   space 25600K, 0% used [0x00000000e9a00000,0x00000000e9a00000,0x00000000eb300000)
 ParOldGen       total 100352K, used 45191K [0x00000000a0000000, 0x00000000a6200000, 0x00000000e0000000)
  object space 100352K, 45% used [0x00000000a0000000,0x00000000a2c21df0,0x00000000a6200000)
 Metaspace       used 61386K, capacity 63890K, committed 64128K, reserved 1103872K
  class space    used 8161K, capacity 8708K, committed 8832K, reserved 1048576K
}

Deoptimization events (10 events):
Event: 199.202 Thread 0x000000000ea93000 Uncommon trap: reason=class_check action=maybe_recompile pc=0x000000001096add8 method=com.google.common.collect.AbstractMapBasedMultimap.iteratorOrListIterator(Ljava/util/Collection;)Ljava/util/Iterator; @ 1
Event: 199.202 Thread 0x000000000ea93000 Uncommon trap: reason=class_check action=maybe_recompile pc=0x0000000010901930 method=com.google.common.collect.AbstractMapBasedMultimap$WrappedCollection.refreshIfEmpty()V @ 40
Event: 199.277 Thread 0x000000000ea93000 Uncommon trap: reason=unstable_if action=reinterpret pc=0x000000001095489c method=com.google.common.cache.LocalCache$AccessQueue.peek()Lcom/google/common/cache/LocalCache$ReferenceEntry; @ 15
Event: 199.385 Thread 0x000000000ea93000 Uncommon trap: reason=array_check action=maybe_recompile pc=0x000000000f78f26c method=java.util.AbstractCollection.toArray([Ljava/lang/Object;)[Ljava/lang/Object; @ 119
Event: 199.385 Thread 0x000000000ea93000 Uncommon trap: reason=array_check action=maybe_recompile pc=0x000000000f78f26c method=java.util.AbstractCollection.toArray([Ljava/lang/Object;)[Ljava/lang/Object; @ 119
Event: 199.385 Thread 0x000000000ea93000 Uncommon trap: reason=array_check action=maybe_recompile pc=0x000000000f78f26c method=java.util.AbstractCollection.toArray([Ljava/lang/Object;)[Ljava/lang/Object; @ 119
Event: 199.385 Thread 0x000000000ea93000 Uncommon trap: reason=array_check action=maybe_recompile pc=0x000000000f78f26c method=java.util.AbstractCollection.toArray([Ljava/lang/Object;)[Ljava/lang/Object; @ 119
Event: 199.432 Thread 0x000000000ea93000 Uncommon trap: reason=null_check action=make_not_entrant pc=0x000000000f40e2c8 method=org.apache.commons.collections.map.LRUMap.get(Ljava/lang/Object;)Ljava/lang/Object; @ 5
Event: 199.444 Thread 0x000000000ea93000 Uncommon trap: reason=null_check action=make_not_entrant pc=0x000000000f92e024 method=org.apache.commons.collections.map.LRUMap.get(Ljava/lang/Object;)Ljava/lang/Object; @ 5
Event: 199.735 Thread 0x000000000ea93000 Uncommon trap: reason=class_check action=maybe_recompile pc=0x000000000f169814 method=java.util.regex.Pattern$BnM.match(Ljava/util/regex/Matcher;ILjava/lang/CharSequence;)Z @ 111

Internal exceptions (10 events):
Event: 199.937 Thread 0x000000000ea93000 Exception <a 'java/lang/ClassNotFoundException': com/google/common/collect/AbstractMapBasedMultimap$WrappedListCustomizer> (0x00000000e62e5e20) thrown at [C:\src\android\AOSP-openjdk\external\jetbrains\jdk\hotspot\src\share\vm\classfile\systemDictionary.cpÎFÿýh@
Event: 199.937 Thread 0x000000000ea93000 Exception <a 'java/lang/ClassNotFoundException': com/google/common/collect/AbstractMapBasedMultimap$RandomAccessWrappedListCustomizer> (0x00000000e6306f40) thrown at [C:\src\android\AOSP-openjdk\external\jetbrains\jdk\hotspot\src\share\vm\classfile\systemD
Event: 199.943 Thread 0x000000000ea93000 Exception <a 'java/lang/ClassNotFoundException': org/jetbrains/plugins/gradle/model/DefaultExternalLibraryDependencyBeanInfo> (0x00000000e63654f0) thrown at [C:\src\android\AOSP-openjdk\external\jetbrains\jdk\hotspot\src\share\vm\classfile\systemDictionary»\D
Event: 199.943 Thread 0x000000000ea93000 Exception <a 'java/lang/ClassNotFoundException': org/jetbrains/plugins/gradle/model/AbstractExternalDependencyBeanInfo> (0x00000000e6372a78) thrown at [C:\src\android\AOSP-openjdk\external\jetbrains\jdk\hotspot\src\share\vm\classfile\systemDictionary.cpp, (’¡4þh@
Event: 199.944 Thread 0x000000000ea93000 Exception <a 'java/lang/ClassNotFoundException': org/jetbrains/plugins/gradle/model/AbstractExternalDependencyCustomizer> (0x00000000e63801e0) thrown at [C:\src\android\AOSP-openjdk\external\jetbrains\jdk\hotspot\src\share\vm\classfile\systemDictionary.cpp;™Ë¸<þh@
Event: 199.945 Thread 0x000000000ea93000 Exception <a 'java/lang/ClassNotFoundException': org/jetbrains/plugins/gradle/model/DefaultExternalLibraryDependencyCustomizer> (0x00000000e63aaa90) thrown at [C:\src\android\AOSP-openjdk\external\jetbrains\jdk\hotspot\src\share\vm\classfile\systemDictiona+\ 'ß
Event: 200.027 Thread 0x000000000ea93000 Exception <a 'java/lang/ClassNotFoundException': org/jetbrains/plugins/gradle/model/DefaultExternalProjectBeanInfo> (0x00000000e65e8d68) thrown at [C:\src\android\AOSP-openjdk\external\jetbrains\jdk\hotspot\src\share\vm\classfile\systemDictionary.cpp, line5Þ‚â
Event: 200.028 Thread 0x000000000ea93000 Exception <a 'java/lang/ClassNotFoundException': org/jetbrains/plugins/gradle/model/DefaultExternalProjectCustomizer> (0x00000000e65f5460) thrown at [C:\src\android\AOSP-openjdk\external\jetbrains\jdk\hotspot\src\share\vm\classfile\systemDictionary.cpp, liV‚¡ÇIi@
Event: 200.040 Thread 0x000000000ea93000 Exception <a 'java/lang/ClassNotFoundException': org/jetbrains/plugins/gradle/model/DefaultExternalTaskBeanInfo> (0x00000000e6693078) thrown at [C:\src\android\AOSP-openjdk\external\jetbrains\jdk\hotspot\src\share\vm\classfile\systemDictionary.cpp, line 21xjÝMi@
Event: 200.041 Thread 0x000000000ea93000 Exception <a 'java/lang/ClassNotFoundException': org/jetbrains/plugins/gradle/model/DefaultExternalTaskCustomizer> (0x00000000e669f050) thrown at [C:\src\android\AOSP-openjdk\external\jetbrains\jdk\hotspot\src\share\vm\classfile\systemDictionary.cpp, line Óošµùýh@

Events (10 events):
Event: 200.040 loading class org/jetbrains/plugins/gradle/model/DefaultExternalTaskCustomizer
Event: 200.040 loading class org/jetbrains/plugins/gradle/model/DefaultExternalTaskCustomizer done
Event: 200.041 loading class org/jetbrains/plugins/gradle/model/DefaultExternalTaskCustomizer
Event: 200.041 loading class org/jetbrains/plugins/gradle/model/DefaultExternalTaskCustomizer done
Event: 200.084 loading class groovy/runtime/metaclass/org/jetbrains/plugins/gradle/tooling/builder/ExternalProjectBuilderImpl$_getPlugins_closure1MetaClass
Event: 200.084 loading class groovy/runtime/metaclass/org/jetbrains/plugins/gradle/tooling/builder/ExternalProjectBuilderImpl$_getPlugins_closure1MetaClass done
Event: 200.095 Thread 0x000000000ea93000 DEOPT PACKING pc=0x00000000104c1071 sp=0x000000002364b5f0
Event: 200.095 Thread 0x000000000ea93000 DEOPT UNPACKING pc=0x000000000f0575bf sp=0x000000002364b350 mode 0
Event: 200.099 loading class groovy/runtime/metaclass/org/jetbrains/plugins/gradle/tooling/builder/ExternalProjectBuilderImpl$_getSourceSets_closure3MetaClass
Event: 200.099 loading class groovy/runtime/metaclass/org/jetbrains/plugins/gradle/tooling/builder/ExternalProjectBuilderImpl$_getSourceSets_closure3MetaClass done


Dynamic libraries:
0x00007ff7cc910000 - 0x00007ff7cc941000 	C:\Program Files\Android\Android Studio\jre\bin\java.exe
0x00007ffad06f0000 - 0x00007ffad08c1000 	C:\Windows\SYSTEM32\ntdll.dll
0x00007ffad02e0000 - 0x00007ffad038c000 	C:\Windows\System32\KERNEL32.DLL
0x00007ffaccc10000 - 0x00007ffacce2d000 	C:\Windows\System32\KERNELBASE.dll
0x00007ffad0230000 - 0x00007ffad02d2000 	C:\Windows\System32\ADVAPI32.dll
0x00007ffacf4b0000 - 0x00007ffacf54e000 	C:\Windows\System32\msvcrt.dll
0x00007ffad01d0000 - 0x00007ffad0229000 	C:\Windows\System32\sechost.dll
0x00007ffacddc0000 - 0x00007ffacdee1000 	C:\Windows\System32\RPCRT4.dll
0x00007ffacfb40000 - 0x00007ffacfca5000 	C:\Windows\System32\USER32.dll
0x00007ffaccbf0000 - 0x00007ffaccc0e000 	C:\Windows\System32\win32u.dll
0x00007ffacdf60000 - 0x00007ffacdf94000 	C:\Windows\System32\GDI32.dll
0x00007ffacce30000 - 0x00007ffaccfb0000 	C:\Windows\System32\gdi32full.dll
0x00007ffac3f30000 - 0x00007ffac41aa000 	C:\Windows\WinSxS\amd64_microsoft.windows.common-controls_6595b64144ccf1df_6.0.14393.953_none_42151e83c686086b\COMCTL32.dll
0x00007ffacff00000 - 0x00007ffad01c8000 	C:\Windows\System32\combase.dll
0x00007ffacd7b0000 - 0x00007ffacd8a5000 	C:\Windows\System32\ucrtbase.dll
0x00007ffacd060000 - 0x00007ffacd0ca000 	C:\Windows\System32\bcryptPrimitives.dll
0x00007ffad0390000 - 0x00007ffad03be000 	C:\Windows\System32\IMM32.DLL
0x00007ffacc9f0000 - 0x00007ffacca21000 	C:\Windows\system32\nvinitx.dll
0x00007ffacc9e0000 - 0x00007ffacc9ea000 	C:\Windows\SYSTEM32\VERSION.dll
0x000000000f000000 - 0x000000000f006000 	C:\Program Files\NVIDIA Corporation\CoProcManager\_etoured.dll
0x00007ffaca660000 - 0x00007ffaca692000 	C:\Program Files\NVIDIA Corporation\CoProcManager\nvd3d9wrapx.dll
0x00007ffacf710000 - 0x00007ffacfb39000 	C:\Windows\System32\SETUPAPI.dll
0x00007ffacd8b0000 - 0x00007ffacd8f2000 	C:\Windows\System32\cfgmgr32.dll
0x00007ffaca5c0000 - 0x00007ffaca5e2000 	C:\Program Files\NVIDIA Corporation\CoProcManager\nvdxgiwrapx.dll
0x0000000062b70000 - 0x0000000062c42000 	C:\Program Files\Android\Android Studio\jre\jre\bin\msvcr100.dll
0x0000000061ca0000 - 0x00000000624dc000 	C:\Program Files\Android\Android Studio\jre\jre\bin\server\jvm.dll
0x00007ffacfef0000 - 0x00007ffacfef8000 	C:\Windows\System32\PSAPI.DLL
0x00007ffab62f0000 - 0x00007ffab62f9000 	C:\Windows\SYSTEM32\WSOCK32.dll
0x00007ffacaf20000 - 0x00007ffacaf43000 	C:\Windows\SYSTEM32\WINMM.dll
0x00007ffad0480000 - 0x00007ffad04ea000 	C:\Windows\System32\WS2_32.dll
0x0000000002510000 - 0x000000000253b000 	C:\Windows\SYSTEM32\WINMMBASE.dll
0x00007ffacaf90000 - 0x00007ffacaf9f000 	C:\Program Files\Android\Android Studio\jre\jre\bin\verify.dll
0x00007ffaafb30000 - 0x00007ffaafb59000 	C:\Program Files\Android\Android Studio\jre\jre\bin\java.dll
0x00007ffaaf800000 - 0x00007ffaaf816000 	C:\Program Files\Android\Android Studio\jre\jre\bin\zip.dll
0x00007ffacdfa0000 - 0x00007ffacf4a8000 	C:\Windows\System32\SHELL32.dll
0x00007ffacd0d0000 - 0x00007ffacd7aa000 	C:\Windows\System32\windows.storage.dll
0x00007ffaccb90000 - 0x00007ffaccbdc000 	C:\Windows\System32\powrprof.dll
0x00007ffad0690000 - 0x00007ffad06e2000 	C:\Windows\System32\shlwapi.dll
0x0000000002660000 - 0x000000000266f000 	C:\Windows\System32\kernel.appcore.dll
0x00007ffacdbd0000 - 0x00007ffacdc79000 	C:\Windows\System32\shcore.dll
0x00007ffaccb60000 - 0x00007ffaccb74000 	C:\Windows\System32\profapi.dll
0x00007ffaaef50000 - 0x00007ffaaef6a000 	C:\Program Files\Android\Android Studio\jre\jre\bin\net.dll
0x00007ffacc370000 - 0x00007ffacc3cc000 	C:\Windows\system32\mswsock.dll
0x00007ffaaef30000 - 0x00007ffaaef41000 	C:\Program Files\Android\Android Studio\jre\jre\bin\nio.dll
0x00007ffac0c10000 - 0x00007ffac0c2e000 	C:\Users\geyee\.gradle\native\23\windows-amd64\native-platform.dll
0x00007ffacc520000 - 0x00007ffacc537000 	C:\Windows\SYSTEM32\CRYPTSP.dll
0x00007ffacbf70000 - 0x00007ffacbfa3000 	C:\Windows\system32\rsaenh.dll
0x00007ffacca30000 - 0x00007ffacca5b000 	C:\Windows\SYSTEM32\bcrypt.dll
0x00007ffacc1f0000 - 0x00007ffacc20f000 	C:\Windows\SYSTEM32\USERENV.dll
0x00007ffacc510000 - 0x00007ffacc51b000 	C:\Windows\SYSTEM32\CRYPTBASE.dll
0x00007ffacc0f0000 - 0x00007ffacc128000 	C:\Windows\SYSTEM32\IPHLPAPI.DLL
0x00007ffacfee0000 - 0x00007ffacfee8000 	C:\Windows\System32\NSI.dll
0x00007ffac6650000 - 0x00007ffac6666000 	C:\Windows\SYSTEM32\dhcpcsvc6.DLL
0x00007ffac6700000 - 0x00007ffac671a000 	C:\Windows\SYSTEM32\dhcpcsvc.DLL
0x00007ffabff90000 - 0x00007ffabff9d000 	C:\Program Files\Android\Android Studio\jre\jre\bin\management.dll

VM Arguments:
jvm_args: -Xmx1536m -Dfile.encoding=GBK -Duser.country=CN -Duser.language=zh -Duser.variant 
java_command: org.gradle.launcher.daemon.bootstrap.GradleDaemon 3.3
java_class_path (initial): C:\Users\geyee\.gradle\wrapper\dists\gradle-3.3-all\55gk2rcmfc6p2dg9u9ohc3hw9\gradle-3.3\lib\gradle-launcher-3.3.jar
Launcher Type: SUN_STANDARD

Environment Variables:
JAVA_HOME=C:\Program Files\Java\jdk1.8.0_144
PATH=C:\Windows\system32;C:\Windows;C:\Windows\System32\Wbem;C:\Windows\System32\WindowsPowerShell\v1.0\;C:\Program Files\OpenVPN\bin;C:\Program Files\Git\cmd;C:\Users\geyee\AppData\Roaming\nvm;C:\Program Files\nodejs;C:\Users\geyee\AppData\Local\Microsoft\WindowsApps;C:\Users\geyee\AppData\Roaming\nvm;C:\Program Files\nodejs
USERNAME=geyee
OS=Windows_NT
PROCESSOR_IDENTIFIER=Intel64 Family 6 Model 42 Stepping 7, GenuineIntel



---------------  S Y S T E M  ---------------

OS: Windows 10.0 , 64 bit Build 14393 (10.0.14393.1198)

CPU:total 4 (2 cores per cpu, 2 threads per core) family 6 model 42 stepping 7, cmov, cx8, fxsr, mmx, sse, sse2, sse3, ssse3, sse4.1, sse4.2, popcnt, avx, aes, clmul, ht, tsc, tscinvbit

Memory: 4k page, physical 8269048k(2243744k free), swap 11093452k(5412k free)

vm_info: OpenJDK 64-Bit Server VM (25.112-b06) for windows-amd64 JRE (1.8.0_112-release-b06), built on Dec  8 2016 00:54:26 by "builder" with MS VC++ 10.0 (VS2010)

time: Sat Aug 12 19:59:16 2017
elapsed time: 200 seconds (0d 0h 3m 20s)

