#
# There is insufficient memory for the Java Runtime Environment to continue.
# Native memory allocation (malloc) failed to allocate 32744 bytes for ChunkPool::allocate
# Possible reasons:
#   The system is out of physical RAM or swap space
#   In 32 bit mode, the process size limit was hit
# Possible solutions:
#   Reduce memory load on the system
#   Increase physical memory or swap space
#   Check if swap backing store is full
#   Use 64 bit Java on a 64 bit OS
#   Decrease Java heap size (-Xmx/-Xms)
#   Decrease number of Java threads
#   Decrease Java thread stack sizes (-Xss)
#   Set larger code cache with -XX:ReservedCodeCacheSize=
# This output file may be truncated or incomplete.
#
#  Out of Memory Error (allocation.cpp:273), pid=9492, tid=0x0000000000000be8
#
# JRE version: OpenJDK Runtime Environment (8.0_112-b06) (build 1.8.0_112-release-b06)
# Java VM: OpenJDK 64-Bit Server VM (25.112-b06 mixed mode windows-amd64 compressed oops)
# Failed to write core dump. Minidumps are not enabled by default on client versions of Windows
#

---------------  T H R E A D  ---------------

Current thread (0x00000000077f7800):  JavaThread "C2 CompilerThread0" daemon [_thread_in_native, id=3048, stack(0x00000000090f0000,0x00000000091f0000)]

Stack: [0x00000000090f0000,0x00000000091f0000]
[error occurred during error reporting (printing stack bounds), id 0xc0000005]

Native frames: (J=compiled Java code, j=interpreted, Vv=VM code, C=native code)


Current CompileTask:
C2: 149173 6780       4       org.gradle.model.internal.type.ModelType$Simple::<init> (10 bytes)


---------------  P R O C E S S  ---------------

Java Threads: ( => current thread )
  0x000000000d383800 JavaThread "Stdin handler" [_thread_blocked, id=11560, stack(0x0000000022730000,0x0000000022830000)]
  0x000000000d382800 JavaThread "Asynchronous log dispatcher for DefaultDaemonConnection: socket connection from /127.0.0.1:13127 to /127.0.0.1:13169" [_thread_blocked, id=6088, stack(0x0000000022630000,0x0000000022730000)]
  0x000000000d382000 JavaThread "Daemon worker Thread 2" [_thread_in_native, id=2448, stack(0x0000000022530000,0x0000000022630000)]
  0x000000000d387000 JavaThread "Cancel handler" [_thread_blocked, id=12812, stack(0x0000000022430000,0x0000000022530000)]
  0x000000000d385000 JavaThread "Handler for socket connection from /127.0.0.1:13127 to /127.0.0.1:13169" [_thread_in_native, id=11972, stack(0x0000000022330000,0x0000000022430000)]
  0x000000000d388000 JavaThread "Daemon Thread 2" [_thread_blocked, id=9192, stack(0x0000000020a50000,0x0000000020b50000)]
  0x000000000b039800 JavaThread "File lock request listener" [_thread_in_native, id=1984, stack(0x000000000cc90000,0x000000000cd90000)]
  0x000000000a4c4000 JavaThread "pool-1-thread-1" [_thread_blocked, id=5008, stack(0x000000000c590000,0x000000000c690000)]
  0x000000000a3cd000 JavaThread "Incoming local TCP Connector on port 13127" [_thread_in_native, id=2300, stack(0x000000000add0000,0x000000000aed0000)]
  0x0000000008b5f800 JavaThread "Service Thread" daemon [_thread_blocked, id=12976, stack(0x00000000093f0000,0x00000000094f0000)]
  0x0000000008b39000 JavaThread "C1 CompilerThread2" daemon [_thread_in_native, id=9328, stack(0x00000000092f0000,0x00000000093f0000)]
  0x0000000008b2c000 JavaThread "C2 CompilerThread1" daemon [_thread_in_native, id=13132, stack(0x00000000091f0000,0x00000000092f0000)]
=>0x00000000077f7800 JavaThread "C2 CompilerThread0" daemon [_thread_in_native, id=3048, stack(0x00000000090f0000,0x00000000091f0000)]
  0x0000000008af8800 JavaThread "Attach Listener" daemon [_thread_blocked, id=3044, stack(0x0000000008ff0000,0x00000000090f0000)]
  0x00000000077b1000 JavaThread "Signal Dispatcher" daemon [_thread_blocked, id=12872, stack(0x0000000008ef0000,0x0000000008ff0000)]
  0x0000000002e2b000 JavaThread "Finalizer" daemon [_thread_blocked, id=5916, stack(0x00000000089f0000,0x0000000008af0000)]
  0x0000000007767000 JavaThread "Reference Handler" daemon [_thread_blocked, id=4708, stack(0x00000000088f0000,0x00000000089f0000)]
  0x0000000002d30800 JavaThread "main" [_thread_blocked, id=7324, stack(0x0000000002c30000,0x0000000002d30000)]

Other Threads:
  0x0000000007764800 VMThread [stack: 0x00000000087f0000,0x00000000088f0000] [id=9964]
  0x0000000008b60000 WatcherThread [stack: 0x00000000094f0000,0x00000000095f0000] [id=6172]

VM state:not at safepoint (normal execution)

VM Mutex/Monitor currently owned by a thread: None

Heap:
 PSYoungGen      total 143872K, used 31363K [0x00000000e0000000, 0x00000000ed180000, 0x0000000100000000)
  eden space 126976K, 11% used [0x00000000e0000000,0x00000000e0e24ca8,0x00000000e7c00000)
  from space 16896K, 99% used [0x00000000e7c00000,0x00000000e8c7c228,0x00000000e8c80000)
  to   space 23040K, 0% used [0x00000000ebb00000,0x00000000ebb00000,0x00000000ed180000)
 ParOldGen       total 93696K, used 34384K [0x00000000a0000000, 0x00000000a5b80000, 0x00000000e0000000)
  object space 93696K, 36% used [0x00000000a0000000,0x00000000a21942e8,0x00000000a5b80000)
 Metaspace       used 53807K, capacity 56106K, committed 56320K, reserved 1097728K
  class space    used 7324K, capacity 7822K, committed 7936K, reserved 1048576K

Card table byte_map: [0x00000000031f0000,0x0000000003500000] byte_map_base: 0x0000000002cf0000

Marking Bits: (ParMarkBitMap*) 0x00000000624618f0
 Begin Bits: [0x0000000003b00000, 0x0000000005300000)
 End Bits:   [0x0000000005300000, 0x0000000006b00000)

Polling page: 0x0000000000f90000

CodeCache: size=245760Kb used=20419Kb max_used=22418Kb free=225340Kb
 bounds [0x000000000f010000, 0x0000000010640000, 0x000000001e010000]
 total_blobs=6678 nmethods=5930 adapters=660
 compilation: enabled

Compilation events (10 events):
Event: 149.091 Thread 0x0000000008b39000 6960       2       org.xml.sax.InputSource::setByteStream (6 bytes)
Event: 149.091 Thread 0x0000000008b39000 nmethod 6960 0x0000000010149950 code [0x0000000010149aa0, 0x0000000010149c10]
Event: 149.098 Thread 0x0000000008b39000 6961       2       org.gradle.api.internal.artifacts.repositories.resolver.ExternalResourceResolver::getMetaDataArtifactFor (30 bytes)
Event: 149.099 Thread 0x0000000008b39000 nmethod 6961 0x000000000f790110 code [0x000000000f790280, 0x000000000f790578]
Event: 149.099 Thread 0x0000000008b39000 6962       2       org.gradle.api.internal.artifacts.repositories.resolver.MavenResolver::getMetaDataArtifactName (13 bytes)
Event: 149.099 Thread 0x0000000008b39000 nmethod 6962 0x0000000010149550 code [0x00000000101496a0, 0x00000000101498b0]
Event: 149.099 Thread 0x0000000008b39000 6963       2       org.gradle.internal.component.model.DefaultModuleDescriptorArtifactMetadata::<init> (10 bytes)
Event: 149.099 Thread 0x0000000008b39000 nmethod 6963 0x000000000f303b90 code [0x000000000f303ce0, 0x000000000f303e50]
Event: 149.112 Thread 0x0000000008b39000 6964   !   2       sun.nio.cs.StreamDecoder::forInputStreamReader (48 bytes)
Event: 149.113 Thread 0x0000000008b39000 nmethod 6964 0x000000000f542690 code [0x000000000f542860, 0x000000000f542d08]

GC Heap History (10 events):
Event: 10.637 GC heap before
{Heap before GC invocations=11 (full 2):
 PSYoungGen      total 80896K, used 8519K [0x00000000e0000000, 0x00000000e7480000, 0x0000000100000000)
  eden space 70144K, 0% used [0x00000000e0000000,0x00000000e0000000,0x00000000e4480000)
  from space 10752K, 79% used [0x00000000e4480000,0x00000000e4cd1d28,0x00000000e4f00000)
  to   space 11264K, 0% used [0x00000000e6980000,0x00000000e6980000,0x00000000e7480000)
 ParOldGen       total 65536K, used 8773K [0x00000000a0000000, 0x00000000a4000000, 0x00000000e0000000)
  object space 65536K, 13% used [0x00000000a0000000,0x00000000a0891600,0x00000000a4000000)
 Metaspace       used 34621K, capacity 35412K, committed 35496K, reserved 1079296K
  class space    used 4651K, capacity 4849K, committed 4864K, reserved 1048576K
Event: 10.731 GC heap after
Heap after GC invocations=11 (full 2):
 PSYoungGen      total 80896K, used 0K [0x00000000e0000000, 0x00000000e7480000, 0x0000000100000000)
  eden space 70144K, 0% used [0x00000000e0000000,0x00000000e0000000,0x00000000e4480000)
  from space 10752K, 0% used [0x00000000e4480000,0x00000000e4480000,0x00000000e4f00000)
  to   space 11264K, 0% used [0x00000000e6980000,0x00000000e6980000,0x00000000e7480000)
 ParOldGen       total 93696K, used 15188K [0x00000000a0000000, 0x00000000a5b80000, 0x00000000e0000000)
  object space 93696K, 16% used [0x00000000a0000000,0x00000000a0ed5148,0x00000000a5b80000)
 Metaspace       used 34621K, capacity 35412K, committed 35496K, reserved 1079296K
  class space    used 4651K, capacity 4849K, committed 4864K, reserved 1048576K
}
Event: 11.669 GC heap before
{Heap before GC invocations=12 (full 2):
 PSYoungGen      total 80896K, used 70144K [0x00000000e0000000, 0x00000000e7480000, 0x0000000100000000)
  eden space 70144K, 100% used [0x00000000e0000000,0x00000000e4480000,0x00000000e4480000)
  from space 10752K, 0% used [0x00000000e4480000,0x00000000e4480000,0x00000000e4f00000)
  to   space 11264K, 0% used [0x00000000e6980000,0x00000000e6980000,0x00000000e7480000)
 ParOldGen       total 93696K, used 15188K [0x00000000a0000000, 0x00000000a5b80000, 0x00000000e0000000)
  object space 93696K, 16% used [0x00000000a0000000,0x00000000a0ed5148,0x00000000a5b80000)
 Metaspace       used 37947K, capacity 38788K, committed 39168K, reserved 1083392K
  class space    used 5072K, capacity 5297K, committed 5376K, reserved 1048576K
Event: 11.688 GC heap after
Heap after GC invocations=12 (full 2):
 PSYoungGen      total 103936K, used 7512K [0x00000000e0000000, 0x00000000e7280000, 0x0000000100000000)
  eden space 94720K, 0% used [0x00000000e0000000,0x00000000e0000000,0x00000000e5c80000)
  from space 9216K, 81% used [0x00000000e6980000,0x00000000e70d6358,0x00000000e7280000)
  to   space 11264K, 0% used [0x00000000e5c80000,0x00000000e5c80000,0x00000000e6780000)
 ParOldGen       total 93696K, used 15196K [0x00000000a0000000, 0x00000000a5b80000, 0x00000000e0000000)
  object space 93696K, 16% used [0x00000000a0000000,0x00000000a0ed7148,0x00000000a5b80000)
 Metaspace       used 37947K, capacity 38788K, committed 39168K, reserved 1083392K
  class space    used 5072K, capacity 5297K, committed 5376K, reserved 1048576K
}
Event: 13.885 GC heap before
{Heap before GC invocations=13 (full 2):
 PSYoungGen      total 103936K, used 102232K [0x00000000e0000000, 0x00000000e7280000, 0x0000000100000000)
  eden space 94720K, 100% used [0x00000000e0000000,0x00000000e5c80000,0x00000000e5c80000)
  from space 9216K, 81% used [0x00000000e6980000,0x00000000e70d6358,0x00000000e7280000)
  to   space 11264K, 0% used [0x00000000e5c80000,0x00000000e5c80000,0x00000000e6780000)
 ParOldGen       total 93696K, used 15196K [0x00000000a0000000, 0x00000000a5b80000, 0x00000000e0000000)
  object space 93696K, 16% used [0x00000000a0000000,0x00000000a0ed7148,0x00000000a5b80000)
 Metaspace       used 45100K, capacity 46250K, committed 46592K, reserved 1089536K
  class space    used 6051K, capacity 6313K, committed 6400K, reserved 1048576K
Event: 13.986 GC heap after
Heap after GC invocations=13 (full 2):
 PSYoungGen      total 105984K, used 11233K [0x00000000e0000000, 0x00000000e9900000, 0x0000000100000000)
  eden space 94720K, 0% used [0x00000000e0000000,0x00000000e0000000,0x00000000e5c80000)
  from space 11264K, 99% used [0x00000000e5c80000,0x00000000e67786d8,0x00000000e6780000)
  to   space 12800K, 0% used [0x00000000e8c80000,0x00000000e8c80000,0x00000000e9900000)
 ParOldGen       total 93696K, used 16865K [0x00000000a0000000, 0x00000000a5b80000, 0x00000000e0000000)
  object space 93696K, 18% used [0x00000000a0000000,0x00000000a10787c8,0x00000000a5b80000)
 Metaspace       used 45100K, capacity 46250K, committed 46592K, reserved 1089536K
  class space    used 6051K, capacity 6313K, committed 6400K, reserved 1048576K
}
Event: 16.991 GC heap before
{Heap before GC invocations=14 (full 2):
 PSYoungGen      total 105984K, used 105953K [0x00000000e0000000, 0x00000000e9900000, 0x0000000100000000)
  eden space 94720K, 100% used [0x00000000e0000000,0x00000000e5c80000,0x00000000e5c80000)
  from space 11264K, 99% used [0x00000000e5c80000,0x00000000e67786d8,0x00000000e6780000)
  to   space 12800K, 0% used [0x00000000e8c80000,0x00000000e8c80000,0x00000000e9900000)
 ParOldGen       total 93696K, used 16865K [0x00000000a0000000, 0x00000000a5b80000, 0x00000000e0000000)
  object space 93696K, 18% used [0x00000000a0000000,0x00000000a10787c8,0x00000000a5b80000)
 Metaspace       used 49663K, capacity 51188K, committed 51456K, reserved 1093632K
  class space    used 6776K, capacity 7132K, committed 7168K, reserved 1048576K
Event: 17.036 GC heap after
Heap after GC invocations=14 (full 2):
 PSYoungGen      total 139776K, used 12787K [0x00000000e0000000, 0x00000000e9f80000, 0x0000000100000000)
  eden space 126976K, 0% used [0x00000000e0000000,0x00000000e0000000,0x00000000e7c00000)
  from space 12800K, 99% used [0x00000000e8c80000,0x00000000e98fce88,0x00000000e9900000)
  to   space 16896K, 0% used [0x00000000e7c00000,0x00000000e7c00000,0x00000000e8c80000)
 ParOldGen       total 93696K, used 24124K [0x00000000a0000000, 0x00000000a5b80000, 0x00000000e0000000)
  object space 93696K, 25% used [0x00000000a0000000,0x00000000a178f270,0x00000000a5b80000)
 Metaspace       used 49663K, capacity 51188K, committed 51456K, reserved 1093632K
  class space    used 6776K, capacity 7132K, committed 7168K, reserved 1048576K
}
Event: 148.914 GC heap before
{Heap before GC invocations=15 (full 2):
 PSYoungGen      total 139776K, used 139763K [0x00000000e0000000, 0x00000000e9f80000, 0x0000000100000000)
  eden space 126976K, 100% used [0x00000000e0000000,0x00000000e7c00000,0x00000000e7c00000)
  from space 12800K, 99% used [0x00000000e8c80000,0x00000000e98fce88,0x00000000e9900000)
  to   space 16896K, 0% used [0x00000000e7c00000,0x00000000e7c00000,0x00000000e8c80000)
 ParOldGen       total 93696K, used 24124K [0x00000000a0000000, 0x00000000a5b80000, 0x00000000e0000000)
  object space 93696K, 25% used [0x00000000a0000000,0x00000000a178f270,0x00000000a5b80000)
 Metaspace       used 53757K, capacity 56106K, committed 56320K, reserved 1097728K
  class space    used 7324K, capacity 7822K, committed 7936K, reserved 1048576K
Event: 148.947 GC heap after
Heap after GC invocations=15 (full 2):
 PSYoungGen      total 143872K, used 16880K [0x00000000e0000000, 0x00000000ed180000, 0x0000000100000000)
  eden space 126976K, 0% used [0x00000000e0000000,0x00000000e0000000,0x00000000e7c00000)
  from space 16896K, 99% used [0x00000000e7c00000,0x00000000e8c7c228,0x00000000e8c80000)
  to   space 23040K, 0% used [0x00000000ebb00000,0x00000000ebb00000,0x00000000ed180000)
 ParOldGen       total 93696K, used 34384K [0x00000000a0000000, 0x00000000a5b80000, 0x00000000e0000000)
  object space 93696K, 36% used [0x00000000a0000000,0x00000000a21942e8,0x00000000a5b80000)
 Metaspace       used 53757K, capacity 56106K, committed 56320K, reserved 1097728K
  class space    used 7324K, capacity 7822K, committed 7936K, reserved 1048576K
}

Deoptimization events (10 events):
Event: 16.638 Thread 0x000000000a023000 Uncommon trap: reason=class_check action=maybe_recompile pc=0x000000001002e0a8 method=java.util.regex.Pattern$BnM.match(Ljava/util/regex/Matcher;ILjava/lang/CharSequence;)Z @ 111
Event: 16.880 Thread 0x000000000a023000 Uncommon trap: reason=unstable_if action=reinterpret pc=0x0000000010348020 method=java.lang.AbstractStringBuilder.append(I)Ljava/lang/AbstractStringBuilder; @ 16
Event: 16.881 Thread 0x000000000a023000 Uncommon trap: reason=class_check action=maybe_recompile pc=0x000000000f789b00 method=java.lang.Throwable.<init>(Ljava/lang/String;Ljava/lang/Throwable;)V @ 24
Event: 17.044 Thread 0x000000000a023000 Uncommon trap: reason=unstable_if action=reinterpret pc=0x0000000010402744 method=java.lang.reflect.Executable.sharedToGenericString(IZ)Ljava/lang/String; @ 65
Event: 17.288 Thread 0x000000000a023000 Uncommon trap: reason=unstable_if action=reinterpret pc=0x000000000fc03c04 method=org.codehaus.groovy.reflection.CachedMethod.compareToMethod(Ljava/lang/reflect/Method;)I @ 71
Event: 17.449 Thread 0x000000000a023000 Uncommon trap: reason=class_check action=maybe_recompile pc=0x000000000f789b00 method=java.lang.Throwable.<init>(Ljava/lang/String;Ljava/lang/Throwable;)V @ 24
Event: 17.475 Thread 0x000000000a023000 Uncommon trap: reason=class_check action=maybe_recompile pc=0x000000000f789b00 method=java.lang.Throwable.<init>(Ljava/lang/String;Ljava/lang/Throwable;)V @ 24
Event: 17.851 Thread 0x000000000a023000 Uncommon trap: reason=unstable_if action=reinterpret pc=0x00000000105145c0 method=java.lang.Class$MethodArray.addInterfaceMethods([Ljava/lang/reflect/Method;)V @ 28
Event: 17.924 Thread 0x000000000a023000 Uncommon trap: reason=class_check action=maybe_recompile pc=0x000000000f789b00 method=java.lang.Throwable.<init>(Ljava/lang/String;Ljava/lang/Throwable;)V @ 24
Event: 18.141 Thread 0x000000000a023000 Uncommon trap: reason=unstable_if action=reinterpret pc=0x000000000f8fed20 method=java.lang.reflect.Proxy.isProxyClass(Ljava/lang/Class;)Z @ 6

Internal exceptions (10 events):
Event: 148.498 Thread 0x000000000d382000 Exception <a 'java/lang/ClassNotFoundException': asLocalRepo58968_bszi0g7kb96fxb3a0skap1j6kCustomizer> (0x00000000e6c57b38) thrown at [C:\src\android\AOSP-openjdk\external\jetbrains\jdk\hotspot\src\share\vm\classfile\systemDictionary.cpp, line 210]
Event: 148.557 Thread 0x000000000d382000 Exception <a 'java/lang/ClassNotFoundException': ijinit12_bitw43e1uaynu4nkvm67g2sbdBeanInfo> (0x00000000e6d68668) thrown at [C:\src\android\AOSP-openjdk\external\jetbrains\jdk\hotspot\src\share\vm\classfile\systemDictionary.cpp, line 210]
Event: 148.558 Thread 0x000000000d382000 Exception <a 'java/lang/ClassNotFoundException': ijinit12_bitw43e1uaynu4nkvm67g2sbdCustomizer> (0x00000000e6d72d60) thrown at [C:\src\android\AOSP-openjdk\external\jetbrains\jdk\hotspot\src\share\vm\classfile\systemDictionary.cpp, line 210]
Event: 148.575 Thread 0x000000000d382000 Exception <a 'java/lang/reflect/InvocationTargetException'> (0x00000000e6de1050) thrown at [C:\src\android\AOSP-openjdk\external\jetbrains\jdk\hotspot\src\share\vm\runtime\reflection.cpp, line 1092]
Event: 148.576 Thread 0x000000000d382000 Exception <a 'java/lang/ClassNotFoundException': ijinit12_bitw43e1uaynu4nkvm67g2sbd$_run_closure1BeanInfo> (0x00000000e6df4a68) thrown at [C:\src\android\AOSP-openjdk\external\jetbrains\jdk\hotspot\src\share\vm\classfile\systemDictionary.cpp, line 210]
Event: 148.577 Thread 0x000000000d382000 Exception <a 'java/lang/ClassNotFoundException': ijinit12_bitw43e1uaynu4nkvm67g2sbd$_run_closure1Customizer> (0x00000000e6dfa390) thrown at [C:\src\android\AOSP-openjdk\external\jetbrains\jdk\hotspot\src\share\vm\classfile\systemDictionary.cpp, line 210]
Event: 148.664 Thread 0x000000000d382000 Exception <a 'java/lang/ClassNotFoundException': ijinit12_bitw43e1uaynu4nkvm67g2sbdBeanInfo> (0x00000000e6f0a768) thrown at [C:\src\android\AOSP-openjdk\external\jetbrains\jdk\hotspot\src\share\vm\classfile\systemDictionary.cpp, line 210]
Event: 148.665 Thread 0x000000000d382000 Exception <a 'java/lang/ClassNotFoundException': ijinit12_bitw43e1uaynu4nkvm67g2sbdCustomizer> (0x00000000e6f14c08) thrown at [C:\src\android\AOSP-openjdk\external\jetbrains\jdk\hotspot\src\share\vm\classfile\systemDictionary.cpp, line 210]
Event: 148.713 Thread 0x000000000d382000 Exception <a 'java/lang/ClassNotFoundException': JetGradlePluginBeanInfo> (0x00000000e70282c0) thrown at [C:\src\android\AOSP-openjdk\external\jetbrains\jdk\hotspot\src\share\vm\classfile\systemDictionary.cpp, line 210]
Event: 148.714 Thread 0x000000000d382000 Exception <a 'java/lang/ClassNotFoundException': JetGradlePluginCustomizer> (0x00000000e702fa60) thrown at [C:\src\android\AOSP-openjdk\external\jetbrains\jdk\hotspot\src\share\vm\classfile\systemDictionary.cpp, line 210]

Events (10 events):
Event: 149.109 Thread 0x000000000d382000 DEOPT PACKING pc=0x000000000fb99efc sp=0x000000002262adb0
Event: 149.109 Thread 0x000000000d382000 DEOPT UNPACKING pc=0x000000000f0575bf sp=0x000000002262abc8 mode 0
Event: 149.109 Thread 0x000000000d382000 DEOPT PACKING pc=0x000000000fb99efc sp=0x000000002262ad00
Event: 149.109 Thread 0x000000000d382000 DEOPT UNPACKING pc=0x000000000f0575bf sp=0x000000002262ab18 mode 0
Event: 149.110 Thread 0x000000000d382000 DEOPT PACKING pc=0x000000000fb99efc sp=0x000000002262ac70
Event: 149.110 Thread 0x000000000d382000 DEOPT UNPACKING pc=0x000000000f0575bf sp=0x000000002262aa88 mode 0
Event: 149.110 Thread 0x000000000d382000 DEOPT PACKING pc=0x000000000fb99efc sp=0x000000002262ad00
Event: 149.110 Thread 0x000000000d382000 DEOPT UNPACKING pc=0x000000000f0575bf sp=0x000000002262ab18 mode 0
Event: 149.110 Thread 0x000000000d382000 DEOPT PACKING pc=0x000000000fb99efc sp=0x000000002262ac70
Event: 149.110 Thread 0x000000000d382000 DEOPT UNPACKING pc=0x000000000f0575bf sp=0x000000002262aa88 mode 0


Dynamic libraries:
0x00007ff7cc910000 - 0x00007ff7cc941000 	C:\Program Files\Android\Android Studio\jre\bin\java.exe
0x00007ffad06f0000 - 0x00007ffad08c1000 	C:\Windows\SYSTEM32\ntdll.dll
0x00007ffad02e0000 - 0x00007ffad038c000 	C:\Windows\System32\KERNEL32.DLL
0x00007ffaccc10000 - 0x00007ffacce2d000 	C:\Windows\System32\KERNELBASE.dll
0x00007ffad0230000 - 0x00007ffad02d2000 	C:\Windows\System32\ADVAPI32.dll
0x00007ffacf4b0000 - 0x00007ffacf54e000 	C:\Windows\System32\msvcrt.dll
0x00007ffad01d0000 - 0x00007ffad0229000 	C:\Windows\System32\sechost.dll
0x00007ffacddc0000 - 0x00007ffacdee1000 	C:\Windows\System32\RPCRT4.dll
0x00007ffacfb40000 - 0x00007ffacfca5000 	C:\Windows\System32\USER32.dll
0x00007ffaccbf0000 - 0x00007ffaccc0e000 	C:\Windows\System32\win32u.dll
0x00007ffacdf60000 - 0x00007ffacdf94000 	C:\Windows\System32\GDI32.dll
0x00007ffacce30000 - 0x00007ffaccfb0000 	C:\Windows\System32\gdi32full.dll
0x00007ffac3f30000 - 0x00007ffac41aa000 	C:\Windows\WinSxS\amd64_microsoft.windows.common-controls_6595b64144ccf1df_6.0.14393.953_none_42151e83c686086b\COMCTL32.dll
0x00007ffacff00000 - 0x00007ffad01c8000 	C:\Windows\System32\combase.dll
0x00007ffacd7b0000 - 0x00007ffacd8a5000 	C:\Windows\System32\ucrtbase.dll
0x00007ffacd060000 - 0x00007ffacd0ca000 	C:\Windows\System32\bcryptPrimitives.dll
0x00007ffad0390000 - 0x00007ffad03be000 	C:\Windows\System32\IMM32.DLL
0x00007ffacc9f0000 - 0x00007ffacca21000 	C:\Windows\system32\nvinitx.dll
0x00007ffacc9e0000 - 0x00007ffacc9ea000 	C:\Windows\SYSTEM32\VERSION.dll
0x000000000f000000 - 0x000000000f006000 	C:\Program Files\NVIDIA Corporation\CoProcManager\_etoured.dll
0x00007ffaca660000 - 0x00007ffaca692000 	C:\Program Files\NVIDIA Corporation\CoProcManager\nvd3d9wrapx.dll
0x00007ffacf710000 - 0x00007ffacfb39000 	C:\Windows\System32\SETUPAPI.dll
0x00007ffacd8b0000 - 0x00007ffacd8f2000 	C:\Windows\System32\cfgmgr32.dll
0x00007ffaca5c0000 - 0x00007ffaca5e2000 	C:\Program Files\NVIDIA Corporation\CoProcManager\nvdxgiwrapx.dll
0x0000000062b70000 - 0x0000000062c42000 	C:\Program Files\Android\Android Studio\jre\jre\bin\msvcr100.dll
0x0000000061ca0000 - 0x00000000624dc000 	C:\Program Files\Android\Android Studio\jre\jre\bin\server\jvm.dll
0x00007ffacfef0000 - 0x00007ffacfef8000 	C:\Windows\System32\PSAPI.DLL
0x00007ffab62f0000 - 0x00007ffab62f9000 	C:\Windows\SYSTEM32\WSOCK32.dll
0x00007ffacaf20000 - 0x00007ffacaf43000 	C:\Windows\SYSTEM32\WINMM.dll
0x00007ffad0480000 - 0x00007ffad04ea000 	C:\Windows\System32\WS2_32.dll
0x0000000000fa0000 - 0x0000000000fcb000 	C:\Windows\SYSTEM32\WINMMBASE.dll
0x00007ffacaf90000 - 0x00007ffacaf9f000 	C:\Program Files\Android\Android Studio\jre\jre\bin\verify.dll
0x00007ffaafb30000 - 0x00007ffaafb59000 	C:\Program Files\Android\Android Studio\jre\jre\bin\java.dll
0x00007ffaaf800000 - 0x00007ffaaf816000 	C:\Program Files\Android\Android Studio\jre\jre\bin\zip.dll
0x00007ffacdfa0000 - 0x00007ffacf4a8000 	C:\Windows\System32\SHELL32.dll
0x00007ffacd0d0000 - 0x00007ffacd7aa000 	C:\Windows\System32\windows.storage.dll
0x00007ffaccb90000 - 0x00007ffaccbdc000 	C:\Windows\System32\powrprof.dll
0x00007ffad0690000 - 0x00007ffad06e2000 	C:\Windows\System32\shlwapi.dll
0x0000000001010000 - 0x000000000101f000 	C:\Windows\System32\kernel.appcore.dll
0x00007ffacdbd0000 - 0x00007ffacdc79000 	C:\Windows\System32\shcore.dll
0x00007ffaccb60000 - 0x00007ffaccb74000 	C:\Windows\System32\profapi.dll
0x00007ffaaef50000 - 0x00007ffaaef6a000 	C:\Program Files\Android\Android Studio\jre\jre\bin\net.dll
0x00007ffacc370000 - 0x00007ffacc3cc000 	C:\Windows\system32\mswsock.dll
0x00007ffaaef30000 - 0x00007ffaaef41000 	C:\Program Files\Android\Android Studio\jre\jre\bin\nio.dll
0x00007ffac0c10000 - 0x00007ffac0c2e000 	C:\Users\geyee\.gradle\native\23\windows-amd64\native-platform.dll
0x00007ffacc520000 - 0x00007ffacc537000 	C:\Windows\SYSTEM32\CRYPTSP.dll
0x00007ffacbf70000 - 0x00007ffacbfa3000 	C:\Windows\system32\rsaenh.dll
0x00007ffacca30000 - 0x00007ffacca5b000 	C:\Windows\SYSTEM32\bcrypt.dll
0x00007ffacc1f0000 - 0x00007ffacc20f000 	C:\Windows\SYSTEM32\USERENV.dll
0x00007ffacc510000 - 0x00007ffacc51b000 	C:\Windows\SYSTEM32\CRYPTBASE.dll
0x00007ffacc0f0000 - 0x00007ffacc128000 	C:\Windows\SYSTEM32\IPHLPAPI.DLL
0x00007ffacfee0000 - 0x00007ffacfee8000 	C:\Windows\System32\NSI.dll
0x00007ffac6650000 - 0x00007ffac6666000 	C:\Windows\SYSTEM32\dhcpcsvc6.DLL
0x00007ffac6700000 - 0x00007ffac671a000 	C:\Windows\SYSTEM32\dhcpcsvc.DLL
0x00007ffabff90000 - 0x00007ffabff9d000 	C:\Program Files\Android\Android Studio\jre\jre\bin\management.dll

VM Arguments:
jvm_args: -Xmx1536m -Dfile.encoding=GBK -Duser.country=CN -Duser.language=zh -Duser.variant 
java_command: org.gradle.launcher.daemon.bootstrap.GradleDaemon 3.3
java_class_path (initial): C:\Users\geyee\.gradle\wrapper\dists\gradle-3.3-all\55gk2rcmfc6p2dg9u9ohc3hw9\gradle-3.3\lib\gradle-launcher-3.3.jar
Launcher Type: SUN_STANDARD

Environment Variables:
JAVA_HOME=C:\Program Files\Java\jdk1.8.0_144
PATH=C:\Windows\system32;C:\Windows;C:\Windows\System32\Wbem;C:\Windows\System32\WindowsPowerShell\v1.0\;C:\Program Files\OpenVPN\bin;C:\Program Files\Git\cmd;C:\Users\geyee\AppData\Roaming\nvm;C:\Program Files\nodejs;C:\Users\geyee\AppData\Local\Microsoft\WindowsApps;C:\Users\geyee\AppData\Roaming\nvm;C:\Program Files\nodejs
USERNAME=geyee
OS=Windows_NT
PROCESSOR_IDENTIFIER=Intel64 Family 6 Model 42 Stepping 7, GenuineIntel



---------------  S Y S T E M  ---------------

OS: Windows 10.0 , 64 bit Build 14393 (10.0.14393.1198)

CPU:total 4 (2 cores per cpu, 2 threads per core) family 6 model 42 stepping 7, cmov, cx8, fxsr, mmx, sse, sse2, sse3, ssse3, sse4.1, sse4.2, popcnt, avx, aes, clmul, ht, tsc, tscinvbit

Memory: 4k page, physical 8269048k(2194984k free), swap 11093452k(4576k free)

vm_info: OpenJDK 64-Bit Server VM (25.112-b06) for windows-amd64 JRE (1.8.0_112-release-b06), built on Dec  8 2016 00:54:26 by "builder" with MS VC++ 10.0 (VS2010)

time: Sat Aug 12 20:01:54 2017
elapsed time: 149 seconds (0d 0h 2m 29s)

