JvmtiExport can_access_local_variables 0
JvmtiExport can_hotswap_or_post_breakpoint 0
JvmtiExport can_post_on_exceptions 0
# 305 ciObject found
ciMethod java/lang/Object <init> ()V 4097 1 1322117 0 0
ciMethod java/lang/Object hashCode ()I 2049 1 256 0 -1
ciMethod java/lang/Object clone ()Ljava/lang/Object; 2049 1 256 0 -1
ciMethod java/lang/String equals (Ljava/lang/Object;)Z 2057 10865 3622 0 -1
ciMethod java/lang/String hashCode ()I 2673 32769 969 0 288
ciMethod java/lang/reflect/GenericDeclaration getTypeParameters ()[Ljava/lang/reflect/TypeVariable; 0 0 1 0 -1
ciMethod java/lang/Class getName ()Ljava/lang/String; 889 1 73946 0 96
ciMethod java/lang/Class getName0 ()Ljava/lang/String; 2065 1 258 0 -1
ciMethod java/lang/Class getEnclosingMethod ()Ljava/lang/reflect/Method; 81 97 10 0 -1
ciMethod java/lang/Class getEnclosingConstructor ()Ljava/lang/reflect/Constructor; 65 17 8 0 -1
ciMethod java/lang/Class getEnclosingClass ()Ljava/lang/Class; 1689 1 2322 0 -1
ciMethod java/lang/ref/Reference <init> (Ljava/lang/Object;)V 1553 1 60268 0 0
ciMethod java/lang/ref/Reference <init> (Ljava/lang/Object;Ljava/lang/ref/ReferenceQueue;)V 2065 1 52128 0 96
ciMethod java/lang/ref/WeakReference <init> (Ljava/lang/Object;)V 2049 1 51348 0 96
ciMethod java/lang/reflect/Method getDeclaringClass ()Ljava/lang/Class; 1049 1 131 0 0
ciMethod java/lang/reflect/Method getName ()Ljava/lang/String; 1193 1 149 0 0
ciMethod java/lang/reflect/Method hashCode ()I 2049 1 4653 0 0
ciMethod java/lang/StringBuilder <init> (Ljava/lang/String;)V 2057 1 15212 0 -1
ciMethod java/lang/StringBuilder append (Ljava/lang/String;)Ljava/lang/StringBuilder; 1401 1 326097 0 -1
ciMethod java/lang/StringBuilder toString ()Ljava/lang/String; 777 1 132847 0 -1
ciMethod java/util/List isEmpty ()Z 0 0 1 0 -1
ciMethod java/util/List iterator ()Ljava/util/Iterator; 0 0 1 0 -1
ciMethod java/util/Arrays hashCode ([Ljava/lang/Object;)I 2089 1873 6007 0 288
ciMethodData java/lang/Object <init> ()V 2 1322134 orig 264 8 110 36 98 0 0 0 0 128 4 224 6 0 0 0 0 32 1 0 0 0 0 0 0 0 0 0 0 0 0 0 0 0 0 0 0 0 0 0 0 0 0 0 0 0 0 0 0 0 0 0 0 0 0 0 0 0 0 0 0 0 0 0 0 0 0 0 0 0 0 0 0 0 0 0 0 0 0 0 0 77 68 79 32 101 120 116 114 97 32 100 97 116 97 32 108 111 99 107 0 0 0 0 0 0 0 0 0 0 0 0 0 0 0 0 0 0 0 0 0 0 0 0 0 0 0 0 0 0 0 0 0 0 0 0 0 0 0 0 0 0 0 0 0 0 0 0 0 0 0 0 0 0 0 0 0 0 0 0 0 0 0 0 0 0 0 0 0 0 0 0 0 0 0 0 0 0 0 0 0 0 0 0 0 1 0 0 0 0 0 0 0 1 0 0 0 0 0 0 0 1 0 0 0 0 0 0 0 0 0 0 0 0 0 0 0 0 2 0 0 177 84 161 0 1 0 0 0 0 0 0 0 0 0 0 0 2 0 0 0 0 0 3 0 1 0 0 0 0 0 0 0 255 255 255 255 0 0 0 0 0 0 0 0 data 0 oops 0
ciMethod java/util/Objects hashCode (Ljava/lang/Object;)I 2049 1 8586 0 160
ciMethod java/util/Iterator hasNext ()Z 0 0 1 0 -1
ciMethod java/util/Iterator next ()Ljava/lang/Object; 0 0 1 0 -1
ciMethodData java/lang/String hashCode ()I 2 21212 orig 264 8 110 36 98 0 0 0 0 0 80 224 6 0 0 0 0 152 1 0 0 32 0 0 0 0 0 0 0 0 0 0 0 0 0 0 0 0 0 0 0 0 0 0 0 0 0 0 0 0 0 0 0 0 0 0 0 0 0 0 0 0 0 0 0 0 0 0 0 0 0 0 0 0 0 0 0 0 0 0 0 77 68 79 32 101 120 116 114 97 32 100 97 116 97 32 108 111 99 107 0 0 0 0 0 0 0 0 0 0 0 0 0 0 0 0 0 0 0 0 0 0 0 0 0 0 0 0 0 0 0 0 0 0 0 0 0 0 0 0 0 0 0 0 0 0 0 0 0 0 0 0 0 0 0 0 0 0 0 0 0 0 0 0 0 0 0 0 0 0 0 0 0 0 0 0 0 0 0 0 0 0 0 0 0 1 0 0 0 0 0 0 0 0 0 0 0 0 0 0 0 1 0 0 0 0 0 0 0 0 0 0 0 0 0 0 0 0 16 0 0 217 19 0 0 225 22 2 0 0 0 0 0 0 0 0 0 2 0 0 0 1 0 11 0 2 0 0 0 120 0 0 0 255 255 255 255 7 0 6 0 0 0 0 0 data 15 0x60007 0xf3 0x78 0x188 0xe0007 0x3 0x58 0x185 0x1e0007 0x185 0x38 0x429e 0x2d0003 0x429e 0xffffffffffffffe0 oops 0
ciMethodData java/lang/ref/Reference <init> (Ljava/lang/Object;Ljava/lang/ref/ReferenceQueue;)V 2 52128 orig 264 8 110 36 98 0 0 0 0 56 135 226 6 0 0 0 0 120 1 0 0 0 0 0 0 0 0 0 0 0 0 0 0 0 0 0 0 0 0 0 0 0 0 0 0 0 0 0 0 0 0 0 0 0 0 0 0 0 0 0 0 0 0 0 0 0 0 0 0 0 0 0 0 0 0 0 0 0 0 0 0 77 68 79 32 101 120 116 114 97 32 100 97 116 97 32 108 111 99 107 0 0 0 0 0 0 0 0 0 0 0 0 0 0 0 0 0 0 0 0 0 0 0 0 0 0 0 0 0 0 0 0 0 0 0 0 0 0 0 0 0 0 0 0 0 0 0 0 0 0 0 0 0 0 0 0 0 0 0 0 0 0 0 0 0 0 0 0 0 0 0 0 0 0 0 0 0 0 0 0 0 0 0 0 0 1 0 0 0 0 0 0 0 0 0 0 0 0 0 0 0 1 0 0 0 0 0 0 0 0 0 0 0 0 0 0 0 2 1 0 0 241 84 6 0 1 0 0 0 0 0 0 0 0 0 0 0 2 0 0 0 0 0 6 0 2 0 0 0 72 0 0 0 255 255 255 255 2 0 1 0 0 0 0 0 data 9 0x10002 0xca9e 0xb0007 0x6565 0x38 0x6539 0x110003 0x6539 0x18 oops 0
ciMethodData java/lang/Class getName ()Ljava/lang/String; 2 73946 orig 264 8 110 36 98 0 0 0 0 112 200 224 6 0 0 0 0 80 1 0 0 0 0 0 0 0 0 0 0 0 0 0 0 0 0 0 0 0 0 0 0 0 0 0 0 0 0 0 0 0 0 0 0 0 0 0 0 0 0 0 0 0 0 0 0 0 0 0 0 0 0 0 0 0 0 0 0 0 0 0 0 77 68 79 32 101 120 116 114 97 32 100 97 116 97 32 108 111 99 107 0 0 0 0 0 0 0 0 0 0 0 0 0 0 0 0 0 0 0 0 0 0 0 0 0 0 0 0 0 0 0 0 0 0 0 0 0 0 0 0 0 0 0 0 0 0 0 0 0 0 0 0 0 0 0 0 0 0 0 0 0 0 0 0 0 0 0 0 0 0 0 0 0 0 0 0 0 0 0 0 0 0 0 0 0 0 0 0 0 0 0 0 0 0 0 0 0 0 0 0 0 0 0 0 0 0 0 0 0 0 0 0 0 0 0 0 0 111 0 0 0 89 3 9 0 1 0 0 0 0 0 0 0 0 0 0 0 2 0 0 0 0 0 6 0 2 0 0 0 48 0 0 0 255 255 255 255 7 0 6 0 0 0 0 0 data 6 0x60007 0x11c18 0x30 0x453 0xb0002 0x453 oops 0
ciMethod sun/reflect/generics/scope/MethodScope getEnclosingClass ()Ljava/lang/Class; 2081 1 1049 0 0
ciMethod sun/reflect/generics/scope/MethodScope computeEnclosingScope ()Lsun/reflect/generics/scope/Scope; 2081 1 1016 0 0
ciMethod sun/reflect/generics/scope/MethodScope make (Ljava/lang/reflect/Method;)Lsun/reflect/generics/scope/MethodScope; 81 1 587 0 -1
ciMethod sun/reflect/generics/scope/Scope lookup (Ljava/lang/String;)Ljava/lang/reflect/TypeVariable; 0 0 1 0 -1
ciMethod sun/reflect/generics/scope/AbstractScope getRecvr ()Ljava/lang/reflect/GenericDeclaration; 1025 1 128 0 0
ciMethod sun/reflect/generics/scope/AbstractScope computeEnclosingScope ()Lsun/reflect/generics/scope/Scope; 0 0 1 0 -1
ciMethod sun/reflect/generics/scope/AbstractScope getEnclosingScope ()Lsun/reflect/generics/scope/Scope; 905 1 1783 0 0
ciMethod sun/reflect/generics/scope/AbstractScope lookup (Ljava/lang/String;)Ljava/lang/reflect/TypeVariable; 2049 497 5451 0 0
ciMethod sun/reflect/generics/factory/GenericsFactory makeParameterizedType (Ljava/lang/reflect/Type;[Ljava/lang/reflect/Type;Ljava/lang/reflect/Type;)Ljava/lang/reflect/ParameterizedType; 0 0 1 0 -1
ciMethod sun/reflect/generics/factory/GenericsFactory findTypeVariable (Ljava/lang/String;)Ljava/lang/reflect/TypeVariable; 0 0 1 0 -1
ciMethod sun/reflect/generics/factory/GenericsFactory makeNamedType (Ljava/lang/String;)Ljava/lang/reflect/Type; 0 0 1 0 -1
ciMethod sun/reflect/generics/factory/CoreReflectionFactory getScope ()Lsun/reflect/generics/scope/Scope; 1065 1 133 0 0
ciMethod sun/reflect/generics/factory/CoreReflectionFactory findTypeVariable (Ljava/lang/String;)Ljava/lang/reflect/TypeVariable; 2041 1 3668 0 0
ciMethod sun/reflect/generics/tree/TypeTree accept (Lsun/reflect/generics/visitor/TypeTreeVisitor;)V 0 0 1 0 -1
ciMethod sun/reflect/generics/tree/SimpleClassTypeSignature getDollar ()Z 1025 1 128 0 -1
ciMethod sun/reflect/generics/tree/SimpleClassTypeSignature getName ()Ljava/lang/String; 1025 1 128 0 -1
ciMethod sun/reflect/generics/tree/SimpleClassTypeSignature getTypeArguments ()[Lsun/reflect/generics/tree/TypeArgument; 1025 1 128 0 -1
ciMethod sun/reflect/generics/tree/ClassTypeSignature getPath ()Ljava/util/List; 1025 1 128 0 -1
ciMethod sun/reflect/generics/tree/ClassTypeSignature accept (Lsun/reflect/generics/visitor/TypeTreeVisitor;)V 2049 1 7812 0 0
ciMethod sun/reflect/generics/visitor/TypeTreeVisitor visitClassTypeSignature (Lsun/reflect/generics/tree/ClassTypeSignature;)V 0 0 1 0 -1
ciMethod sun/reflect/generics/visitor/TypeTreeVisitor visitTypeVariableSignature (Lsun/reflect/generics/tree/TypeVariableSignature;)V 0 0 1 0 -1
ciMethod sun/reflect/generics/visitor/Reifier <init> (Lsun/reflect/generics/factory/GenericsFactory;)V 1473 1 8140 0 0
ciMethod sun/reflect/generics/visitor/Reifier getFactory ()Lsun/reflect/generics/factory/GenericsFactory; 1025 1 128 0 0
ciMethod sun/reflect/generics/visitor/Reifier make (Lsun/reflect/generics/factory/GenericsFactory;)Lsun/reflect/generics/visitor/Reifier; 1465 1 8140 0 0
ciMethod sun/reflect/generics/visitor/Reifier reifyTypeArguments ([Lsun/reflect/generics/tree/TypeArgument;)[Ljava/lang/reflect/Type; 521 577 3450 0 -1
ciMethod sun/reflect/generics/visitor/Reifier getResult ()Ljava/lang/reflect/Type; 1529 1 8139 0 0
ciMethod sun/reflect/generics/visitor/Reifier visitClassTypeSignature (Lsun/reflect/generics/tree/ClassTypeSignature;)V 2073 1 7846 0 -1
ciMethod sun/reflect/generics/visitor/Reifier visitTypeVariableSignature (Lsun/reflect/generics/tree/TypeVariableSignature;)V 2041 1 3668 0 0
ciMethod java/lang/reflect/ParameterizedType getActualTypeArguments ()[Ljava/lang/reflect/Type; 0 0 1 0 -1
ciMethod java/lang/reflect/ParameterizedType getRawType ()Ljava/lang/reflect/Type; 0 0 1 0 -1
ciMethod java/lang/reflect/ParameterizedType getOwnerType ()Ljava/lang/reflect/Type; 0 0 1 0 -1
ciMethod sun/reflect/generics/reflectiveObjects/ParameterizedTypeImpl getActualTypeArguments ()[Ljava/lang/reflect/Type; 2089 1 4046 0 0
ciMethod sun/reflect/generics/reflectiveObjects/ParameterizedTypeImpl getRawType ()Ljava/lang/Class; 1041 1 130 0 0
ciMethod sun/reflect/generics/reflectiveObjects/ParameterizedTypeImpl getOwnerType ()Ljava/lang/reflect/Type; 1097 1 137 0 0
ciMethod sun/reflect/generics/reflectiveObjects/ParameterizedTypeImpl getRawType ()Ljava/lang/reflect/Type; 2049 1 6172 0 0
ciMethod sun/reflect/generics/scope/ClassScope <init> (Ljava/lang/Class;)V 649 1 3131 0 -1
ciMethod sun/reflect/generics/scope/ClassScope computeEnclosingScope ()Lsun/reflect/generics/scope/Scope; 81 1 10 0 0
ciMethod sun/reflect/generics/scope/ClassScope make (Ljava/lang/Class;)Lsun/reflect/generics/scope/ClassScope; 649 1 3131 0 0
ciMethod java/lang/reflect/TypeVariable getBounds ()[Ljava/lang/reflect/Type; 0 0 1 0 -1
ciMethod java/lang/reflect/TypeVariable getName ()Ljava/lang/String; 0 0 1 0 -1
ciMethod sun/reflect/generics/reflectiveObjects/TypeVariableImpl getBoundASTs ()[Lsun/reflect/generics/tree/FieldTypeSignature; 449 1 291 0 0
ciMethod sun/reflect/generics/reflectiveObjects/TypeVariableImpl getBounds ()[Ljava/lang/reflect/Type; 2097 449 1794 0 0
ciMethod sun/reflect/generics/reflectiveObjects/TypeVariableImpl getName ()Ljava/lang/String; 1025 1 128 0 0
ciMethod sun/reflect/generics/reflectiveObjects/TypeVariableImpl hashCode ()I 2113 1 9124 0 0
ciMethod sun/reflect/generics/reflectiveObjects/LazyReflectiveObjectGenerator getFactory ()Lsun/reflect/generics/factory/GenericsFactory; 1057 1 132 0 0
ciMethod sun/reflect/generics/reflectiveObjects/LazyReflectiveObjectGenerator getReifier ()Lsun/reflect/generics/visitor/Reifier; 1697 1 1714 0 0
ciMethodData java/lang/ref/Reference <init> (Ljava/lang/Object;)V 2 60268 orig 264 8 110 36 98 0 0 0 0 136 134 226 6 0 0 0 0 56 1 0 0 0 0 0 0 0 0 0 0 0 0 0 0 0 0 0 0 0 0 0 0 0 0 0 0 0 0 0 0 0 0 0 0 0 0 0 0 0 0 0 0 0 0 0 0 0 0 0 0 0 0 0 0 0 0 0 0 0 0 0 0 77 68 79 32 101 120 116 114 97 32 100 97 116 97 32 108 111 99 107 0 0 0 0 0 0 0 0 0 0 0 0 0 0 0 0 0 0 0 0 0 0 0 0 0 0 0 0 0 0 0 0 0 0 0 0 0 0 0 0 0 0 0 0 0 0 0 0 0 0 0 0 0 0 0 0 0 0 0 0 0 0 0 0 0 0 0 0 0 0 0 0 0 0 0 0 0 0 0 0 0 0 0 0 0 1 0 0 0 0 0 0 0 0 0 0 0 0 0 0 0 1 0 0 0 0 0 0 0 0 0 0 0 0 0 0 0 194 0 0 0 81 85 7 0 1 0 0 0 0 0 0 0 0 0 0 0 2 0 0 0 0 0 6 0 2 0 0 0 16 0 0 0 255 255 255 255 2 0 3 0 0 0 0 0 data 2 0x30002 0xeaaa oops 0
ciMethod com/google/common/collect/ImmutableList hashCode ()I 3233 6025 1000 0 -1
ciMethod sun/reflect/generics/tree/TypeVariableSignature getIdentifier ()Ljava/lang/String; 1041 1 130 0 0
ciMethod sun/reflect/generics/tree/TypeVariableSignature accept (Lsun/reflect/generics/visitor/TypeTreeVisitor;)V 2049 1 3668 0 0
ciMethodData java/lang/ref/WeakReference <init> (Ljava/lang/Object;)V 2 51348 orig 264 8 110 36 98 0 0 0 0 232 141 226 6 0 0 0 0 56 1 0 0 0 0 0 0 0 0 0 0 0 0 0 0 0 0 0 0 0 0 0 0 0 0 0 0 0 0 0 0 0 0 0 0 0 0 0 0 0 0 0 0 0 0 0 0 0 0 0 0 0 0 0 0 0 0 0 0 0 0 0 0 77 68 79 32 101 120 116 114 97 32 100 97 116 97 32 108 111 99 107 0 0 0 0 0 0 0 0 0 0 0 0 0 0 0 0 0 0 0 0 0 0 0 0 0 0 0 0 0 0 0 0 0 0 0 0 0 0 0 0 0 0 0 0 0 0 0 0 0 0 0 0 0 0 0 0 0 0 0 0 0 0 0 0 0 0 0 0 0 0 0 0 0 0 0 0 0 0 0 0 0 0 0 0 0 1 0 0 0 0 0 0 0 0 0 0 0 0 0 0 0 1 0 0 0 0 0 0 0 0 0 0 0 0 0 0 0 0 1 0 0 161 60 6 0 1 0 0 0 0 0 0 0 0 0 0 0 2 0 0 0 0 0 7 0 2 0 0 0 16 0 0 0 255 255 255 255 2 0 2 0 0 0 0 0 data 2 0x20002 0xc794 oops 0
ciMethod java/lang/reflect/GenericArrayType getGenericComponentType ()Ljava/lang/reflect/Type; 0 0 1 0 -1
ciMethodData sun/reflect/generics/reflectiveObjects/ParameterizedTypeImpl getRawType ()Ljava/lang/reflect/Type; 2 6172 orig 264 8 110 36 98 0 0 0 0 240 71 30 7 0 0 0 0 120 1 0 0 0 0 0 0 0 0 0 0 0 0 0 0 0 0 0 0 0 0 0 0 0 0 0 0 0 0 0 0 0 0 0 0 0 0 0 0 0 0 0 0 0 0 0 0 0 0 0 0 0 0 0 0 0 0 0 0 0 0 0 0 77 68 79 32 101 120 116 114 97 32 100 97 116 97 32 108 111 99 107 0 0 0 0 0 0 0 0 0 0 0 0 0 0 0 0 0 0 0 0 0 0 0 0 0 0 0 0 0 0 0 0 0 0 0 0 0 0 0 0 0 0 0 0 0 0 0 0 0 0 0 0 0 0 0 0 0 0 0 0 0 0 0 0 0 0 0 0 0 0 0 0 0 0 0 0 0 0 0 0 0 0 0 0 0 0 0 0 0 0 0 0 0 0 0 0 0 0 0 0 0 0 0 0 0 0 0 0 0 0 0 0 0 0 0 0 0 0 1 0 0 225 184 0 0 1 0 0 0 0 0 0 0 0 0 0 0 2 0 0 0 0 0 3 0 2 0 0 0 48 0 0 0 255 255 255 255 5 0 1 0 0 0 0 0 data 6 0x10005 0x0 0xaa24490 0x171c 0x0 0x0 oops 1 2 sun/reflect/generics/reflectiveObjects/ParameterizedTypeImpl
ciMethod sun/reflect/generics/scope/ConstructorScope make (Ljava/lang/reflect/Constructor;)Lsun/reflect/generics/scope/ConstructorScope; 185 1 23 0 -1
ciMethodData java/lang/reflect/Method hashCode ()I 2 4653 orig 264 8 110 36 98 0 0 0 0 16 37 228 6 0 0 0 0 56 2 0 0 0 0 0 0 0 0 0 0 0 0 0 0 0 0 0 0 0 0 0 0 0 0 0 0 0 0 0 0 0 0 0 0 0 0 0 0 0 0 0 0 0 0 0 0 0 0 0 0 0 0 0 0 0 0 0 0 0 0 0 0 77 68 79 32 101 120 116 114 97 32 100 97 116 97 32 108 111 99 107 0 0 0 0 0 0 0 0 0 0 0 0 0 0 0 0 0 0 0 0 0 0 0 0 0 0 0 0 0 0 0 0 0 0 0 0 0 0 0 0 0 0 0 0 0 0 0 0 0 0 0 0 0 0 0 0 0 0 0 0 0 0 0 0 0 0 0 0 0 0 0 0 0 0 0 0 0 0 0 0 0 0 0 0 0 0 0 0 0 0 0 0 0 0 0 0 0 0 0 0 0 0 0 0 0 0 0 0 0 0 0 0 0 0 0 0 0 0 1 0 0 105 137 0 0 1 0 0 0 0 0 0 0 0 0 0 0 2 0 0 0 0 0 7 0 2 0 0 0 240 0 0 0 255 255 255 255 5 0 1 0 0 0 0 0 data 30 0x10005 0x0 0x8af7ce0 0x112d 0x0 0x0 0x40005 0x0 0x8af66b0 0x112d 0x0 0x0 0x70005 0x0 0x8af6620 0x112d 0x0 0x0 0xb0005 0x0 0x8af7ce0 0x112d 0x0 0x0 0xe0005 0x0 0x8af6620 0x112d 0x0 0x0 oops 5 2 java/lang/reflect/Method 8 java/lang/Class 14 java/lang/String 20 java/lang/reflect/Method 26 java/lang/String
ciMethodData java/util/Objects hashCode (Ljava/lang/Object;)I 2 8586 orig 264 8 110 36 98 0 0 0 0 16 85 244 6 0 0 0 0 176 1 0 0 0 0 0 0 0 0 0 0 0 0 0 0 0 0 0 0 0 0 0 0 0 0 0 0 0 0 0 0 0 0 0 0 0 0 0 0 0 0 0 0 0 0 0 0 0 0 0 0 0 0 0 0 0 0 0 0 0 0 0 0 77 68 79 32 101 120 116 114 97 32 100 97 116 97 32 108 111 99 107 0 0 0 0 0 0 0 0 0 0 0 0 0 0 0 0 0 0 0 0 0 0 0 0 0 0 0 0 0 0 0 0 0 0 0 0 0 0 0 0 0 0 0 0 0 0 0 0 0 0 0 0 0 0 0 0 0 0 0 0 0 0 0 0 0 0 0 0 0 0 0 0 0 0 0 0 0 0 0 0 0 0 0 0 0 0 0 0 0 0 0 0 0 0 0 0 0 0 0 0 0 0 0 0 0 0 0 0 0 0 0 0 0 0 0 0 0 0 1 0 0 81 4 1 0 1 0 0 0 0 0 0 0 0 0 0 0 2 0 0 0 0 0 6 0 2 0 0 0 104 0 0 0 255 255 255 255 7 0 1 0 0 0 0 0 data 13 0x10007 0xdc2 0x68 0x12c8 0x50005 0x3a8 0x8af66b0 0xe18 0xaa24750 0x108 0x80003 0x12c8 0x18 oops 2 6 java/lang/Class 8 sun/reflect/generics/reflectiveObjects/TypeVariableImpl
ciMethodData sun/reflect/generics/scope/AbstractScope lookup (Ljava/lang/String;)Ljava/lang/reflect/TypeVariable; 2 5451 orig 264 8 110 36 98 0 0 0 0 248 105 29 7 0 0 0 0 200 2 0 0 48 0 0 0 0 0 0 0 0 0 0 0 0 0 0 0 0 0 0 0 0 0 0 0 0 0 0 0 0 0 0 0 0 0 0 0 0 0 0 0 0 0 0 0 0 0 0 0 0 0 0 0 0 0 0 0 0 0 0 0 77 68 79 32 101 120 116 114 97 32 100 97 116 97 32 108 111 99 107 0 0 0 0 0 0 0 0 0 0 0 0 0 0 0 0 0 0 0 0 0 0 0 0 0 0 0 0 0 0 0 0 0 0 0 0 0 0 0 0 0 0 0 0 0 0 0 0 0 0 0 0 0 0 0 0 0 0 0 0 0 0 0 0 0 0 0 0 0 0 0 0 0 0 0 0 0 0 0 0 0 0 0 0 0 0 0 0 0 0 0 0 0 0 0 0 0 0 0 0 0 0 0 0 0 0 0 0 0 0 0 0 0 0 0 0 0 0 1 0 0 89 162 0 0 249 29 0 0 0 0 0 0 0 0 0 0 2 0 0 0 1 0 12 0 2 0 0 0 120 1 0 0 255 255 255 255 5 0 1 0 0 0 0 0 data 47 0x10005 0x12 0x1e547f90 0xd51 0x1e548040 0x6e8 0x40005 0x12 0x8af7ce0 0xd51 0x8af66b0 0x6e8 0x170007 0x687 0xb8 0x1183 0x220005 0x0 0xaa24750 0x1183 0x0 0x0 0x280005 0x9 0x8af6620 0x117a 0x0 0x0 0x2b0007 0x3bf 0x20 0xdc4 0x340003 0x3bf 0xffffffffffffff60 0x380005 0x12 0x1e547f90 0x66a 0x1e548040 0xb 0x3c0005 0x2 0x1e548040 0x681 0x8b39b30 0x4 oops 10 2 sun/reflect/generics/scope/MethodScope 4 sun/reflect/generics/scope/ClassScope 8 java/lang/reflect/Method 10 java/lang/Class 18 sun/reflect/generics/reflectiveObjects/TypeVariableImpl 24 java/lang/String 37 sun/reflect/generics/scope/MethodScope 39 sun/reflect/generics/scope/ClassScope 43 sun/reflect/generics/scope/ClassScope 45 sun/reflect/generics/scope/ConstructorScope
ciMethodData sun/reflect/generics/scope/AbstractScope getEnclosingScope ()Lsun/reflect/generics/scope/Scope; 2 1783 orig 264 8 110 36 98 0 0 0 0 32 105 29 7 0 0 0 0 152 1 0 0 0 0 0 0 0 0 0 0 0 0 0 0 0 0 0 0 0 0 0 0 0 0 0 0 0 0 0 0 0 0 0 0 0 0 0 0 0 0 0 0 0 0 0 0 0 0 0 0 0 0 0 0 0 0 0 0 0 0 0 0 77 68 79 32 101 120 116 114 97 32 100 97 116 97 32 108 111 99 107 0 0 0 0 0 0 0 0 0 0 0 0 0 0 0 0 0 0 0 0 0 0 0 0 0 0 0 0 0 0 0 0 0 0 0 0 0 0 0 0 0 0 0 0 0 0 0 0 0 0 0 0 0 0 0 0 0 0 0 0 0 0 0 0 0 0 0 0 0 0 0 0 0 0 0 0 0 0 0 0 0 0 0 0 0 17 0 0 0 0 0 0 0 0 0 0 0 0 0 0 0 0 0 0 0 0 0 0 0 0 0 0 0 0 0 0 0 113 0 0 0 49 52 0 0 1 0 0 0 0 0 0 0 0 0 0 0 2 0 0 0 0 0 0 0 0 0 0 0 80 0 0 0 255 255 255 255 7 0 6 0 0 0 0 0 data 10 0x60007 0x2b4 0x50 0x3d2 0xa0005 0xc 0x1e547f90 0x3bc 0x1e548040 0xa oops 2 6 sun/reflect/generics/scope/MethodScope 8 sun/reflect/generics/scope/ClassScope
ciMethodData sun/reflect/generics/reflectiveObjects/TypeVariableImpl hashCode ()I 2 9124 orig 264 8 110 36 98 0 0 0 0 152 121 30 7 0 0 0 0 168 1 0 0 0 0 0 0 0 0 0 0 0 0 0 0 0 0 0 0 0 0 0 0 0 0 0 0 0 0 0 0 0 0 0 0 0 0 0 0 0 0 0 0 0 0 0 0 0 0 0 0 0 0 0 0 0 0 0 0 0 0 0 0 77 68 79 32 101 120 116 114 97 32 100 97 116 97 32 108 111 99 107 0 0 0 0 0 0 0 0 0 0 0 0 0 0 0 0 0 0 0 0 0 0 0 0 0 0 0 0 0 0 0 0 0 0 0 0 0 0 0 0 0 0 0 0 0 0 0 0 0 0 0 0 0 0 0 0 0 0 0 0 0 0 0 0 0 0 0 0 0 0 0 0 0 0 0 0 0 0 0 0 0 0 0 0 0 17 0 0 0 0 0 0 0 0 0 0 0 0 0 0 0 1 0 0 0 0 0 0 0 0 0 0 0 0 0 0 0 8 1 0 0 225 20 1 0 1 0 0 0 0 0 0 0 0 0 0 0 2 0 0 0 0 0 3 0 2 0 0 0 96 0 0 0 255 255 255 255 5 0 4 0 0 0 0 0 data 12 0x40005 0x0 0x8af66b0 0x1e67 0x8af7ce0 0x435 0xb0005 0xb 0x8af6620 0x2291 0x0 0x0 oops 3 2 java/lang/Class 4 java/lang/reflect/Method 8 java/lang/String
ciMethodData sun/reflect/generics/reflectiveObjects/ParameterizedTypeImpl getActualTypeArguments ()[Ljava/lang/reflect/Type; 2 4046 orig 264 8 110 36 98 0 0 0 0 240 66 30 7 0 0 0 0 168 1 0 0 0 0 0 0 0 0 0 0 0 0 0 0 0 0 0 0 0 0 0 0 0 0 0 0 0 0 0 0 0 0 0 0 0 0 0 0 0 0 0 0 0 0 0 0 0 0 0 0 0 0 0 0 0 0 0 0 0 0 0 0 77 68 79 32 101 120 116 114 97 32 100 97 116 97 32 108 111 99 107 0 0 0 0 0 0 0 0 0 0 0 0 0 0 0 0 0 0 0 0 0 0 0 0 0 0 0 0 0 0 0 0 0 0 0 0 0 0 0 0 0 0 0 0 0 0 0 0 0 0 0 0 0 0 0 0 0 0 0 0 0 0 0 0 0 0 0 0 0 0 0 0 0 0 0 0 0 0 0 0 0 0 0 0 0 0 0 0 0 0 0 0 0 0 0 0 0 0 0 0 0 0 0 0 0 0 0 0 0 0 0 0 0 0 0 0 0 5 1 0 0 73 118 0 0 1 0 0 0 0 0 0 0 0 0 0 0 2 0 0 0 0 0 3 0 2 0 0 0 96 0 0 0 255 255 255 255 5 0 4 0 0 0 0 0 data 12 0x40005 0x0 0x1f60bad0 0x168 0xa410ff0 0xd61 0x70004 0x0 0x1f60bad0 0x168 0xa410ff0 0xd61 oops 4 2 [Ljava/lang/reflect/TypeVariable; 4 [Ljava/lang/reflect/Type; 8 [Ljava/lang/reflect/TypeVariable; 10 [Ljava/lang/reflect/Type;
ciMethod sun/reflect/generics/reflectiveObjects/GenericArrayTypeImpl getGenericComponentType ()Ljava/lang/reflect/Type; 1249 1 156 0 0
ciMethod sun/reflect/generics/reflectiveObjects/GenericArrayTypeImpl hashCode ()I 2049 1 288 0 0
ciMethod org/gradle/model/internal/type/ModelType <init> (Lorg/gradle/model/internal/type/TypeWrapper;)V 2105 1 7737 0 0
ciMethod org/gradle/model/internal/type/ModelType wrap (Ljava/lang/reflect/Type;)Lorg/gradle/model/internal/type/TypeWrapper; 2081 1 13060 0 0
ciMethod org/gradle/model/internal/type/ModelType toWrappers ([Ljava/lang/reflect/Type;)[Lorg/gradle/model/internal/type/TypeWrapper; 105 89 3619 0 0
ciMethod org/gradle/model/internal/type/ModelType access$000 (Ljava/lang/reflect/Type;)Lorg/gradle/model/internal/type/TypeWrapper; 4097 1 7685 0 0
ciMethod org/gradle/model/internal/type/ModelType <init> (Lorg/gradle/model/internal/type/TypeWrapper;Lorg/gradle/model/internal/type/ModelType$1;)V 2105 1 7732 0 0
ciMethod org/gradle/model/internal/type/ModelType$Simple <init> (Ljava/lang/reflect/Type;)V 4097 1 7680 0 -1
ciMethod org/gradle/model/internal/type/ClassTypeWrapper <init> (Ljava/lang/Class;)V 1961 1 9083 0 0
ciMethod org/gradle/model/internal/type/ClassTypeWrapper hashCode ()I 1073 1 134 0 0
ciMethod com/google/common/reflect/Types$WildcardTypeImpl getLowerBounds ()[Ljava/lang/reflect/Type; 41 1 5 0 0
ciMethod com/google/common/reflect/Types$WildcardTypeImpl getUpperBounds ()[Ljava/lang/reflect/Type; 41 1 5 0 0
ciMethod com/google/common/reflect/Types$WildcardTypeImpl hashCode ()I 41 1 5 0 0
ciMethod com/google/common/reflect/Types access$300 (Ljava/util/Collection;)[Ljava/lang/reflect/Type; 153 1 19 0 -1
ciMethod com/google/common/reflect/Types$ParameterizedTypeImpl getActualTypeArguments ()[Ljava/lang/reflect/Type; 73 1 9 0 0
ciMethod com/google/common/reflect/Types$ParameterizedTypeImpl getRawType ()Ljava/lang/reflect/Type; 73 1 9 0 0
ciMethod com/google/common/reflect/Types$ParameterizedTypeImpl getOwnerType ()Ljava/lang/reflect/Type; 73 1 9 0 0
ciMethod org/gradle/model/internal/type/ParameterizedTypeWrapper <init> ([Lorg/gradle/model/internal/type/TypeWrapper;Lorg/gradle/model/internal/type/ClassTypeWrapper;Lorg/gradle/model/internal/type/TypeWrapper;)V 73 1 924 0 0
ciMethod org/gradle/model/internal/type/ParameterizedTypeWrapper hashCode ([Lorg/gradle/model/internal/type/TypeWrapper;Lorg/gradle/model/internal/type/ClassTypeWrapper;Lorg/gradle/model/internal/type/TypeWrapper;)I 73 73 924 0 0
ciMethod org/gradle/model/internal/type/WildcardTypeWrapper <init> ([Lorg/gradle/model/internal/type/TypeWrapper;[Lorg/gradle/model/internal/type/TypeWrapper;I)V 17 1 609 0 0
ciMethodData sun/reflect/generics/reflectiveObjects/WildcardTypeImpl getUpperBounds ()[Ljava/lang/reflect/Type; 2 5765 orig 264 8 110 36 98 0 0 0 0 144 204 93 14 0 0 0 0 208 2 0 0 32 0 0 0 0 0 0 0 0 0 0 0 0 0 0 0 0 0 0 0 0 0 0 0 0 0 0 0 0 0 0 0 0 0 0 0 0 0 0 0 0 0 0 0 0 0 0 0 0 0 0 0 0 0 0 0 0 0 0 0 77 68 79 32 101 120 116 114 97 32 100 97 116 97 32 108 111 99 107 0 0 0 0 0 0 0 0 0 0 0 0 0 0 0 0 0 0 0 0 0 0 0 0 0 0 0 0 0 0 0 0 0 0 0 0 0 0 0 0 0 0 0 0 0 0 0 0 0 0 0 0 0 0 0 0 0 0 0 0 0 0 0 0 0 0 0 0 0 0 0 0 0 0 0 0 0 0 0 0 0 0 0 0 0 0 0 0 0 0 0 0 0 0 0 0 0 0 0 0 0 0 0 0 0 0 0 0 0 0 0 0 0 0 0 0 0 0 1 0 0 41 172 0 0 225 25 0 0 0 0 0 0 0 0 0 0 2 0 0 0 1 0 13 0 2 0 0 0 136 1 0 0 255 255 255 255 7 0 4 0 0 0 0 0 data 49 0x40007 0x124a 0x128 0x33b 0x80002 0x33b 0x170007 0x33b 0xf8 0x33b 0x1b0005 0x0 0xaa245f0 0x33b 0x0 0x0 0x250005 0x3b 0xa4e5fd0 0x260 0xa4e6080 0xa0 0x2e0005 0x0 0xa4e4860 0x33b 0x0 0x0 0x310004 0x0 0x8af66b0 0x29a 0xaa24750 0xa0 0x350003 0x33b 0xffffffffffffff20 0x410005 0x0 0xa410ff0 0x1585 0x0 0x0 0x440004 0x0 0xa410ff0 0x1585 0x0 0x0 oops 8 12 sun/reflect/generics/reflectiveObjects/WildcardTypeImpl 18 sun/reflect/generics/tree/SimpleClassTypeSignature 20 sun/reflect/generics/tree/TypeVariableSignature 24 sun/reflect/generics/visitor/Reifier 30 java/lang/Class 32 sun/reflect/generics/reflectiveObjects/TypeVariableImpl 39 [Ljava/lang/reflect/Type; 45 [Ljava/lang/reflect/Type;
ciMethodData sun/reflect/generics/reflectiveObjects/WildcardTypeImpl getUpperBoundASTs ()[Lsun/reflect/generics/tree/FieldTypeSignature; 1 946 orig 264 8 110 36 98 0 0 0 0 8 203 93 14 0 0 0 0 112 1 0 0 0 0 0 0 0 0 0 0 0 0 0 0 0 0 0 0 0 0 0 0 0 0 0 0 0 0 0 0 0 0 0 0 0 0 0 0 0 0 0 0 0 0 0 0 0 0 0 0 0 0 0 0 0 0 0 0 0 0 0 0 77 68 79 32 101 120 116 114 97 32 100 97 116 97 32 108 111 99 107 0 0 0 0 0 0 0 0 0 0 0 0 0 0 0 0 0 0 0 0 0 0 0 0 0 0 0 0 0 0 0 0 0 0 0 0 0 0 0 0 0 0 0 0 0 0 0 0 0 0 0 0 0 0 0 0 0 0 0 0 0 0 0 0 0 0 0 0 0 0 0 0 0 0 0 0 0 0 0 0 0 0 0 0 0 25 0 0 0 0 0 0 0 0 0 0 0 0 0 0 0 1 0 0 0 0 0 0 0 0 0 0 0 0 0 0 0 118 0 0 0 225 25 0 0 1 0 0 0 0 0 0 0 0 0 0 0 2 0 0 0 0 0 0 0 0 0 0 0 80 0 0 0 255 255 255 255 7 0 3 0 0 0 0 0 data 10 0x30007 0x33c 0x50 0x0 0xa0007 0x0 0x30 0x0 0x110002 0x0 oops 0
ciMethodData sun/reflect/generics/reflectiveObjects/LazyReflectiveObjectGenerator getReifier ()Lsun/reflect/generics/visitor/Reifier; 2 1714 orig 264 8 110 36 98 0 0 0 0 8 132 30 7 0 0 0 0 104 1 0 0 0 0 0 0 0 0 0 0 0 0 0 0 0 0 0 0 0 0 0 0 0 0 0 0 0 0 0 0 0 0 0 0 0 0 0 0 0 0 0 0 0 0 0 0 0 0 0 0 0 0 0 0 0 0 0 0 0 0 0 0 77 68 79 32 101 120 116 114 97 32 100 97 116 97 32 108 111 99 107 0 0 0 0 0 0 0 0 0 0 0 0 0 0 0 0 0 0 0 0 0 0 0 0 0 0 0 0 0 0 0 0 0 0 0 0 0 0 0 0 0 0 0 0 0 0 0 0 0 0 0 0 0 0 0 0 0 0 0 0 0 0 0 0 0 0 0 0 0 0 0 0 0 0 0 0 0 0 0 0 0 0 0 0 0 17 0 0 0 0 0 0 0 0 0 0 0 0 0 0 0 1 0 0 0 0 0 0 0 0 0 0 0 0 0 0 0 212 0 0 0 241 46 0 0 1 0 0 0 0 0 0 0 0 0 0 0 2 0 0 0 0 0 0 0 0 0 0 0 32 0 0 0 255 255 255 255 2 0 1 0 0 0 0 0 data 4 0x10002 0x5de 0x40002 0x5de oops 0
ciMethodData sun/reflect/generics/reflectiveObjects/WildcardTypeImpl getLowerBounds ()[Ljava/lang/reflect/Type; 2 6571 orig 264 8 110 36 98 0 0 0 0 112 205 93 14 0 0 0 0 208 2 0 0 32 0 0 0 0 0 0 0 0 0 0 0 0 0 0 0 0 0 0 0 0 0 0 0 0 0 0 0 0 0 0 0 0 0 0 0 0 0 0 0 0 0 0 0 0 0 0 0 0 0 0 0 0 0 0 0 0 0 0 0 77 68 79 32 101 120 116 114 97 32 100 97 116 97 32 108 111 99 107 0 0 0 0 0 0 0 0 0 0 0 0 0 0 0 0 0 0 0 0 0 0 0 0 0 0 0 0 0 0 0 0 0 0 0 0 0 0 0 0 0 0 0 0 0 0 0 0 0 0 0 0 0 0 0 0 0 0 0 0 0 0 0 0 0 0 0 0 0 0 0 0 0 0 0 0 0 0 0 0 0 0 0 0 0 0 0 0 0 0 0 0 0 0 0 0 0 0 0 0 0 0 0 0 0 0 0 0 0 0 0 0 0 0 0 0 0 128 1 0 0 89 193 0 0 33 12 0 0 0 0 0 0 0 0 0 0 2 0 0 0 1 0 13 0 2 0 0 0 136 1 0 0 255 255 255 255 7 0 4 0 0 0 0 0 data 49 0x40007 0x14fc 0x128 0x32f 0x80002 0x32f 0x170007 0x32f 0xf8 0x184 0x1b0005 0x0 0xaa245f0 0x184 0x0 0x0 0x250005 0x0 0xa4e6080 0x136 0x1e581610 0x4e 0x2e0005 0x0 0xa4e4860 0x184 0x0 0x0 0x310004 0x0 0xaa24750 0x136 0x8af66b0 0x4b 0x350003 0x184 0xffffffffffffff20 0x410005 0x0 0xa410ff0 0x182b 0x0 0x0 0x440004 0x0 0xa410ff0 0x182b 0x0 0x0 oops 8 12 sun/reflect/generics/reflectiveObjects/WildcardTypeImpl 18 sun/reflect/generics/tree/TypeVariableSignature 20 sun/reflect/generics/tree/ClassTypeSignature 24 sun/reflect/generics/visitor/Reifier 30 sun/reflect/generics/reflectiveObjects/TypeVariableImpl 32 java/lang/Class 39 [Ljava/lang/reflect/Type; 45 [Ljava/lang/reflect/Type;
ciMethodData sun/reflect/generics/reflectiveObjects/WildcardTypeImpl getLowerBoundASTs ()[Lsun/reflect/generics/tree/FieldTypeSignature; 1 955 orig 264 8 110 36 98 0 0 0 0 176 203 93 14 0 0 0 0 112 1 0 0 0 0 0 0 0 0 0 0 0 0 0 0 0 0 0 0 0 0 0 0 0 0 0 0 0 0 0 0 0 0 0 0 0 0 0 0 0 0 0 0 0 0 0 0 0 0 0 0 0 0 0 0 0 0 0 0 0 0 0 0 77 68 79 32 101 120 116 114 97 32 100 97 116 97 32 108 111 99 107 0 0 0 0 0 0 0 0 0 0 0 0 0 0 0 0 0 0 0 0 0 0 0 0 0 0 0 0 0 0 0 0 0 0 0 0 0 0 0 0 0 0 0 0 0 0 0 0 0 0 0 0 0 0 0 0 0 0 0 0 0 0 0 0 0 0 0 0 0 0 0 0 0 0 0 0 0 0 0 0 0 0 0 0 0 25 0 0 0 0 0 0 0 0 0 0 0 0 0 0 0 1 0 0 0 0 0 0 0 0 0 0 0 0 0 0 0 140 0 0 0 121 25 0 0 1 0 0 0 0 0 0 0 0 0 0 0 2 0 0 0 0 0 0 0 0 0 0 0 80 0 0 0 255 255 255 255 7 0 3 0 0 0 0 0 data 10 0x30007 0x32f 0x50 0x0 0xa0007 0x0 0x30 0x0 0x110002 0x0 oops 0
ciMethodData sun/reflect/generics/tree/TypeVariableSignature accept (Lsun/reflect/generics/visitor/TypeTreeVisitor;)V 2 3668 orig 264 8 110 36 98 0 0 0 0 216 202 47 7 0 0 0 0 128 1 0 0 0 0 0 0 0 0 0 0 0 0 0 0 0 0 0 0 0 0 0 0 0 0 0 0 0 0 0 0 0 0 0 0 0 0 0 0 0 0 0 0 0 0 0 0 0 0 0 0 0 0 0 0 0 0 0 0 0 0 0 0 77 68 79 32 101 120 116 114 97 32 100 97 116 97 32 108 111 99 107 0 0 0 0 0 0 0 0 0 0 0 0 0 0 0 0 0 0 0 0 0 0 0 0 0 0 0 0 0 0 0 0 0 0 0 0 0 0 0 0 0 0 0 0 0 0 0 0 0 0 0 0 0 0 0 0 0 0 0 0 0 0 0 0 0 0 0 0 0 0 0 0 0 0 0 0 0 0 0 0 0 0 0 0 0 0 0 0 0 0 0 0 0 0 0 0 0 0 0 0 0 0 0 0 0 0 0 0 0 0 0 0 0 0 0 0 0 0 1 0 0 161 106 0 0 1 0 0 0 0 0 0 0 0 0 0 0 2 0 0 0 0 0 3 0 2 0 0 0 48 0 0 0 255 255 255 255 5 0 2 0 0 0 0 0 data 6 0x20005 0x0 0xa4e4860 0xd54 0x0 0x0 oops 1 2 sun/reflect/generics/visitor/Reifier
ciMethodData sun/reflect/generics/visitor/Reifier visitTypeVariableSignature (Lsun/reflect/generics/tree/TypeVariableSignature;)V 2 3668 orig 264 8 110 36 98 0 0 0 0 0 39 30 7 0 0 0 0 192 1 0 0 0 0 0 0 0 0 0 0 0 0 0 0 0 0 0 0 0 0 0 0 0 0 0 0 0 0 0 0 0 0 0 0 0 0 0 0 0 0 0 0 0 0 0 0 0 0 0 0 0 0 0 0 0 0 0 0 0 0 0 0 77 68 79 32 101 120 116 114 97 32 100 97 116 97 32 108 111 99 107 0 0 0 0 0 0 0 0 0 0 0 0 0 0 0 0 0 0 0 0 0 0 0 0 0 0 0 0 0 0 0 0 0 0 0 0 0 0 0 0 0 0 0 0 0 0 0 0 0 0 0 0 0 0 0 0 0 0 0 0 0 0 0 0 0 0 0 0 0 0 0 0 0 0 0 0 0 0 0 0 0 0 0 0 0 0 0 0 0 0 0 0 0 0 0 0 0 0 0 0 0 0 0 0 0 0 0 0 0 0 0 0 0 0 0 0 0 255 0 0 0 169 106 0 0 1 0 0 0 0 0 0 0 0 0 0 0 2 0 0 0 0 0 0 0 0 0 0 0 112 0 0 0 255 255 255 255 2 0 2 0 0 0 0 0 data 14 0x20002 0xd55 0x60005 0x0 0xa4e6080 0xd55 0x0 0x0 0x90005 0x0 0x1e545d50 0xd55 0x0 0x0 oops 2 4 sun/reflect/generics/tree/TypeVariableSignature 10 sun/reflect/generics/factory/CoreReflectionFactory
ciMethodData sun/reflect/generics/factory/CoreReflectionFactory findTypeVariable (Ljava/lang/String;)Ljava/lang/reflect/TypeVariable; 2 3668 orig 264 8 110 36 98 0 0 0 0 200 131 29 7 0 0 0 0 144 1 0 0 0 0 0 0 0 0 0 0 0 0 0 0 0 0 0 0 0 0 0 0 0 0 0 0 0 0 0 0 0 0 0 0 0 0 0 0 0 0 0 0 0 0 0 0 0 0 0 0 0 0 0 0 0 0 0 0 0 0 0 0 77 68 79 32 101 120 116 114 97 32 100 97 116 97 32 108 111 99 107 0 0 0 0 0 0 0 0 0 0 0 0 0 0 0 0 0 0 0 0 0 0 0 0 0 0 0 0 0 0 0 0 0 0 0 0 0 0 0 0 0 0 0 0 0 0 0 0 0 0 0 0 0 0 0 0 0 0 0 0 0 0 0 0 0 0 0 0 0 0 0 0 0 0 0 0 0 0 0 0 0 0 0 0 0 0 0 0 0 0 0 0 0 0 0 0 0 0 0 0 0 0 0 0 0 0 0 0 0 0 0 0 0 0 0 0 0 255 0 0 0 169 106 0 0 1 0 0 0 0 0 0 0 0 0 0 0 2 0 0 0 0 0 0 0 0 0 0 0 64 0 0 0 255 255 255 255 2 0 1 0 0 0 0 0 data 8 0x10002 0xd55 0x50005 0xe 0x1e547f90 0xcf0 0x1e548040 0x57 oops 2 4 sun/reflect/generics/scope/MethodScope 6 sun/reflect/generics/scope/ClassScope
ciMethod org/gradle/model/internal/type/TypeVariableTypeWrapper <init> (Ljava/lang/String;[Lorg/gradle/model/internal/type/TypeWrapper;I)V 17 1 1481 0 0
ciMethod java/lang/reflect/WildcardType getUpperBounds ()[Ljava/lang/reflect/Type; 0 0 1 0 -1
ciMethod java/lang/reflect/WildcardType getLowerBounds ()[Ljava/lang/reflect/Type; 0 0 1 0 -1
ciMethod sun/reflect/generics/reflectiveObjects/WildcardTypeImpl getUpperBoundASTs ()[Lsun/reflect/generics/tree/FieldTypeSignature; 945 1 946 0 0
ciMethod sun/reflect/generics/reflectiveObjects/WildcardTypeImpl getLowerBoundASTs ()[Lsun/reflect/generics/tree/FieldTypeSignature; 1121 1 955 0 0
ciMethod sun/reflect/generics/reflectiveObjects/WildcardTypeImpl getUpperBounds ()[Ljava/lang/reflect/Type; 2049 945 5765 0 0
ciMethod sun/reflect/generics/reflectiveObjects/WildcardTypeImpl getLowerBounds ()[Ljava/lang/reflect/Type; 3073 713 6571 0 0
ciMethod sun/reflect/generics/reflectiveObjects/WildcardTypeImpl hashCode ()I 2049 1 3829 0 0
ciMethodData sun/reflect/generics/scope/ClassScope make (Ljava/lang/Class;)Lsun/reflect/generics/scope/ClassScope; 2 3131 orig 264 8 110 36 98 0 0 0 0 152 81 30 7 0 0 0 0 48 1 0 0 0 0 0 0 0 0 0 0 0 0 0 0 0 0 0 0 0 0 0 0 0 0 0 0 0 0 0 0 0 0 0 0 0 0 0 0 0 0 0 0 0 0 0 0 0 0 0 0 0 0 0 0 0 0 0 0 0 0 0 0 77 68 79 32 101 120 116 114 97 32 100 97 116 97 32 108 111 99 107 0 0 0 0 0 0 0 0 0 0 0 0 0 0 0 0 0 0 0 0 0 0 0 0 0 0 0 0 0 0 0 0 0 0 0 0 0 0 0 0 0 0 0 0 0 0 0 0 0 0 0 0 0 0 0 0 0 0 0 0 0 0 0 0 0 0 0 0 0 0 0 0 0 0 0 0 0 0 0 0 0 0 0 0 0 13 0 0 0 0 0 0 0 0 0 0 0 0 0 0 0 0 0 0 0 0 0 0 0 0 0 0 0 0 0 0 0 81 0 0 0 81 95 0 0 1 0 0 0 0 0 0 0 0 0 0 0 2 0 0 0 0 0 3 0 2 0 0 0 16 0 0 0 255 255 255 255 2 0 5 0 0 0 0 0 data 2 0x50002 0xbea oops 0
ciMethodData sun/reflect/generics/visitor/Reifier make (Lsun/reflect/generics/factory/GenericsFactory;)Lsun/reflect/generics/visitor/Reifier; 2 8140 orig 264 8 110 36 98 0 0 0 0 120 33 30 7 0 0 0 0 48 1 0 0 0 0 0 0 0 0 0 0 0 0 0 0 0 0 0 0 0 0 0 0 0 0 0 0 0 0 0 0 0 0 0 0 0 0 0 0 0 0 0 0 0 0 0 0 0 0 0 0 0 0 0 0 0 0 0 0 0 0 0 0 77 68 79 32 101 120 116 114 97 32 100 97 116 97 32 108 111 99 107 0 0 0 0 0 0 0 0 0 0 0 0 0 0 0 0 0 0 0 0 0 0 0 0 0 0 0 0 0 0 0 0 0 0 0 0 0 0 0 0 0 0 0 0 0 0 0 0 0 0 0 0 0 0 0 0 0 0 0 0 0 0 0 0 0 0 0 0 0 0 0 0 0 0 0 0 0 0 0 0 0 0 0 0 0 0 0 0 0 0 0 0 0 0 0 0 0 0 0 0 0 0 0 0 0 0 0 0 0 0 0 0 0 0 0 0 0 183 0 0 0 169 248 0 0 1 0 0 0 0 0 0 0 0 0 0 0 2 0 0 0 0 0 3 0 2 0 0 0 16 0 0 0 255 255 255 255 2 0 5 0 0 0 0 0 data 2 0x50002 0x1f15 oops 0
ciMethodData sun/reflect/generics/visitor/Reifier <init> (Lsun/reflect/generics/factory/GenericsFactory;)V 2 8140 orig 264 8 110 36 98 0 0 0 0 72 32 30 7 0 0 0 0 56 1 0 0 0 0 0 0 0 0 0 0 0 0 0 0 0 0 0 0 0 0 0 0 0 0 0 0 0 0 0 0 0 0 0 0 0 0 0 0 0 0 0 0 0 0 0 0 0 0 0 0 0 0 0 0 0 0 0 0 0 0 0 0 77 68 79 32 101 120 116 114 97 32 100 97 116 97 32 108 111 99 107 0 0 0 0 0 0 0 0 0 0 0 0 0 0 0 0 0 0 0 0 0 0 0 0 0 0 0 0 0 0 0 0 0 0 0 0 0 0 0 0 0 0 0 0 0 0 0 0 0 0 0 0 0 0 0 0 0 0 0 0 0 0 0 0 0 0 0 0 0 0 0 0 0 0 0 0 0 0 0 0 0 0 0 0 0 1 0 0 0 0 0 0 0 0 0 0 0 0 0 0 0 1 0 0 0 0 0 0 0 0 0 0 0 0 0 0 0 184 0 0 0 161 248 0 0 1 0 0 0 0 0 0 0 0 0 0 0 2 0 0 0 0 0 3 0 2 0 0 0 16 0 0 0 255 255 255 255 2 0 1 0 0 0 0 0 data 2 0x10002 0x1f14 oops 0
ciMethodData sun/reflect/generics/visitor/Reifier getResult ()Ljava/lang/reflect/Type; 2 8139 orig 264 8 110 36 98 0 0 0 0 224 34 30 7 0 0 0 0 112 1 0 0 0 0 0 0 0 0 0 0 0 0 0 0 0 0 0 0 0 0 0 0 0 0 0 0 0 0 0 0 0 0 0 0 0 0 0 0 0 0 0 0 0 0 0 0 0 0 0 0 0 0 0 0 0 0 0 0 0 0 0 0 77 68 79 32 101 120 116 114 97 32 100 97 116 97 32 108 111 99 107 0 0 0 0 0 0 0 0 0 0 0 0 0 0 0 0 0 0 0 0 0 0 0 0 0 0 0 0 0 0 0 0 0 0 0 0 0 0 0 0 0 0 0 0 0 0 0 0 0 0 0 0 0 0 0 0 0 0 0 0 0 0 0 0 0 0 0 0 0 0 0 0 0 0 0 0 0 0 0 0 0 0 0 0 0 25 0 0 0 0 0 0 0 0 0 0 0 0 0 0 0 1 0 0 0 0 0 0 0 0 0 0 0 0 0 0 0 191 0 0 0 97 248 0 0 1 0 0 0 0 0 0 0 0 0 0 0 2 0 0 0 0 0 4 0 2 0 0 0 80 0 0 0 255 255 255 255 7 0 3 0 0 0 0 0 data 10 0x30007 0x1f0c 0x50 0x0 0xa0007 0x0 0x30 0x0 0x110002 0x0 oops 0
ciMethodData sun/reflect/generics/tree/ClassTypeSignature accept (Lsun/reflect/generics/visitor/TypeTreeVisitor;)V 2 7812 orig 264 8 110 36 98 0 0 0 0 200 247 29 7 0 0 0 0 128 1 0 0 0 0 0 0 0 0 0 0 0 0 0 0 0 0 0 0 0 0 0 0 0 0 0 0 0 0 0 0 0 0 0 0 0 0 0 0 0 0 0 0 0 0 0 0 0 0 0 0 0 0 0 0 0 0 0 0 0 0 0 0 77 68 79 32 101 120 116 114 97 32 100 97 116 97 32 108 111 99 107 0 0 0 0 0 0 0 0 0 0 0 0 0 0 0 0 0 0 0 0 0 0 0 0 0 0 0 0 0 0 0 0 0 0 0 0 0 0 0 0 0 0 0 0 0 0 0 0 0 0 0 0 0 0 0 0 0 0 0 0 0 0 0 0 0 0 0 0 0 0 0 0 0 0 0 0 0 0 0 0 0 0 0 0 0 0 0 0 0 0 0 0 0 0 0 0 0 0 0 0 0 0 0 0 0 0 0 0 0 0 0 0 0 0 0 0 0 0 1 0 0 33 236 0 0 1 0 0 0 0 0 0 0 0 0 0 0 2 0 0 0 0 0 3 0 2 0 0 0 48 0 0 0 255 255 255 255 5 0 2 0 0 0 0 0 data 6 0x20005 0x0 0xa4e4860 0x1d84 0x0 0x0 oops 1 2 sun/reflect/generics/visitor/Reifier
ciMethodData sun/reflect/generics/visitor/Reifier visitClassTypeSignature (Lsun/reflect/generics/tree/ClassTypeSignature;)V 2 7846 orig 264 8 110 36 98 0 0 0 0 176 37 30 7 0 0 0 0 232 10 0 0 184 6 0 0 0 0 0 0 0 0 0 0 0 0 0 0 0 0 0 0 0 0 0 0 0 0 0 0 0 0 0 0 0 0 0 0 0 0 0 0 0 0 0 0 0 0 0 0 0 0 0 0 0 0 0 0 0 0 0 0 77 68 79 32 101 120 116 114 97 32 100 97 116 97 32 108 111 99 107 0 0 0 0 0 0 0 0 0 0 0 0 0 0 0 0 0 0 0 0 0 0 0 0 0 0 0 0 0 0 0 0 0 0 0 0 0 0 0 0 0 0 0 0 0 0 0 0 0 0 0 0 0 0 0 0 0 0 0 0 0 0 0 0 0 0 0 0 0 0 0 0 0 0 0 0 0 0 0 0 0 0 0 0 0 0 0 0 0 0 0 0 0 0 0 0 0 0 0 0 0 0 0 0 0 0 0 0 0 0 0 0 0 0 0 0 0 3 1 0 0 25 237 0 0 1 0 0 0 0 0 0 0 0 0 0 0 2 0 0 0 2 0 31 0 2 0 0 0 152 9 0 0 255 255 255 255 5 0 1 0 0 0 0 0 data 307 0x10005 0x0 0x1e581610 0x1da3 0x0 0x0 0x80007 0x1da3 0x80 0x0 0xc0005 0x0 0x0 0x0 0x0 0x0 0x110007 0x0 0x30 0x0 0x180002 0x0 0x1d0005 0x0 0xa457870 0x1da3 0x0 0x0 0x240005 0x0 0xa457920 0x1da3 0x0 0x0 0x290004 0x0 0xa4e5fd0 0x1da3 0x0 0x0 0x340005 0x0 0xa4e5fd0 0x1da3 0x0 0x0 0x370002 0x1da3 0x3e0005 0x0 0xa4e5fd0 0x1da3 0x0 0x0 0x440005 0x0 0xa457920 0x1da3 0x0 0x0 0x490007 0x1da3 0x1e0 0x0 0x4e0005 0x0 0x0 0x0 0x0 0x0 0x520007 0x0 0x190 0x0 0x560005 0x0 0x0 0x0 0x0 0x0 0x5b0004 0x0 0x0 0x0 0x0 0x0 0x620005 0x0 0x0 0x0 0x0 0x0 0x6b0007 0x0 0x38 0x0 0x700003 0x0 0x18 0x750005 0x0 0x0 0x0 0x0 0x0 0x7a0005 0x0 0x0 0x0 0x0 0x0 0x7d0005 0x0 0x0 0x0 0x0 0x0 0x810003 0x0 0xfffffffffffffe08 0x870007 0x1da3 0xd0 0x0 0x8b0005 0x0 0x0 0x0 0x0 0x0 0x900007 0x0 0x80 0x0 0x950005 0x0 0x0 0x0 0x0 0x0 0x990007 0x0 0x30 0x0 0xa00002 0x0 0xa50002 0x1da3 0xaa0005 0x0 0x779fcc0 0x1da3 0x0 0x0 0xad0005 0x0 0x1e545d50 0x1da3 0x0 0x0 0xb60005 0x0 0xa4e5fd0 0x1da2 0x0 0x0 0xba0007 0xd39 0xb8 0x1069 0xc00007 0x1069 0x80 0x0 0xc40005 0x0 0x0 0x0 0x0 0x0 0xc90007 0x0 0x30 0x0 0xd00002 0x0 0xda0003 0x1069 0x3c8 0xe00007 0xd39 0x80 0x0 0xe50005 0x0 0x0 0x0 0x0 0x0 0xe90007 0x0 0x30 0x0 0xf00002 0x0 0xf70005 0x0 0xa4e5fd0 0xd39 0x0 0x0 0xfa0002 0xd39 0x1000002 0xd39 0x1080005 0x0 0x1e545d50 0xd39 0x0 0x0 0x1130005 0x0 0xa457920 0xd39 0x0 0x0 0x1180007 0xd39 0x280 0x0 0x11c0005 0x0 0x0 0x0 0x0 0x0 0x1210004 0x0 0x0 0x0 0x0 0x0 0x1280005 0x0 0x0 0x0 0x0 0x0 0x1310007 0x0 0x38 0x0 0x1360003 0x0 0x18 0x13b0005 0x0 0x0 0x0 0x0 0x0 0x1400005 0x0 0x0 0x0 0x0 0x0 0x1430005 0x0 0x0 0x0 0x0 0x0 0x1480002 0x0 0x14d0005 0x0 0x0 0x0 0x0 0x0 0x1500005 0x0 0x0 0x0 0x0 0x0 0x15a0005 0x0 0x0 0x0 0x0 0x0 0x15d0002 0x0 0x1630002 0x0 0x16c0005 0x0 0x0 0x0 0x0 0x0 0x1730003 0x0 0xfffffffffffffd68 oops 13 2 sun/reflect/generics/tree/ClassTypeSignature 24 java/util/ArrayList 30 java/util/ArrayList$Itr 36 sun/reflect/generics/tree/SimpleClassTypeSignature 42 sun/reflect/generics/tree/SimpleClassTypeSignature 50 sun/reflect/generics/tree/SimpleClassTypeSignature 56 java/util/ArrayList$Itr 150 java/lang/StringBuilder 156 sun/reflect/generics/factory/CoreReflectionFactory 162 sun/reflect/generics/tree/SimpleClassTypeSignature 207 sun/reflect/generics/tree/SimpleClassTypeSignature 217 sun/reflect/generics/factory/CoreReflectionFactory 223 java/util/ArrayList$Itr
ciMethodData java/util/Arrays hashCode ([Ljava/lang/Object;)I 2 8520 orig 264 8 110 36 98 0 0 0 0 160 152 241 6 0 0 0 0 8 2 0 0 0 0 0 0 0 0 0 0 0 0 0 0 0 0 0 0 0 0 0 0 0 0 0 0 0 0 0 0 0 0 0 0 0 0 0 0 0 0 0 0 0 0 0 0 0 0 0 0 0 0 0 0 0 0 0 0 0 0 0 0 77 68 79 32 101 120 116 114 97 32 100 97 116 97 32 108 111 99 107 0 0 0 0 0 0 0 0 0 0 0 0 0 0 0 0 0 0 0 0 0 0 0 0 0 0 0 0 0 0 0 0 0 0 0 0 0 0 0 0 0 0 0 0 0 0 0 0 0 0 0 0 0 0 0 0 0 0 0 0 0 0 0 0 0 0 0 0 0 0 0 0 0 0 0 0 0 0 0 0 0 0 0 0 0 0 0 0 0 0 0 0 0 0 0 0 0 0 0 0 0 0 0 0 0 0 0 0 0 0 0 0 0 0 0 0 0 5 1 0 0 145 179 0 0 241 2 1 0 0 0 0 0 0 0 0 0 2 0 0 0 1 0 11 0 2 0 0 0 192 0 0 0 255 255 255 255 7 0 1 0 0 0 0 0 data 24 0x10007 0x1672 0x20 0x0 0x130007 0x1672 0xa0 0x205e 0x220007 0x1c90 0x38 0x3ce 0x260003 0x3ce 0x48 0x2b0005 0x5c5 0x8af66b0 0xa9f 0x8af6620 0xc2c 0x330003 0x205e 0xffffffffffffff78 oops 2 17 java/lang/Class 19 java/lang/String
ciMethodData sun/reflect/generics/reflectiveObjects/GenericArrayTypeImpl hashCode ()I 1 288 orig 264 8 110 36 98 0 0 0 0 112 190 5 14 0 0 0 0 88 1 0 0 0 0 0 0 0 0 0 0 0 0 0 0 0 0 0 0 0 0 0 0 0 0 0 0 0 0 0 0 0 0 0 0 0 0 0 0 0 0 0 0 0 0 0 0 0 0 0 0 0 0 0 0 0 0 0 0 0 0 0 0 77 68 79 32 101 120 116 114 97 32 100 97 116 97 32 108 111 99 107 0 0 0 0 0 0 0 0 0 0 0 0 0 0 0 0 0 0 0 0 0 0 0 0 0 0 0 0 0 0 0 0 0 0 0 0 0 0 0 0 0 0 0 0 0 0 0 0 0 0 0 0 0 0 0 0 0 0 0 0 0 0 0 0 0 0 0 0 0 0 0 0 0 0 0 0 0 0 0 0 0 0 0 0 0 17 0 0 0 0 0 0 0 0 0 0 0 0 0 0 0 1 0 0 0 0 0 0 0 0 0 0 0 0 0 0 0 0 1 0 0 1 1 0 0 1 0 0 0 0 0 0 0 0 0 0 0 2 0 0 0 0 0 7 0 2 0 0 0 16 0 0 0 255 255 255 255 2 0 4 0 0 0 0 0 data 2 0x40002 0x20 oops 0
ciMethodData sun/reflect/generics/reflectiveObjects/WildcardTypeImpl hashCode ()I 2 3829 orig 264 8 110 36 98 0 0 0 0 48 208 93 14 0 0 0 0 200 1 0 0 0 0 0 0 0 0 0 0 0 0 0 0 0 0 0 0 0 0 0 0 0 0 0 0 0 0 0 0 0 0 0 0 0 0 0 0 0 0 0 0 0 0 0 0 0 0 0 0 0 0 0 0 0 0 0 0 0 0 0 0 77 68 79 32 101 120 116 114 97 32 100 97 116 97 32 108 111 99 107 0 0 0 0 0 0 0 0 0 0 0 0 0 0 0 0 0 0 0 0 0 0 0 0 0 0 0 0 0 0 0 0 0 0 0 0 0 0 0 0 0 0 0 0 0 0 0 0 0 0 0 0 0 0 0 0 0 0 0 0 0 0 0 0 0 0 0 0 0 0 0 0 0 0 0 0 0 0 0 0 0 0 0 0 0 0 0 0 0 0 0 0 0 0 0 0 0 0 0 0 0 0 0 0 0 0 0 0 0 0 0 0 0 0 0 0 0 0 1 0 0 169 111 0 0 1 0 0 0 0 0 0 0 0 0 0 0 2 0 0 0 0 0 3 0 2 0 0 0 128 0 0 0 255 255 255 255 5 0 1 0 0 0 0 0 data 16 0x10005 0x0 0xaa245f0 0xdf5 0x0 0x0 0x60005 0x0 0xaa245f0 0xdf5 0x0 0x0 0xb0002 0xdf5 0xf0002 0xdf5 oops 2 2 sun/reflect/generics/reflectiveObjects/WildcardTypeImpl 8 sun/reflect/generics/reflectiveObjects/WildcardTypeImpl
ciMethodData sun/reflect/generics/reflectiveObjects/TypeVariableImpl getBounds ()[Ljava/lang/reflect/Type; 2 1794 orig 264 8 110 36 98 0 0 0 0 8 118 30 7 0 0 0 0 208 2 0 0 32 0 0 0 0 0 0 0 0 0 0 0 0 0 0 0 0 0 0 0 0 0 0 0 0 0 0 0 0 0 0 0 0 0 0 0 0 0 0 0 0 0 0 0 0 0 0 0 0 0 0 0 0 0 0 0 0 0 0 0 77 68 79 32 101 120 116 114 97 32 100 97 116 97 32 108 111 99 107 0 0 0 0 0 0 0 0 0 0 0 0 0 0 0 0 0 0 0 0 0 0 0 0 0 0 0 0 0 0 0 0 0 0 0 0 0 0 0 0 0 0 0 0 0 0 0 0 0 0 0 0 0 0 0 0 0 0 0 0 0 0 0 0 0 0 0 0 0 0 0 0 0 0 0 0 0 0 0 0 0 0 0 0 0 0 0 0 0 0 0 0 0 0 0 0 0 0 0 0 0 0 0 0 0 0 0 0 0 0 0 0 0 0 0 0 0 6 1 0 0 225 47 0 0 89 7 0 0 0 0 0 0 0 0 0 0 2 0 0 0 1 0 13 0 2 0 0 0 136 1 0 0 255 255 255 255 7 0 4 0 0 0 0 0 data 49 0x40007 0x511 0x128 0xeb 0x80002 0xeb 0x170007 0xeb 0xf8 0xeb 0x1b0005 0x0 0xaa24750 0xeb 0x0 0x0 0x250005 0x0 0x1e581610 0xc6 0xa4e6080 0x25 0x2e0005 0x0 0xa4e4860 0xeb 0x0 0x0 0x310004 0x0 0x8af66b0 0xc5 0xaa24750 0x25 0x350003 0xeb 0xffffffffffffff20 0x410005 0x0 0xa410ff0 0x5fc 0x0 0x0 0x440004 0x0 0xa410ff0 0x5fc 0x0 0x0 oops 8 12 sun/reflect/generics/reflectiveObjects/TypeVariableImpl 18 sun/reflect/generics/tree/ClassTypeSignature 20 sun/reflect/generics/tree/TypeVariableSignature 24 sun/reflect/generics/visitor/Reifier 30 java/lang/Class 32 sun/reflect/generics/reflectiveObjects/TypeVariableImpl 39 [Ljava/lang/reflect/Type; 45 [Ljava/lang/reflect/Type;
ciMethodData sun/reflect/generics/reflectiveObjects/TypeVariableImpl getBoundASTs ()[Lsun/reflect/generics/tree/FieldTypeSignature; 1 291 orig 264 8 110 36 98 0 0 0 0 80 116 30 7 0 0 0 0 112 1 0 0 0 0 0 0 0 0 0 0 0 0 0 0 0 0 0 0 0 0 0 0 0 0 0 0 0 0 0 0 0 0 0 0 0 0 0 0 0 0 0 0 0 0 0 0 0 0 0 0 0 0 0 0 0 0 0 0 0 0 0 0 77 68 79 32 101 120 116 114 97 32 100 97 116 97 32 108 111 99 107 0 0 0 0 0 0 0 0 0 0 0 0 0 0 0 0 0 0 0 0 0 0 0 0 0 0 0 0 0 0 0 0 0 0 0 0 0 0 0 0 0 0 0 0 0 0 0 0 0 0 0 0 0 0 0 0 0 0 0 0 0 0 0 0 0 0 0 0 0 0 0 0 0 0 0 0 0 0 0 0 0 0 0 0 0 25 0 0 0 0 0 0 0 0 0 0 0 0 0 0 0 1 0 0 0 0 0 0 0 0 0 0 0 0 0 0 0 56 0 0 0 89 7 0 0 1 0 0 0 0 0 0 0 0 0 0 0 2 0 0 0 0 0 0 0 0 0 0 0 80 0 0 0 255 255 255 255 7 0 3 0 0 0 0 0 data 10 0x30007 0xeb 0x50 0x0 0xa0007 0x0 0x30 0x0 0x110002 0x0 oops 0
ciMethodData sun/reflect/generics/scope/MethodScope computeEnclosingScope ()Lsun/reflect/generics/scope/Scope; 1 1016 orig 264 8 110 36 98 0 0 0 0 120 97 29 7 0 0 0 0 104 1 0 0 0 0 0 0 0 0 0 0 0 0 0 0 0 0 0 0 0 0 0 0 0 0 0 0 0 0 0 0 0 0 0 0 0 0 0 0 0 0 0 0 0 0 0 0 0 0 0 0 0 0 0 0 0 0 0 0 0 0 0 0 77 68 79 32 101 120 116 114 97 32 100 97 116 97 32 108 111 99 107 0 0 0 0 0 0 0 0 0 0 0 0 0 0 0 0 0 0 0 0 0 0 0 0 0 0 0 0 0 0 0 0 0 0 0 0 0 0 0 0 0 0 0 0 0 0 0 0 0 0 0 0 0 0 0 0 0 0 0 0 0 0 0 0 0 0 0 0 0 0 0 0 0 0 0 0 0 0 0 0 0 0 0 0 0 0 0 0 0 0 0 0 0 0 0 0 0 0 0 0 0 0 0 0 0 0 0 0 0 0 0 0 0 0 0 0 0 4 1 0 0 161 23 0 0 1 0 0 0 0 0 0 0 0 0 0 0 2 0 0 0 0 0 3 0 2 0 0 0 32 0 0 0 255 255 255 255 2 0 1 0 0 0 0 0 data 4 0x10002 0x2f4 0x40002 0x2f4 oops 0
ciMethodData sun/reflect/generics/scope/MethodScope getEnclosingClass ()Ljava/lang/Class; 1 1049 orig 264 8 110 36 98 0 0 0 0 224 96 29 7 0 0 0 0 216 1 0 0 0 0 0 0 0 0 0 0 0 0 0 0 0 0 0 0 0 0 0 0 0 0 0 0 0 0 0 0 0 0 0 0 0 0 0 0 0 0 0 0 0 0 0 0 0 0 0 0 0 0 0 0 0 0 0 0 0 0 0 0 77 68 79 32 101 120 116 114 97 32 100 97 116 97 32 108 111 99 107 0 0 0 0 0 0 0 0 0 0 0 0 0 0 0 0 0 0 0 0 0 0 0 0 0 0 0 0 0 0 0 0 0 0 0 0 0 0 0 0 0 0 0 0 0 0 0 0 0 0 0 0 0 0 0 0 0 0 0 0 0 0 0 0 0 0 0 0 0 0 0 0 0 0 0 0 0 0 0 0 0 0 0 0 0 0 0 0 0 0 0 0 0 0 0 0 0 0 0 0 0 0 0 0 0 0 0 0 0 0 0 0 0 0 0 0 0 4 1 0 0 169 24 0 0 1 0 0 0 0 0 0 0 0 0 0 0 2 0 0 0 0 0 0 0 0 0 0 0 144 0 0 0 255 255 255 255 5 0 1 0 0 0 0 0 data 18 0x10005 0x0 0x1e547f90 0x315 0x0 0x0 0x40004 0x0 0x8af7ce0 0x315 0x0 0x0 0x70005 0x21 0x8af7ce0 0x2f4 0x0 0x0 oops 3 2 sun/reflect/generics/scope/MethodScope 8 java/lang/reflect/Method 14 java/lang/reflect/Method
ciMethodData org/gradle/model/internal/type/ModelType wrap (Ljava/lang/reflect/Type;)Lorg/gradle/model/internal/type/TypeWrapper; 2 13064 orig 264 8 110 36 98 0 0 0 0 56 72 8 14 0 0 0 0 200 7 0 0 128 2 0 0 0 0 0 0 0 0 0 0 0 0 0 0 0 0 0 0 0 0 0 0 0 0 0 0 0 0 0 0 0 0 0 0 0 0 0 0 0 0 0 0 0 0 0 0 0 0 0 0 0 0 0 0 0 0 0 0 77 68 79 32 101 120 116 114 97 32 100 97 116 97 32 108 111 99 107 0 0 0 0 0 0 0 0 0 0 0 0 0 0 0 0 0 0 0 0 0 0 0 0 0 0 0 0 0 0 0 0 0 0 0 0 0 0 0 0 0 0 0 0 0 1 0 0 0 0 0 0 0 0 0 0 0 0 0 0 0 0 0 0 0 4 0 0 0 0 0 0 0 0 0 0 0 0 0 0 0 0 0 0 0 0 0 0 0 0 0 0 0 0 0 0 0 0 0 0 0 0 0 0 0 0 0 0 0 0 0 0 0 0 0 0 0 4 1 0 0 33 144 1 0 1 0 0 0 0 0 0 0 0 0 0 0 2 0 0 0 0 0 20 0 2 0 0 0 128 6 0 0 255 255 255 255 7 0 1 0 0 0 0 0 data 208 0x10007 0x2e83 0x20 0x381 0x70004 0xfffffffffffff407 0x8af66b0 0x228a 0xaa24490 0x1 0xa0007 0xbf9 0x60 0x228a 0x120004 0x0 0x8af66b0 0x228a 0x0 0x0 0x150002 0x228a 0x1a0004 0xfffffffffffff796 0xaa24490 0x38c 0xaa24540 0x3 0x1d0007 0x86a 0x150 0x38f 0x214004 0x0 0xaa24490 0x38c 0xaa24540 0x5 0x2a0005 0x0 0xaa24490 0x38c 0xaa24540 0x5 0x2f0002 0x391 0x330005 0x0 0xaa24490 0x38c 0xaa24540 0x5 0x380002 0x391 0x3b0004 0x0 0xaa23500 0x391 0x0 0x0 0x3f0005 0x0 0xaa24490 0x38c 0xaa24540 0x5 0x440002 0x391 0x470002 0x391 0x4c0004 0xfffffffffffff9f3 0xaa245f0 0x25c 0xaa246a0 0x1 0x4f0007 0x60d 0x110 0x25d 0x53c004 0x0 0xaa245f0 0x25c 0xaa246a0 0x3 0x5c0005 0x0 0xaa245f0 0x25c 0xaa246a0 0x3 0x610002 0x25f 0x650005 0x0 0xaa245f0 0x25c 0xaa246a0 0x3 0x6a0002 0x25f 0x6e0005 0x0 0xaa245f0 0x25c 0xaa246a0 0x3 0x710002 0x25f 0x760004 0xffffffffffffffba 0xaa24750 0x5c7 0x0 0x0 0x790007 0x46 0x100 0x5c7 0x7d0004 0x0 0xaa24750 0x5c7 0x0 0x0 0x860005 0x0 0xaa24750 0x5c7 0x0 0x0 0x8c0005 0x0 0xaa24750 0x5c7 0x0 0x0 0x910002 0x5c7 0x950005 0x0 0xaa24750 0x5c7 0x0 0x0 0x980002 0x5c7 0x9d0004 0x0 0xaa24800 0x46 0x0 0x0 0xa00007 0x0 0xd0 0x46 0xa40004 0x0 0xaa24800 0x46 0x0 0x0 0xad0005 0x0 0xaa24800 0x46 0x0 0x0 0xb20002 0x46 0xb60005 0x0 0xaa24800 0x46 0x0 0x0 0xb90002 0x46 0xc50002 0x0 0xca0005 0x0 0x0 0x0 0x0 0x0 0xce0005 0x0 0x0 0x0 0x0 0x0 0xd10005 0x0 0x0 0x0 0x0 0x0 0xd40005 0x0 0x0 0x0 0x0 0x0 0xd70002 0x0 oops 33 6 java/lang/Class 8 sun/reflect/generics/reflectiveObjects/ParameterizedTypeImpl 16 java/lang/Class 24 sun/reflect/generics/reflectiveObjects/ParameterizedTypeImpl 26 com/google/common/reflect/Types$ParameterizedTypeImpl 34 sun/reflect/generics/reflectiveObjects/ParameterizedTypeImpl 36 com/google/common/reflect/Types$ParameterizedTypeImpl 40 sun/reflect/generics/reflectiveObjects/ParameterizedTypeImpl 42 com/google/common/reflect/Types$ParameterizedTypeImpl 48 sun/reflect/generics/reflectiveObjects/ParameterizedTypeImpl 50 com/google/common/reflect/Types$ParameterizedTypeImpl 56 org/gradle/model/internal/type/ClassTypeWrapper 62 sun/reflect/generics/reflectiveObjects/ParameterizedTypeImpl 64 com/google/common/reflect/Types$ParameterizedTypeImpl 72 sun/reflect/generics/reflectiveObjects/WildcardTypeImpl 74 com/google/common/reflect/Types$WildcardTypeImpl 82 sun/reflect/generics/reflectiveObjects/WildcardTypeImpl 84 com/google/common/reflect/Types$WildcardTypeImpl 88 sun/reflect/generics/reflectiveObjects/WildcardTypeImpl 90 com/google/common/reflect/Types$WildcardTypeImpl 96 sun/reflect/generics/reflectiveObjects/WildcardTypeImpl 98 com/google/common/reflect/Types$WildcardTypeImpl 104 sun/reflect/generics/reflectiveObjects/WildcardTypeImpl 106 com/google/common/reflect/Types$WildcardTypeImpl 112 sun/reflect/generics/reflectiveObjects/TypeVariableImpl 122 sun/reflect/generics/reflectiveObjects/TypeVariableImpl 128 sun/reflect/generics/reflectiveObjects/TypeVariableImpl 134 sun/reflect/generics/reflectiveObjects/TypeVariableImpl 142 sun/reflect/generics/reflectiveObjects/TypeVariableImpl 150 sun/reflect/generics/reflectiveObjects/GenericArrayTypeImpl 160 sun/reflect/generics/reflectiveObjects/GenericArrayTypeImpl 166 sun/reflect/generics/reflectiveObjects/GenericArrayTypeImpl 174 sun/reflect/generics/reflectiveObjects/GenericArrayTypeImpl
ciMethodData org/gradle/model/internal/type/ClassTypeWrapper <init> (Ljava/lang/Class;)V 2 9084 orig 264 8 110 36 98 0 0 0 0 88 171 8 14 0 0 0 0 160 1 0 0 0 0 0 0 0 0 0 0 0 0 0 0 0 0 0 0 0 0 0 0 0 0 0 0 0 0 0 0 0 0 0 0 0 0 0 0 0 0 0 0 0 0 0 0 0 0 0 0 0 0 0 0 0 0 0 0 0 0 0 0 77 68 79 32 101 120 116 114 97 32 100 97 116 97 32 108 111 99 107 0 0 0 0 0 0 0 0 0 0 0 0 0 0 0 0 0 0 0 0 0 0 0 0 0 0 0 0 0 0 0 0 0 0 0 0 0 0 0 0 0 0 0 0 0 0 0 0 0 0 0 0 0 0 0 0 0 0 0 0 0 0 0 0 0 0 0 0 0 0 0 0 0 0 0 0 0 0 0 0 0 0 0 0 0 0 0 0 0 0 0 0 0 0 0 0 0 0 0 0 0 0 0 0 0 0 0 0 0 0 0 0 0 0 0 0 0 245 0 0 0 57 20 1 0 1 0 0 0 0 0 0 0 0 0 0 0 2 0 0 0 0 0 0 0 0 0 0 0 80 0 0 0 255 255 255 255 2 0 1 0 0 0 0 0 data 10 0x10002 0x2287 0xa0002 0x2287 0x120005 0x0 0x8af66b0 0x2287 0x0 0x0 oops 1 6 java/lang/Class
ciMethodData org/gradle/model/internal/type/ModelType toWrappers ([Ljava/lang/reflect/Type;)[Lorg/gradle/model/internal/type/TypeWrapper; 2 3619 orig 264 8 110 36 98 0 0 0 0 120 73 8 14 0 0 0 0 224 1 0 0 0 0 0 0 0 0 0 0 0 0 0 0 0 0 0 0 0 0 0 0 0 0 0 0 0 0 0 0 0 0 0 0 0 0 0 0 0 0 0 0 0 0 0 0 0 0 0 0 0 0 0 0 0 0 0 0 0 0 0 0 77 68 79 32 101 120 116 114 97 32 100 97 116 97 32 108 111 99 107 0 0 0 0 0 0 0 0 0 0 0 0 0 0 0 0 0 0 0 0 0 0 0 0 0 0 0 0 0 0 0 0 0 0 0 0 0 0 0 0 0 0 0 0 0 0 0 0 0 0 0 0 0 0 0 0 0 0 0 0 0 0 0 0 0 0 0 0 0 0 0 0 0 0 0 0 0 0 0 0 0 0 0 0 0 17 0 0 0 0 0 0 0 0 0 0 0 0 0 0 0 1 0 0 0 0 0 0 0 0 0 0 0 0 0 0 0 13 0 0 0 177 112 0 0 89 112 0 0 0 0 0 0 0 0 0 0 2 0 0 0 1 0 8 0 2 0 0 0 152 0 0 0 255 255 255 255 7 0 2 0 0 0 0 0 data 19 0x20007 0xd07 0x20 0x10f 0x1e0007 0xd07 0x78 0xe0b 0x2e0002 0xe0b 0x310004 0x0 0xaa23500 0x84c 0xa411580 0x25f 0x350003 0xe0b 0xffffffffffffffa0 oops 2 12 org/gradle/model/internal/type/ClassTypeWrapper 14 org/gradle/model/internal/type/WildcardTypeWrapper
ciMethodData org/gradle/model/internal/type/ParameterizedTypeWrapper <init> ([Lorg/gradle/model/internal/type/TypeWrapper;Lorg/gradle/model/internal/type/ClassTypeWrapper;Lorg/gradle/model/internal/type/TypeWrapper;)V 1 924 orig 264 8 110 36 98 0 0 0 0 200 237 12 14 0 0 0 0 88 1 0 0 0 0 0 0 0 0 0 0 0 0 0 0 0 0 0 0 0 0 0 0 0 0 0 0 0 0 0 0 0 0 0 0 0 0 0 0 0 0 0 0 0 0 0 0 0 0 0 0 0 0 0 0 0 0 0 0 0 0 0 0 77 68 79 32 101 120 116 114 97 32 100 97 116 97 32 108 111 99 107 0 0 0 0 0 0 0 0 0 0 0 0 0 0 0 0 0 0 0 0 0 0 0 0 0 0 0 0 0 0 0 0 0 0 0 0 0 0 0 0 0 0 0 0 0 0 0 0 0 0 0 0 0 0 0 0 0 0 0 0 0 0 0 0 0 0 0 0 0 0 0 0 0 0 0 0 0 0 0 0 0 0 0 0 0 0 0 0 0 0 0 0 0 0 0 0 0 0 0 0 0 0 0 0 0 0 0 0 0 0 0 0 0 0 0 0 0 9 0 0 0 153 28 0 0 1 0 0 0 0 0 0 0 0 0 0 0 2 0 0 0 0 0 0 0 0 0 0 0 32 0 0 0 255 255 255 255 2 0 1 0 0 0 0 0 data 4 0x10002 0x393 0x180002 0x393 oops 0
ciMethodData org/gradle/model/internal/type/ParameterizedTypeWrapper hashCode ([Lorg/gradle/model/internal/type/TypeWrapper;Lorg/gradle/model/internal/type/ClassTypeWrapper;Lorg/gradle/model/internal/type/TypeWrapper;)I 1 1184 orig 264 8 110 36 98 0 0 0 0 40 239 12 14 0 0 0 0 72 2 0 0 0 0 0 0 0 0 0 0 0 0 0 0 0 0 0 0 0 0 0 0 0 0 0 0 0 0 0 0 0 0 0 0 0 0 0 0 0 0 0 0 0 0 0 0 0 0 0 0 0 0 0 0 0 0 0 0 0 0 0 0 77 68 79 32 101 120 116 114 97 32 100 97 116 97 32 108 111 99 107 0 0 0 0 0 0 0 0 0 0 0 0 0 0 0 0 0 0 0 0 0 0 0 0 0 0 0 0 0 0 0 0 0 0 0 0 0 0 0 0 0 0 0 0 0 0 0 0 0 0 0 0 0 0 0 0 0 0 0 0 0 0 0 0 0 0 0 0 0 0 0 0 0 0 0 0 0 0 0 0 0 0 0 0 0 0 0 0 0 0 0 0 0 0 0 0 0 0 0 0 0 0 0 0 0 0 0 0 0 0 0 0 0 0 0 0 0 9 0 0 0 153 28 0 0 185 36 0 0 0 0 0 0 0 0 0 0 2 0 0 0 1 0 9 0 2 0 0 0 232 0 0 0 255 255 255 255 5 0 1 0 0 0 0 0 data 29 0x10005 0x0 0xaa23500 0x393 0x0 0x0 0x150007 0x393 0x68 0x497 0x230005 0x14e 0xaa23500 0xea 0xa411580 0x25f 0x2c0003 0x497 0xffffffffffffffb0 0x300007 0x384 0x50 0xf 0x360005 0x0 0xaa23500 0xf 0x0 0x0 oops 4 2 org/gradle/model/internal/type/ClassTypeWrapper 12 org/gradle/model/internal/type/ClassTypeWrapper 14 org/gradle/model/internal/type/WildcardTypeWrapper 25 org/gradle/model/internal/type/ClassTypeWrapper
ciMethodData org/gradle/model/internal/type/WildcardTypeWrapper <init> ([Lorg/gradle/model/internal/type/TypeWrapper;[Lorg/gradle/model/internal/type/TypeWrapper;I)V 1 609 orig 264 8 110 36 98 0 0 0 0 0 8 13 14 0 0 0 0 72 1 0 0 0 0 0 0 0 0 0 0 0 0 0 0 0 0 0 0 0 0 0 0 0 0 0 0 0 0 0 0 0 0 0 0 0 0 0 0 0 0 0 0 0 0 0 0 0 0 0 0 0 0 0 0 0 0 0 0 0 0 0 0 77 68 79 32 101 120 116 114 97 32 100 97 116 97 32 108 111 99 107 0 0 0 0 0 0 0 0 0 0 0 0 0 0 0 0 0 0 0 0 0 0 0 0 0 0 0 0 0 0 0 0 0 0 0 0 0 0 0 0 0 0 0 0 0 0 0 0 0 0 0 0 0 0 0 0 0 0 0 0 0 0 0 0 0 0 0 0 0 0 0 0 0 0 0 0 0 0 0 0 0 0 0 0 0 1 0 0 0 0 0 0 0 0 0 0 0 0 0 0 0 1 0 0 0 0 0 0 0 0 0 0 0 0 0 0 0 2 0 0 0 249 18 0 0 1 0 0 0 0 0 0 0 0 0 0 0 2 0 0 0 0 0 0 0 0 0 0 0 16 0 0 0 255 255 255 255 2 0 1 0 0 0 0 0 data 2 0x10002 0x25f oops 0
ciMethodData org/gradle/model/internal/type/TypeVariableTypeWrapper <init> (Ljava/lang/String;[Lorg/gradle/model/internal/type/TypeWrapper;I)V 2 1481 orig 264 8 110 36 98 0 0 0 0 144 148 25 14 0 0 0 0 72 1 0 0 0 0 0 0 0 0 0 0 0 0 0 0 0 0 0 0 0 0 0 0 0 0 0 0 0 0 0 0 0 0 0 0 0 0 0 0 0 0 0 0 0 0 0 0 0 0 0 0 0 0 0 0 0 0 0 0 0 0 0 0 77 68 79 32 101 120 116 114 97 32 100 97 116 97 32 108 111 99 107 0 0 0 0 0 0 0 0 0 0 0 0 0 0 0 0 0 0 0 0 0 0 0 0 0 0 0 0 0 0 0 0 0 0 0 0 0 0 0 0 0 0 0 0 0 0 0 0 0 0 0 0 0 0 0 0 0 0 0 0 0 0 0 0 0 0 0 0 0 0 0 0 0 0 0 0 0 0 0 0 0 0 0 0 0 1 0 0 0 0 0 0 0 0 0 0 0 0 0 0 0 1 0 0 0 0 0 0 0 0 0 0 0 0 0 0 0 2 0 0 0 57 46 0 0 1 0 0 0 0 0 0 0 0 0 0 0 2 0 0 0 0 0 0 0 0 0 0 0 16 0 0 0 255 255 255 255 2 0 1 0 0 0 0 0 data 2 0x10002 0x5c7 oops 0
ciMethodData org/gradle/model/internal/type/ModelType <init> (Lorg/gradle/model/internal/type/TypeWrapper;Lorg/gradle/model/internal/type/ModelType$1;)V 2 7737 orig 264 8 110 36 98 0 0 0 0 112 75 8 14 0 0 0 0 64 1 0 0 0 0 0 0 0 0 0 0 0 0 0 0 0 0 0 0 0 0 0 0 0 0 0 0 0 0 0 0 0 0 0 0 0 0 0 0 0 0 0 0 0 0 0 0 0 0 0 0 0 0 0 0 0 0 0 0 0 0 0 0 77 68 79 32 101 120 116 114 97 32 100 97 116 97 32 108 111 99 107 0 0 0 0 0 0 0 0 0 0 0 0 0 0 0 0 0 0 0 0 0 0 0 0 0 0 0 0 0 0 0 0 0 0 0 0 0 0 0 0 0 0 0 0 0 0 0 0 0 0 0 0 0 0 0 0 0 0 0 0 0 0 0 0 0 0 0 0 0 0 0 0 0 0 0 0 0 0 0 0 0 0 0 0 0 0 0 0 0 0 0 0 0 0 0 0 0 0 0 0 0 0 0 0 0 0 0 0 0 0 0 0 0 0 0 0 0 7 1 0 0 145 233 0 0 1 0 0 0 0 0 0 0 0 0 0 0 2 0 0 0 0 0 3 0 2 0 0 0 16 0 0 0 255 255 255 255 2 0 2 0 0 0 0 0 data 2 0x20002 0x1d32 oops 0
ciMethodData org/gradle/model/internal/type/ModelType <init> (Lorg/gradle/model/internal/type/TypeWrapper;)V 2 7737 orig 264 8 110 36 98 0 0 0 0 0 49 8 14 0 0 0 0 56 1 0 0 0 0 0 0 0 0 0 0 0 0 0 0 0 0 0 0 0 0 0 0 0 0 0 0 0 0 0 0 0 0 0 0 0 0 0 0 0 0 0 0 0 0 0 0 0 0 0 0 0 0 0 0 0 0 0 0 0 0 0 0 77 68 79 32 101 120 116 114 97 32 100 97 116 97 32 108 111 99 107 0 0 0 0 0 0 0 0 0 0 0 0 0 0 0 0 0 0 0 0 0 0 0 0 0 0 0 0 0 0 0 0 0 0 0 0 0 0 0 0 0 0 0 0 0 0 0 0 0 0 0 0 0 0 0 0 0 0 0 0 0 0 0 0 0 0 0 0 0 0 0 0 0 0 0 0 0 0 0 0 0 0 0 0 0 0 0 0 0 0 0 0 0 0 0 0 0 0 0 0 0 0 0 0 0 0 0 0 0 0 0 0 0 0 0 0 0 7 1 0 0 145 233 0 0 1 0 0 0 0 0 0 0 0 0 0 0 2 0 0 0 0 0 3 0 2 0 0 0 16 0 0 0 255 255 255 255 2 0 1 0 0 0 0 0 data 2 0x10002 0x1d32 oops 0
ciMethodData org/gradle/model/internal/type/ModelType access$000 (Ljava/lang/reflect/Type;)Lorg/gradle/model/internal/type/TypeWrapper; 2 7686 orig 264 8 110 36 98 0 0 0 0 24 74 8 14 0 0 0 0 88 1 0 0 0 0 0 0 0 0 0 0 0 0 0 0 0 0 0 0 0 0 0 0 0 0 0 0 0 0 0 0 0 0 0 0 0 0 0 0 0 0 0 0 0 0 0 0 0 0 0 0 0 0 0 0 0 0 0 0 0 0 0 0 77 68 79 32 101 120 116 114 97 32 100 97 116 97 32 108 111 99 107 0 0 0 0 0 0 0 0 0 0 0 0 0 0 0 0 0 0 0 0 0 0 0 0 0 0 0 0 0 0 0 0 0 0 0 0 0 0 0 0 0 0 0 0 0 0 0 0 0 0 0 0 0 0 0 0 0 0 0 0 0 0 0 0 0 0 0 0 0 0 0 0 0 0 0 0 0 0 0 0 0 0 0 0 0 0 0 0 0 0 0 0 0 0 0 0 0 0 0 0 0 0 0 0 0 0 0 0 0 0 0 0 0 0 0 0 0 0 2 0 0 49 224 0 0 1 0 0 0 0 0 0 0 0 0 0 0 2 0 0 0 0 0 3 0 2 0 0 0 16 0 0 0 255 255 255 255 2 0 1 0 0 0 0 0 data 2 0x10002 0x1c06 oops 0
ciMethodData org/gradle/model/internal/type/ModelType$Simple <init> (Ljava/lang/reflect/Type;)V 2 7680 orig 264 8 110 36 98 0 0 0 0 80 150 8 14 0 0 0 0 112 1 0 0 0 0 0 0 0 0 0 0 0 0 0 0 0 0 0 0 0 0 0 0 0 0 0 0 0 0 0 0 0 0 0 0 0 0 0 0 0 0 0 0 0 0 0 0 0 0 0 0 0 0 0 0 0 0 0 0 0 0 0 0 77 68 79 32 101 120 116 114 97 32 100 97 116 97 32 108 111 99 107 0 0 0 0 0 0 0 0 0 0 0 0 0 0 0 0 0 0 0 0 0 0 0 0 0 0 0 0 0 0 0 0 0 0 0 0 0 0 0 0 0 0 0 0 0 0 0 0 0 0 0 0 0 0 0 0 0 0 0 0 0 0 0 0 0 0 0 0 0 0 0 0 0 0 0 0 0 0 0 0 0 0 0 0 0 0 0 0 0 0 0 0 0 0 0 0 0 0 0 0 0 0 0 0 0 0 0 0 0 0 0 0 0 0 0 0 0 0 2 0 0 1 224 0 0 1 0 0 0 0 0 0 0 0 0 0 0 2 0 0 0 0 0 3 0 2 0 0 0 32 0 0 0 255 255 255 255 2 0 2 0 0 0 0 0 data 4 0x20002 0x1c00 0x60002 0x1c00 oops 0
ciMethod org/gradle/model/internal/type/GenericArrayTypeWrapper <init> (Lorg/gradle/model/internal/type/TypeWrapper;I)V 561 1 70 0 0
instanceKlass JetGradlePlugin
instanceKlass org/jetbrains/plugins/gradle/model/BuildScriptClasspathModel
instanceKlass com/google/appengine/gradle/model/AppEngineModel
instanceKlass org/gradle/tooling/model/gradle/GradleBuild
instanceKlass org/gradle/tooling/model/BuildModel
instanceKlass com/android/builder/model/AndroidProject
instanceKlass org/jetbrains/plugins/gradle/model/ExternalProject
instanceKlass com/android/builder/model/NativeAndroidProject
instanceKlass org/gradle/tooling/model/DomainObjectSet
instanceKlass org/jetbrains/plugins/gradle/model/ExtIdeaCompilerOutput
instanceKlass org/jetbrains/plugins/gradle/model/ModuleExtendedModel
instanceKlass org/gradle/tooling/model/idea/IdeaModule
instanceKlass org/gradle/tooling/model/HasGradleProject
instanceKlass org/gradle/tooling/model/HierarchicalElement
instanceKlass org/gradle/tooling/model/Element
instanceKlass org/jetbrains/plugins/gradle/model/ModelsHolder
instanceKlass org/gradle/tooling/model/Model
instanceKlass org/jetbrains/plugins/gradle/model/ProjectImportAction
instanceKlass org/gradle/tooling/BuildAction
instanceKlass org/gradle/tooling/BuildController
instanceKlass org/gradle/tooling/internal/adapter/TargetTypeProvider
instanceKlass org/gradle/tooling/internal/consumer/connection/InternalBuildActionAdapter
instanceKlass org/gradle/internal/remote/internal/inet/SocketConnection$1
instanceKlass org/gradle/cache/internal/DefaultMultiProcessSafePersistentIndexedCache$4
instanceKlass com/google/protobuf/ByteString$CodedBuilder
instanceKlass com/google/wireless/android/play/playlog/proto/ClientAnalytics$LogEventKeyValuesOrBuilder
instanceKlass com/google/protobuf/ByteString$ArraysByteArrayCopier
instanceKlass com/google/protobuf/CodedInputStream
instanceKlass com/google/protobuf/Internal
instanceKlass com/google/protobuf/ByteString$ByteIterator
instanceKlass com/google/protobuf/ByteString$ByteArrayCopier
instanceKlass com/google/protobuf/ByteString
instanceKlass com/google/protobuf/SmallSortedMap$EmptySet$2
instanceKlass com/google/protobuf/SmallSortedMap$EmptySet$1
instanceKlass com/google/protobuf/SmallSortedMap$EmptySet
instanceKlass com/google/protobuf/LazyFieldLite
instanceKlass com/google/protobuf/FieldSet
instanceKlass com/google/wireless/android/play/playlog/proto/ClientAnalytics$NetworkConnectionInfoOrBuilder
instanceKlass com/google/wireless/android/play/playlog/proto/ClientAnalytics$AppUsage1pLogEventOrBuilder
instanceKlass com/google/wireless/android/play/playlog/proto/ClientAnalytics$ExperimentIdsOrBuilder
instanceKlass com/google/wireless/android/play/playlog/proto/ClientAnalytics$ActiveExperimentsOrBuilder
instanceKlass com/google/wireless/android/play/playlog/proto/ClientAnalytics$LogEventOrBuilder
instanceKlass com/google/protobuf/GeneratedMessageV3$ExtendableMessageOrBuilder
instanceKlass com/google/wireless/android/sdk/stats/AndroidStudioEvent$EventKind$1
instanceKlass com/google/wireless/android/sdk/stats/AndroidStudioEvent$EventCategory$1
instanceKlass com/google/wireless/android/sdk/stats/EmulatorHostOrBuilder
instanceKlass com/google/wireless/android/sdk/stats/InstantRunOrBuilder
instanceKlass com/google/wireless/android/sdk/stats/LldbPerformanceStatsOrBuilder
instanceKlass com/google/wireless/android/sdk/stats/JvmDetailsOrBuilder
instanceKlass com/google/wireless/android/sdk/stats/MachineDetailsOrBuilder
instanceKlass com/google/wireless/android/sdk/stats/LLDBFrontendDetailsOrBuilder
instanceKlass com/google/wireless/android/sdk/stats/HypervisorOrBuilder
instanceKlass com/google/wireless/android/sdk/stats/GradleBuildDetailsOrBuilder
instanceKlass com/google/wireless/android/sdk/stats/UIActionStatsOrBuilder
instanceKlass com/google/wireless/android/sdk/stats/FirebaseErrorDetailsOrBuilder
instanceKlass com/google/wireless/android/sdk/stats/EmulatorDetailsOrBuilder
instanceKlass com/google/wireless/android/sdk/stats/MetaMetricsOrBuilder
instanceKlass com/google/wireless/android/sdk/stats/TestRunOrBuilder
instanceKlass com/google/wireless/android/sdk/stats/TestRecorderDetailsOrBuilder
instanceKlass com/google/wireless/android/sdk/stats/EmulatorUiEventOrBuilder
instanceKlass com/google/wireless/android/sdk/stats/LayoutEditorEventOrBuilder
instanceKlass com/google/wireless/android/sdk/stats/StudioProjectChangeOrBuilder
instanceKlass com/google/wireless/android/sdk/stats/StudioCrashOrBuilder
instanceKlass com/google/wireless/android/sdk/stats/GfxTracingDetailsOrBuilder
instanceKlass com/google/wireless/android/sdk/stats/DeviceInfoOrBuilder
instanceKlass com/google/wireless/android/sdk/stats/ProductDetailsOrBuilder
instanceKlass com/google/wireless/android/sdk/stats/FirebaseContextDetailsOrBuilder
instanceKlass com/google/wireless/android/sdk/stats/StudioPerformanceStatsOrBuilder
instanceKlass com/google/wireless/android/sdk/stats/EmulatorPerformanceStatsOrBuilder
instanceKlass com/google/wireless/android/sdk/stats/AppLinksAssistantEventOrBuilder
instanceKlass com/google/wireless/android/sdk/stats/AndroidStudioEventOrBuilder
instanceKlass com/google/protobuf/Utf8$Processor
instanceKlass com/google/protobuf/Utf8
instanceKlass com/google/protobuf/WireFormat
instanceKlass com/google/protobuf/UnsafeUtil$1
instanceKlass com/google/protobuf/UnsafeUtil
instanceKlass com/google/protobuf/ByteOutput
instanceKlass com/google/common/cache/LocalCache$WriteThroughEntry
instanceKlass com/google/common/cache/LocalCache$HashIterator
instanceKlass org/apache/tools/ant/IntrospectionHelper$NestedCreator
instanceKlass org/apache/tools/ant/IntrospectionHelper$AttributeSetter
instanceKlass org/apache/tools/ant/IntrospectionHelper
instanceKlass com/android/dx/rop/code/RegisterSpec
instanceKlass com/android/dx/rop/type/TypeBearer
instanceKlass com/android/dx/util/ToHuman
instanceKlass com/android/dx/rop/type/Prototype
instanceKlass com/android/dx/cf/direct/ClassPathOpener$FileNameFilter
instanceKlass com/android/dx/cf/direct/ClassPathOpener$Consumer
instanceKlass com/android/dx/cf/direct/AttributeFactory
instanceKlass com/android/dx/command/dexer/Main
instanceKlass com/android/builder/internal/compiler/PreProcessCache$Key
instanceKlass com/android/builder/internal/compiler/PreProcessCache$BaseItem
instanceKlass com/android/builder/internal/compiler/PreProcessCache
instanceKlass com/android/build/gradle/BasePlugin$1$$Lambda$255
instanceKlass com/android/ide/common/util/JvmWideVariable$$Lambda$254
instanceKlass com/android/ide/common/util/JvmWideVariable$$Lambda$253
instanceKlass com/android/ide/common/internal/ExecutorSingleton$$Lambda$252
instanceKlass java/lang/invoke/LambdaForm$DMH
instanceKlass com/android/ide/common/util/JvmWideVariable$ValueWrapper
instanceKlass com/android/ide/common/util/JvmWideVariable$ValueWrapperMBean
instanceKlass com/google/common/reflect/TypeCapture
instanceKlass com/android/ide/common/util/JvmWideVariable
instanceKlass com/android/ide/common/internal/ExecutorSingleton
instanceKlass com/google/common/collect/ImmutableSet$SerializedForm
instanceKlass com/google/common/collect/ImmutableMap$SerializedForm
instanceKlass com/google/common/collect/ImmutableList$SerializedForm
instanceKlass org/gradle/tooling/internal/provider/serialization/WellKnownClassLoaderRegistry$1
instanceKlass org/gradle/tooling/internal/provider/serialization/DefaultPayloadClassLoaderRegistry$1
instanceKlass org/gradle/tooling/internal/provider/BuildActionResult
instanceKlass com/android/builder/model/NativeSettings
instanceKlass com/android/builder/model/NativeArtifact
instanceKlass com/android/build/gradle/internal/ide/NativeModelBuilder$NativeAndroidProjectBuilder
instanceKlass com/android/builder/model/SyncIssue
instanceKlass com/android/builder/model/BuildType
instanceKlass com/android/builder/model/BuildTypeContainer
instanceKlass com/android/builder/model/NativeToolchain
instanceKlass com/android/builder/model/ArtifactMetaData
instanceKlass com/android/builder/model/SourceProviderContainer
instanceKlass com/android/builder/model/TestedTargetVariant
instanceKlass com/android/builder/model/JavaArtifact
instanceKlass com/android/builder/model/NativeLibrary
instanceKlass com/android/build/FilterData
instanceKlass com/android/build/OutputFile
instanceKlass com/android/builder/model/AndroidArtifactOutput
instanceKlass com/android/build/VariantOutput
instanceKlass com/android/builder/model/InstantRun
instanceKlass com/android/builder/model/level2/GraphItem
instanceKlass com/android/builder/model/JavaLibrary
instanceKlass com/android/builder/model/AndroidLibrary
instanceKlass com/android/builder/model/MavenCoordinates
instanceKlass com/android/builder/model/AndroidAtom
instanceKlass com/android/builder/model/AndroidBundle
instanceKlass com/android/builder/model/Library
instanceKlass com/android/builder/model/SourceProvider
instanceKlass com/android/builder/model/level2/DependencyGraphs
instanceKlass com/android/builder/model/Dependencies
instanceKlass com/android/builder/model/VectorDrawablesOptions
instanceKlass com/android/builder/model/SigningConfig
instanceKlass com/android/builder/model/ApiVersion
instanceKlass com/android/builder/model/ClassField
instanceKlass com/android/builder/model/AndroidArtifact
instanceKlass com/android/builder/model/BaseArtifact
instanceKlass com/android/builder/model/ProductFlavor
instanceKlass com/android/builder/model/DimensionAware
instanceKlass com/android/builder/model/BaseConfig
instanceKlass com/android/builder/model/Variant
instanceKlass com/android/builder/model/LintOptions
instanceKlass com/android/builder/model/ProductFlavorContainer
instanceKlass com/android/builder/model/AaptOptions
instanceKlass com/android/builder/model/JavaCompileOptions
instanceKlass com/android/build/gradle/internal/ide/DefaultJavaCompileOptions
instanceKlass com/android/build/gradle/internal/ide/ModelBuilder$$Lambda$251
instanceKlass com/android/build/gradle/internal/ide/ModelBuilder$$Lambda$250
instanceKlass com/android/build/gradle/internal/ide/ModelBuilder$$Lambda$249
instanceKlass com/android/build/gradle/internal/ide/SigningConfigImpl
instanceKlass com/android/builder/model/JavaCompileOptions
instanceKlass com/android/build/gradle/internal/ide/DefaultAndroidProject
instanceKlass com/android/build/gradle/internal/ide/ModelBuilder$$Lambda$248
instanceKlass com/android/build/gradle/internal/ide/VariantImpl
instanceKlass com/android/build/gradle/internal/ide/ModelBuilder$1
instanceKlass com/android/build/gradle/internal/ide/ModelBuilder$$Lambda$247
instanceKlass com/android/builder/model/JavaArtifact
instanceKlass org/gradle/api/internal/project/taskfactory/TaskPropertyInfo$5
instanceKlass org/gradle/api/internal/project/taskfactory/TaskPropertyInfo$4
instanceKlass org/gradle/api/internal/tasks/DefaultTaskOutputs$5
instanceKlass org/gradle/api/internal/tasks/TaskPropertyUtils
instanceKlass com/android/build/gradle/internal/ide/BaseArtifactImpl
instanceKlass com/android/build/gradle/internal/ide/DependenciesConverter$$Lambda$246
instanceKlass com/android/build/gradle/internal/dependency/DependencyContainerImpl$$Lambda$245
instanceKlass com/android/build/gradle/internal/dependency/DependencyContainerImpl$$Lambda$244
instanceKlass com/android/build/gradle/internal/dependency/DependencyContainerImpl$$Lambda$243
instanceKlass com/android/ide/common/caching/CreatingCache$1
instanceKlass com/android/ide/common/caching/CreatingCache$ValueState
instanceKlass com/android/build/gradle/internal/ide/DependenciesConverter$1
instanceKlass com/android/build/gradle/internal/ide/DependenciesConverter$$Lambda$242
instanceKlass com/android/build/gradle/internal/ide/DependenciesConverter$$Lambda$241
instanceKlass com/android/build/gradle/internal/ide/DependenciesConverter$DependencyItemFactory
instanceKlass com/android/build/gradle/internal/incremental/BuildInfoWriterTask$ConfigAction
instanceKlass com/android/build/gradle/internal/ide/InstantRunImpl
instanceKlass com/android/build/gradle/internal/ide/AndroidArtifactOutputImpl
instanceKlass com/android/builder/model/AndroidArtifactOutput
instanceKlass com/android/build/gradle/internal/ide/OutputFileImpl
instanceKlass com/android/build/gradle/internal/ide/ModelBuilder$SourceProviders
instanceKlass com/android/build/gradle/internal/ide/BuildTypeContainerImpl
instanceKlass com/android/builder/model/BuildTypeContainer
instanceKlass com/android/build/gradle/internal/ide/ApiVersionImpl
instanceKlass com/android/build/gradle/internal/ide/BaseConfigImpl
instanceKlass com/android/build/gradle/internal/ide/SourceProviderImpl
instanceKlass com/android/build/gradle/internal/ide/SourceProviderContainerImpl$$Lambda$240
instanceKlass com/android/build/gradle/internal/ide/SourceProviderContainerImpl
instanceKlass com/android/builder/model/SourceProviderContainer
instanceKlass com/android/build/gradle/internal/ide/ProductFlavorContainerImpl
instanceKlass com/android/builder/model/ProductFlavorContainer
instanceKlass com/android/build/gradle/internal/ide/NativeToolchainImpl
instanceKlass com/android/builder/model/NativeToolchain
instanceKlass com/android/build/gradle/internal/ide/AaptOptionsImpl
instanceKlass com/android/build/gradle/internal/ide/ArtifactMetaDataImpl
instanceKlass com/android/builder/model/ArtifactMetaData
instanceKlass com/android/builder/model/NativeAndroidProject
instanceKlass com/android/builder/model/level2/GlobalLibraryMap
instanceKlass java/lang/reflect/WeakCache$LookupValue
instanceKlass org/jetbrains/plugins/gradle/model/ExtIdeaContentRoot
instanceKlass org/jetbrains/plugins/gradle/tooling/internal/IdeaContentRootImpl
instanceKlass org/jetbrains/plugins/gradle/model/ExtIdeaContentRoot
